2024-03-09 10:39:00,842 [INFO] Activator:176 - 


2024-03-09 10:39:00,855 [INFO] Activator:177 - !SESSION log4j initialized
2024-03-09 10:39:13,090 [INFO] LogOutputStream:77 - [STDOUT_REDIRECT] 
2024-03-09 10:39:26,550 [INFO] ApplicationProperties:184 - Using Application install path: C:\Program Files\STM32CubeIDE_1.14.1\STM32CubeIDE\plugins\com.st.stm32cube.common.mx_6.10.0.202311202037
2024-03-09 10:39:26,610 [INFO] DbMcusXml:78 - Set database path to: C:\Program Files\STM32CubeIDE_1.14.1\STM32CubeIDE\plugins\com.st.stm32cube.common.mx_6.10.0.202311202037\\db\/mcu/
2024-03-09 10:39:26,611 [INFO] ApiDb:274 - Set plugin database path to: C:\Program Files\STM32CubeIDE_1.14.1\STM32CubeIDE\plugins\com.st.stm32cube.common.mx_6.10.0.202311202037\\db\/plugins/boardmanager/
2024-03-09 10:39:26,612 [WARN] ApiDb:259 - Overriding images path with different value:  => C:\Program Files\STM32CubeIDE_1.14.1\STM32CubeIDE\plugins\com.st.stm32cube.common.mx_6.10.0.202311202037\\db\/plugins/mcufinder/images/
2024-03-09 10:39:26,640 [INFO] ApiDb:250 - Set database path to: C:\Users\Daniel\.stmcufinder\plugins\mcufinder//mcu/
2024-03-09 10:39:26,643 [INFO] DbMcusAds:125 - Set database path to: C:\Users\Daniel\.stmcufinder\plugins\mcufinder//mcu/
2024-03-09 10:39:26,647 [INFO] CrossReferenceDbSqlite:203 - Set database path to: C:\Users\Daniel\.stmcufinder\plugins\mcufinder//mcu/cs/
2024-03-09 10:39:26,914 [INFO] RulesReader:64 - Compatibility file has been processed (297 Rules)
2024-03-09 10:39:27,165 [INFO] DbMcusXml:78 - Set database path to: C:\Program Files\STM32CubeIDE_1.14.1\STM32CubeIDE\plugins\com.st.stm32cube.common.mx_6.10.0.202311202037\\db\/mcu/
2024-03-09 10:39:27,165 [INFO] ApiDb:274 - Set plugin database path to: C:\Program Files\STM32CubeIDE_1.14.1\STM32CubeIDE\plugins\com.st.stm32cube.common.mx_6.10.0.202311202037\\db\/plugins/boardmanager/
2024-03-09 10:39:27,165 [INFO] ApiDb:261 - Set plugin images path to: C:\Program Files\STM32CubeIDE_1.14.1\STM32CubeIDE\plugins\com.st.stm32cube.common.mx_6.10.0.202311202037\\db\/plugins/mcufinder/images/
2024-03-09 10:39:27,166 [WARN] DbFile:41 - Overriding database path with different value: C:\Users\Daniel\.stmcufinder\plugins\mcufinder/ => C:\Users\Daniel\.stmcufinder\plugins\mcufinder
2024-03-09 10:39:27,166 [INFO] ApiDb:250 - Set database path to: C:\Users\Daniel\.stmcufinder\plugins\mcufinder//mcu/
2024-03-09 10:39:27,166 [WARN] DbFile:41 - Overriding database path with different value: C:\Users\Daniel\.stmcufinder\plugins\mcufinder/ => C:\Users\Daniel\.stmcufinder\plugins\mcufinder
2024-03-09 10:39:27,166 [INFO] DbMcusAds:125 - Set database path to: C:\Users\Daniel\.stmcufinder\plugins\mcufinder//mcu/
2024-03-09 10:39:27,166 [WARN] DbFile:41 - Overriding database path with different value: C:\Users\Daniel\.stmcufinder\plugins\mcufinder/ => C:\Users\Daniel\.stmcufinder\plugins\mcufinder
2024-03-09 10:39:27,167 [WARN] DbFile:41 - Overriding database path with different value: C:\Users\Daniel\.stmcufinder\plugins\mcufinder/ => C:\Users\Daniel\.stmcufinder\plugins\mcufinder
2024-03-09 10:39:27,167 [INFO] CrossReferenceDbSqlite:203 - Set database path to: C:\Users\Daniel\.stmcufinder\plugins\mcufinder//mcu/cs/
2024-03-09 10:39:27,395 [INFO] MainPanel:264 - HeapMemory: 268435456
2024-03-09 10:39:27,777 [INFO] DbMcusXml:78 - Set database path to: C:\Program Files\STM32CubeIDE_1.14.1\STM32CubeIDE\plugins\com.st.stm32cube.common.mx_6.10.0.202311202037\\db\/mcu/
2024-03-09 10:39:27,777 [INFO] ApiDb:274 - Set plugin database path to: C:\Program Files\STM32CubeIDE_1.14.1\STM32CubeIDE\plugins\com.st.stm32cube.common.mx_6.10.0.202311202037\\db\/plugins/boardmanager/
2024-03-09 10:39:27,778 [INFO] ApiDb:261 - Set plugin images path to: C:\Program Files\STM32CubeIDE_1.14.1\STM32CubeIDE\plugins\com.st.stm32cube.common.mx_6.10.0.202311202037\\db\/plugins/mcufinder/images/
2024-03-09 10:39:27,778 [WARN] DbFile:41 - Overriding database path with different value: C:\Users\Daniel\.stmcufinder\plugins\mcufinder/ => C:\Users\Daniel\.stmcufinder\plugins\mcufinder
2024-03-09 10:39:27,779 [INFO] ApiDb:250 - Set database path to: C:\Users\Daniel\.stmcufinder\plugins\mcufinder//mcu/
2024-03-09 10:39:27,779 [WARN] DbFile:41 - Overriding database path with different value: C:\Users\Daniel\.stmcufinder\plugins\mcufinder/ => C:\Users\Daniel\.stmcufinder\plugins\mcufinder
2024-03-09 10:39:27,779 [INFO] DbMcusAds:125 - Set database path to: C:\Users\Daniel\.stmcufinder\plugins\mcufinder//mcu/
2024-03-09 10:39:27,779 [WARN] DbFile:41 - Overriding database path with different value: C:\Users\Daniel\.stmcufinder\plugins\mcufinder/ => C:\Users\Daniel\.stmcufinder\plugins\mcufinder
2024-03-09 10:39:27,779 [WARN] DbFile:41 - Overriding database path with different value: C:\Users\Daniel\.stmcufinder\plugins\mcufinder/ => C:\Users\Daniel\.stmcufinder\plugins\mcufinder
2024-03-09 10:39:27,779 [INFO] CrossReferenceDbSqlite:203 - Set database path to: C:\Users\Daniel\.stmcufinder\plugins\mcufinder//mcu/cs/
2024-03-09 10:39:27,839 [INFO] ApplicationProperties:184 - Using Application install path: C:\Program Files\STM32CubeIDE_1.14.1\STM32CubeIDE\plugins\com.st.stm32cube.common.mx_6.10.0.202311202037
2024-03-09 10:39:27,844 [INFO] PluginManage:196 - Search for loadable plugins [exclusion list=, ]
2024-03-09 10:39:27,848 [INFO] PluginManage:310 - Check plugin analytics
2024-03-09 10:39:28,232 [INFO] AnalyticsPlugin:253 - Accepted Software Licenses: 
2024-03-09 10:39:28,233 [INFO] AnalyticsPlugin:255 - Accepted CMSIS Pack Licenses: 
2024-03-09 10:39:28,233 [INFO] AnalyticsPlugin:257 - Accepted Firmware Licenses: 
2024-03-09 10:39:28,238 [INFO] PluginManage:359 - Loaded plugin analytics (category:tool,tabindex:-1)
2024-03-09 10:39:28,239 [INFO] PluginManage:310 - Check plugin cadmodel
2024-03-09 10:39:28,266 [INFO] CADModel:105 - Init CAD model plugin
2024-03-09 10:39:28,266 [INFO] PluginManage:359 - Loaded plugin cadmodel (category:power,tabindex:5)
2024-03-09 10:39:28,266 [INFO] PluginManage:310 - Check plugin clock
2024-03-09 10:39:28,315 [INFO] PluginManage:359 - Loaded plugin clock (category:base,tabindex:2)
2024-03-09 10:39:28,315 [INFO] PluginManage:310 - Check plugin ddr
2024-03-09 10:39:28,321 [INFO] PluginManage:359 - Loaded plugin ddr (category:tool,tabindex:6)
2024-03-09 10:39:28,321 [INFO] PluginManage:310 - Check plugin filemanager
2024-03-09 10:39:28,605 [INFO] PluginManage:359 - Loaded plugin filemanager (category:base,tabindex:10)
2024-03-09 10:39:28,606 [INFO] PluginManage:310 - Check plugin ipmanager
2024-03-09 10:39:28,622 [INFO] PluginManage:359 - Loaded plugin ipmanager (category:base,tabindex:5)
2024-03-09 10:39:28,622 [INFO] PluginManage:310 - Check plugin lpbam
2024-03-09 10:39:28,658 [INFO] PluginManage:359 - Loaded plugin lpbam (category:base,tabindex:0)
2024-03-09 10:39:28,659 [INFO] PluginManage:310 - Check plugin memorymap
2024-03-09 10:39:28,718 [INFO] PluginManage:359 - Loaded plugin memorymap (category:base,tabindex:4)
2024-03-09 10:39:28,718 [INFO] PluginManage:310 - Check plugin pinoutandconfiguration
2024-03-09 10:39:28,749 [INFO] PluginManage:359 - Loaded plugin pinoutandconfiguration (category:base,tabindex:1)
2024-03-09 10:39:28,749 [INFO] PluginManage:310 - Check plugin pinoutconfig
2024-03-09 10:39:28,955 [WARN] SupportedApi:132 - Cannot load RTOS API schema: s4s-elt-must-match.1: The content of 'definitions' must match (annotation?, (simpleType | complexType)?, (unique | key | keyref)*)). A problem was found starting at: attribute.
2024-03-09 10:39:29,255 [INFO] PluginManage:359 - Loaded plugin pinoutconfig (category:base,tabindex:0)
2024-03-09 10:39:29,256 [INFO] PluginManage:310 - Check plugin power
2024-03-09 10:39:29,304 [INFO] PluginManage:359 - Loaded plugin power (category:power,tabindex:4)
2024-03-09 10:39:29,304 [INFO] PluginManage:310 - Check plugin projectmanager
2024-03-09 10:39:29,336 [INFO] PluginManage:359 - Loaded plugin projectmanager (category:projectmanager,tabindex:3)
2024-03-09 10:39:29,337 [INFO] PluginManage:310 - Check plugin thirdparty
2024-03-09 10:39:29,853 [INFO] PluginManage:359 - Loaded plugin thirdparty (category:base,tabindex:-1)
2024-03-09 10:39:29,853 [WARN] IntegrityCheckThread:84 - waiting for thirdparty lock release [integrity check]
2024-03-09 10:39:29,854 [INFO] IntegrityCheckThread:86 - entering critical section [integrity check]
2024-03-09 10:39:29,854 [INFO] PluginManage:310 - Check plugin tools
2024-03-09 10:39:29,854 [INFO] ThirdPartyUpdaterWithRetryManager:70 - Updater plugin not ready yet. [1/15]
2024-03-09 10:39:29,908 [INFO] PluginManage:359 - Loaded plugin tools (category:base,tabindex:7)
2024-03-09 10:39:29,908 [INFO] PluginManage:310 - Check plugin tutovideos
2024-03-09 10:39:30,385 [INFO] PluginManage:359 - Loaded plugin tutovideos (category:base,tabindex:-1)
2024-03-09 10:39:30,386 [INFO] PluginManage:310 - Check plugin updater
2024-03-09 10:39:30,417 [INFO] PluginManage:359 - Loaded plugin updater (category:base,tabindex:12)
2024-03-09 10:39:30,418 [INFO] PluginManage:310 - Check plugin userauth
2024-03-09 10:39:30,431 [INFO] UserAuth:114 - Init User Auth plugin
2024-03-09 10:39:30,431 [INFO] PluginManage:359 - Loaded plugin userauth (category:base,tabindex:14)
2024-03-09 10:39:30,432 [INFO] PluginManage:283 - PluginManage : Loaded plugins [17]
2024-03-09 10:39:31,020 [INFO] PinOutPanel:1499 - setPackage(No Configuration,No Configuration)
2024-03-09 10:39:31,205 [INFO] CADModel:165 - CPN selected for project level
2024-03-09 10:39:31,205 [INFO] CADModel:114 - Register for checkConnection events
2024-03-09 10:39:31,259 [INFO] IPUIPlugin:80 - create IPUIPlugin
2024-03-09 10:39:31,259 [INFO] PluginManager:220 - loadIPPluginJar : add adc
2024-03-09 10:39:31,313 [INFO] IPUIPlugin:80 - create IPUIPlugin
2024-03-09 10:39:31,313 [INFO] PluginManager:220 - loadIPPluginJar : add aes
2024-03-09 10:39:31,374 [INFO] IPUIPlugin:80 - create IPUIPlugin
2024-03-09 10:39:31,374 [INFO] PluginManager:220 - loadIPPluginJar : add can
2024-03-09 10:39:31,407 [INFO] IPUIPlugin:80 - create IPUIPlugin
2024-03-09 10:39:31,408 [INFO] PluginManager:220 - loadIPPluginJar : add comp
2024-03-09 10:39:31,457 [INFO] IPUIPlugin:80 - create IPUIPlugin
2024-03-09 10:39:31,457 [INFO] PluginManager:220 - loadIPPluginJar : add cryp
2024-03-09 10:39:31,501 [INFO] IPUIPlugin:80 - create IPUIPlugin
2024-03-09 10:39:31,501 [INFO] PluginManager:220 - loadIPPluginJar : add dfsdm
2024-03-09 10:39:31,526 [INFO] IPUIPlugin:80 - create IPUIPlugin
2024-03-09 10:39:31,526 [INFO] PluginManager:220 - loadIPPluginJar : add dma
2024-03-09 10:39:31,594 [INFO] IPUIPlugin:80 - create IPUIPlugin
2024-03-09 10:39:31,595 [INFO] PluginManager:220 - loadIPPluginJar : add dma3
2024-03-09 10:39:31,626 [INFO] IPUIPlugin:80 - create IPUIPlugin
2024-03-09 10:39:31,626 [INFO] PluginManager:220 - loadIPPluginJar : add fatfs
2024-03-09 10:39:31,698 [INFO] IPUIPlugin:80 - create IPUIPlugin
2024-03-09 10:39:31,698 [INFO] PluginManager:220 - loadIPPluginJar : add fmc
2024-03-09 10:39:31,729 [INFO] IPUIPlugin:80 - create IPUIPlugin
2024-03-09 10:39:31,730 [INFO] PluginManager:220 - loadIPPluginJar : add freertos
2024-03-09 10:39:31,764 [INFO] IPUIPlugin:80 - create IPUIPlugin
2024-03-09 10:39:31,764 [INFO] PluginManager:220 - loadIPPluginJar : add genericplugin
2024-03-09 10:39:31,907 [INFO] IPUIPlugin:80 - create IPUIPlugin
2024-03-09 10:39:31,907 [INFO] PluginManager:220 - loadIPPluginJar : add gfxmmu
2024-03-09 10:39:32,111 [INFO] IPUIPlugin:80 - create IPUIPlugin
2024-03-09 10:39:32,111 [INFO] PluginManager:220 - loadIPPluginJar : add gic
2024-03-09 10:39:32,136 [INFO] IPUIPlugin:80 - create IPUIPlugin
2024-03-09 10:39:32,136 [INFO] PluginManager:220 - loadIPPluginJar : add gpio
2024-03-09 10:39:32,272 [INFO] IPUIPlugin:80 - create IPUIPlugin
2024-03-09 10:39:32,272 [INFO] PluginManager:220 - loadIPPluginJar : add gtzc
2024-03-09 10:39:32,320 [INFO] IPUIPlugin:80 - create IPUIPlugin
2024-03-09 10:39:32,321 [INFO] PluginManager:220 - loadIPPluginJar : add hash
2024-03-09 10:39:32,398 [INFO] IPUIPlugin:80 - create IPUIPlugin
2024-03-09 10:39:32,398 [INFO] PluginManager:220 - loadIPPluginJar : add i2c
2024-03-09 10:39:32,456 [INFO] IPUIPlugin:80 - create IPUIPlugin
2024-03-09 10:39:32,456 [INFO] PluginManager:220 - loadIPPluginJar : add i2s
2024-03-09 10:39:32,516 [INFO] IPUIPlugin:80 - create IPUIPlugin
2024-03-09 10:39:32,517 [INFO] PluginManager:220 - loadIPPluginJar : add i3c
2024-03-09 10:39:32,677 [INFO] IPUIPlugin:80 - create IPUIPlugin
2024-03-09 10:39:32,678 [INFO] PluginManager:220 - loadIPPluginJar : add ipddr
2024-03-09 10:39:32,817 [INFO] IPUIPlugin:80 - create IPUIPlugin
2024-03-09 10:39:32,818 [INFO] PluginManager:220 - loadIPPluginJar : add linkedlist
2024-03-09 10:39:32,855 [INFO] ThirdPartyUpdaterWithRetryManager:70 - Updater plugin not ready yet. [2/15]
2024-03-09 10:39:32,872 [INFO] IPUIPlugin:80 - create IPUIPlugin
2024-03-09 10:39:32,872 [INFO] PluginManager:220 - loadIPPluginJar : add lorawan
2024-03-09 10:39:32,928 [INFO] IPUIPlugin:80 - create IPUIPlugin
2024-03-09 10:39:32,928 [INFO] PluginManager:220 - loadIPPluginJar : add ltdc
2024-03-09 10:39:32,955 [INFO] IPUIPlugin:80 - create IPUIPlugin
2024-03-09 10:39:32,955 [INFO] PluginManager:220 - loadIPPluginJar : add mdma
2024-03-09 10:39:32,975 [INFO] IPUIPlugin:80 - create IPUIPlugin
2024-03-09 10:39:32,976 [INFO] PluginManager:220 - loadIPPluginJar : add nvic
2024-03-09 10:39:33,031 [INFO] IPUIPlugin:80 - create IPUIPlugin
2024-03-09 10:39:33,031 [INFO] PluginManager:220 - loadIPPluginJar : add opamp
2024-03-09 10:39:33,121 [INFO] IPUIPlugin:80 - create IPUIPlugin
2024-03-09 10:39:33,121 [INFO] PluginManager:220 - loadIPPluginJar : add openamp
2024-03-09 10:39:33,186 [INFO] IPUIPlugin:80 - create IPUIPlugin
2024-03-09 10:39:33,186 [INFO] PluginManager:220 - loadIPPluginJar : add pdm2pcm
2024-03-09 10:39:33,211 [INFO] IPUIPlugin:80 - create IPUIPlugin
2024-03-09 10:39:33,215 [INFO] PluginManager:220 - loadIPPluginJar : add plateformsettings
2024-03-09 10:39:33,248 [INFO] IPUIPlugin:80 - create IPUIPlugin
2024-03-09 10:39:33,249 [INFO] PluginManager:220 - loadIPPluginJar : add quadspi
2024-03-09 10:39:33,271 [INFO] IPUIPlugin:80 - create IPUIPlugin
2024-03-09 10:39:33,271 [INFO] PluginManager:220 - loadIPPluginJar : add resmgrutility
2024-03-09 10:39:33,342 [INFO] IPUIPlugin:80 - create IPUIPlugin
2024-03-09 10:39:33,342 [INFO] PluginManager:220 - loadIPPluginJar : add sai
2024-03-09 10:39:33,397 [INFO] IPUIPlugin:80 - create IPUIPlugin
2024-03-09 10:39:33,397 [INFO] PluginManager:220 - loadIPPluginJar : add spi
2024-03-09 10:39:33,501 [INFO] IPUIPlugin:80 - create IPUIPlugin
2024-03-09 10:39:33,501 [INFO] PluginManager:220 - loadIPPluginJar : add stm32_wpan
2024-03-09 10:39:33,535 [INFO] IPUIPlugin:80 - create IPUIPlugin
2024-03-09 10:39:33,535 [INFO] PluginManager:220 - loadIPPluginJar : add tim
2024-03-09 10:39:33,618 [INFO] IPUIPlugin:80 - create IPUIPlugin
2024-03-09 10:39:33,618 [INFO] PluginManager:220 - loadIPPluginJar : add touchsensing
2024-03-09 10:39:33,655 [INFO] IPUIPlugin:80 - create IPUIPlugin
2024-03-09 10:39:33,655 [INFO] PluginManager:220 - loadIPPluginJar : add tracer_emb
2024-03-09 10:39:33,692 [INFO] IPUIPlugin:80 - create IPUIPlugin
2024-03-09 10:39:33,692 [INFO] PluginManager:220 - loadIPPluginJar : add ts
2024-03-09 10:39:33,725 [INFO] IPUIPlugin:80 - create IPUIPlugin
2024-03-09 10:39:33,725 [INFO] PluginManager:220 - loadIPPluginJar : add tsc
2024-03-09 10:39:33,761 [INFO] IPUIPlugin:80 - create IPUIPlugin
2024-03-09 10:39:33,761 [INFO] PluginManager:220 - loadIPPluginJar : add ucpd
2024-03-09 10:39:33,830 [INFO] IPUIPlugin:80 - create IPUIPlugin
2024-03-09 10:39:33,830 [INFO] PluginManager:220 - loadIPPluginJar : add usart
2024-03-09 10:39:33,896 [INFO] IPUIPlugin:80 - create IPUIPlugin
2024-03-09 10:39:33,896 [INFO] PluginManager:220 - loadIPPluginJar : add usbx
2024-03-09 10:39:34,093 [INFO] CADModel:165 - CPN selected for project level
2024-03-09 10:39:34,093 [INFO] CADModel:114 - Register for checkConnection events
2024-03-09 10:39:34,094 [FATAL] Updater:308 - Updater called before beeing initialized
2024-03-09 10:39:34,095 [ERROR] CADModel:125 - Updater not yet initialized, retry later 
2024-03-09 10:39:34,516 [INFO] CADModel:165 - CPN selected for project level
2024-03-09 10:39:34,516 [INFO] CADModel:114 - Register for checkConnection events
2024-03-09 10:39:34,516 [FATAL] Updater:308 - Updater called before beeing initialized
2024-03-09 10:39:34,516 [ERROR] CADModel:125 - Updater not yet initialized, retry later 
2024-03-09 10:39:34,523 [FATAL] Updater:308 - Updater called before beeing initialized
2024-03-09 10:39:34,780 [FATAL] Updater:308 - Updater called before beeing initialized
2024-03-09 10:39:34,794 [INFO] DbMcusAds:53 - JSON generation date=Wed Nov 29 11:52:27 CET 2023 (1701255147349)
2024-03-09 10:39:34,795 [FATAL] Updater:308 - Updater called before beeing initialized
2024-03-09 10:39:34,960 [WARN] DetailPanel:346 - Failed to get advertising image, set to default
2024-03-09 10:39:35,152 [FATAL] Updater:308 - Updater called before beeing initialized
2024-03-09 10:39:35,157 [FATAL] Updater:308 - Updater called before beeing initialized
2024-03-09 10:39:35,157 [FATAL] Updater:308 - Updater called before beeing initialized
2024-03-09 10:39:35,158 [WARN] DetailPanel:346 - Failed to get advertising image, set to default
2024-03-09 10:39:35,159 [FATAL] Updater:308 - Updater called before beeing initialized
2024-03-09 10:39:35,271 [ERROR] Updater:1120 - MainUpdater not yet initialized. External WinMGr cannot be set.
2024-03-09 10:39:35,286 [INFO] Updater:1056 - Updater Version found : 6.10.0
2024-03-09 10:39:35,329 [INFO] ApplicationProperties:184 - Using Application install path: C:\Program Files\STM32CubeIDE_1.14.1\STM32CubeIDE\plugins\com.st.stm32cube.common.mx_6.10.0.202311202037
2024-03-09 10:39:35,856 [INFO] ThirdPartyUpdaterWithRetryManager:70 - Updater plugin not ready yet. [3/15]
2024-03-09 10:39:36,944 [ERROR] LogOutputStream:75 - [STDERR_REDIRECT] Mar 09, 2024 10:39:36 AM java.util.prefs.WindowsPreferences <init>
2024-03-09 10:39:36,949 [ERROR] LogOutputStream:75 - [STDERR_REDIRECT] WARNING: Could not open/create prefs root node Software\JavaSoft\Prefs at root 0xffffffff80000002. Windows RegCreateKeyEx(...) returned error code 5.
2024-03-09 10:39:36,949 [ERROR] LogOutputStream:75 - [STDERR_REDIRECT] 
2024-03-09 10:39:37,788 [INFO] MainUpdater:2873 - connection check result : 10
2024-03-09 10:39:37,790 [INFO] MainUpdater:290 - Updater Check For Update Now.
2024-03-09 10:39:37,791 [INFO] MicroXplorer:498 - Change Database Version : DB.6.0.100
2024-03-09 10:39:37,830 [INFO] McuFinderGlobals:63 - Set McuFinder mode to 2 (CubeIDE integrated)
2024-03-09 10:39:37,861 [INFO] UserAuth:404 - Internet connection configuration mode: 1
2024-03-09 10:39:37,969 [INFO] JxBrowserEngine:152 - Initiate JxBrowser Engine with user profile folder
2024-03-09 10:39:38,094 [INFO] CheckServerUpdateThread:120 - End of CheckServer Thread
2024-03-09 10:39:39,308 [WARN] PackLoader:240 - Cannot read IP mode file for STMicroelectronics.X-CUBE-SMBUS.2.1.0
2024-03-09 10:39:39,336 [WARN] PackLoader:240 - Cannot read IP mode file for STMicroelectronics.X-CUBE-TOUCHGFX.4.23.0
2024-03-09 10:39:39,424 [WARN] PackLoader:240 - Cannot read IP mode file for STMicroelectronics.X-CUBE-AZRTOS-F7.1.1.0
2024-03-09 10:39:39,472 [WARN] PackLoader:240 - Cannot read IP mode file for STMicroelectronics.FP-SNS-MOTENV1.4.3.2
2024-03-09 10:39:39,508 [WARN] PackLoader:240 - Cannot read IP mode file for STMicroelectronics.FP-SNS-FLIGHT1.5.0.2
2024-03-09 10:39:39,546 [WARN] PackLoader:240 - Cannot read IP mode file for STMicroelectronics.X-CUBE-DISPLAY.3.0.0
2024-03-09 10:39:39,582 [WARN] PackLoader:240 - Cannot read IP mode file for STMicroelectronics.X-CUBE-BLE1.7.0.0
2024-03-09 10:39:39,610 [WARN] PackLoader:240 - Cannot read IP mode file for emotas.I-CUBE-CANOPEN.1.3.0
2024-03-09 10:39:39,654 [WARN] PackLoader:240 - Cannot read IP mode file for STMicroelectronics.X-CUBE-BLEMGR.3.1.0
2024-03-09 10:39:39,688 [WARN] PackLoader:240 - Cannot read IP mode file for STMicroelectronics.FP-SNS-SMARTAG2.1.2.0
2024-03-09 10:39:39,739 [INFO] LogOutputStream:77 - [STDOUT_REDIRECT] 1 : Invalid condition id : UX_CORESTACK_Condition cause : null
2024-03-09 10:39:39,741 [INFO] LogOutputStream:77 - [STDOUT_REDIRECT] 1 : Invalid condition id : UX_CORESTACK_Condition cause : null
2024-03-09 10:39:39,746 [INFO] LogOutputStream:77 - [STDOUT_REDIRECT] 1 : Invalid condition id : UX_CORESTACK_Condition cause : null
2024-03-09 10:39:39,749 [INFO] LogOutputStream:77 - [STDOUT_REDIRECT] 1 : Invalid condition id : UX_CORESTACK_Condition cause : null
2024-03-09 10:39:39,752 [INFO] LogOutputStream:77 - [STDOUT_REDIRECT] 1 : Invalid condition id : UX_CORESTACK_Condition cause : null
2024-03-09 10:39:39,759 [WARN] PackLoader:240 - Cannot read IP mode file for STMicroelectronics.X-CUBE-AZRTOS-WL.2.0.0
2024-03-09 10:39:39,790 [WARN] PackLoader:240 - Cannot read IP mode file for WES.I-CUBE-Cesium.1.3.0
2024-03-09 10:39:39,819 [WARN] PackLoader:240 - Cannot read IP mode file for STMicroelectronics.X-CUBE-BLE2.3.3.0
2024-03-09 10:39:39,858 [WARN] PackLoader:240 - Cannot read IP mode file for STMicroelectronics.X-CUBE-ALGOBUILD.1.3.0
2024-03-09 10:39:39,930 [WARN] PackLoader:240 - Cannot read IP mode file for STMicroelectronics.X-CUBE-AZRTOS-G0.1.1.0
2024-03-09 10:39:39,963 [WARN] PackLoader:240 - Cannot read IP mode file for STMicroelectronics.X-CUBE-NFC4.3.0.0
2024-03-09 10:39:40,005 [WARN] PackLoader:240 - Cannot read IP mode file for STMicroelectronics.X-CUBE-BLEMGR.3.0.0
2024-03-09 10:39:40,034 [WARN] PackLoader:240 - Cannot read IP mode file for STMicroelectronics.FP-ATR-SIGFOX1.3.2.0
2024-03-09 10:39:40,054 [WARN] PackLoader:240 - Cannot read IP mode file for STMicroelectronics.X-CUBE-EEPRMA1.5.1.0
2024-03-09 10:39:40,237 [WARN] PackLoader:240 - Cannot read IP mode file for SEGGER.I-CUBE-embOS.1.3.1
2024-03-09 10:39:40,390 [WARN] PackLoader:240 - Cannot read IP mode file for STMicroelectronics.X-CUBE-GNSS1.6.0.0
2024-03-09 10:39:40,445 [WARN] PackLoader:240 - Cannot read IP mode file for STMicroelectronics.X-CUBE-AZRTOS-F4.1.1.0
2024-03-09 10:39:40,470 [WARN] PackLoader:240 - Cannot read IP mode file for wolfSSL.I-CUBE-wolfSSL.5.6.6
2024-03-09 10:39:40,533 [WARN] PackLoader:240 - Cannot read IP mode file for STMicroelectronics.X-CUBE-AZRTOS-L5.2.0.0
2024-03-09 10:39:40,560 [WARN] PackLoader:240 - Cannot read IP mode file for ITTIA_DB.I-CUBE-ITTIADB.8.8.0
2024-03-09 10:39:40,586 [WARN] PackLoader:240 - Cannot read IP mode file for STMicroelectronics.X-CUBE-NFC7.1.0.1
2024-03-09 10:39:40,625 [WARN] PackLoader:240 - Cannot read IP mode file for STMicroelectronics.X-CUBE-NFC6.3.0.0
2024-03-09 10:39:40,654 [WARN] PackLoader:240 - Cannot read IP mode file for STMicroelectronics.X-CUBE-AI.8.1.0
2024-03-09 10:39:40,713 [WARN] ConditionMgr:438 - getConditionDescription Invalid condition id : LAN8742 Phy interface Condition cause : null
2024-03-09 10:39:40,715 [WARN] PackLoader:240 - Cannot read IP mode file for STMicroelectronics.X-CUBE-AZRTOS-L4.2.0.0
2024-03-09 10:39:40,717 [WARN] ConditionMgr:1039 - genDependencies : Invalid condition id : LAN8742 Phy interface Condition cause : null
2024-03-09 10:39:40,718 [WARN] ConditionMgr:1039 - genDependencies : Invalid condition id : LAN8742 Phy interface Condition cause : null
2024-03-09 10:39:40,722 [WARN] ConditionMgr:1039 - genDependencies : Invalid condition id : LAN8742 Phy interface Condition cause : null
2024-03-09 10:39:40,760 [WARN] PackLoader:240 - Cannot read IP mode file for STMicroelectronics.X-CUBE-SFXS2LP1.4.0.0
2024-03-09 10:39:40,817 [WARN] ConditionMgr:438 - getConditionDescription Invalid condition id : UX DEVICE CLASS RTOS Condition cause : null
2024-03-09 10:39:40,817 [WARN] ConditionMgr:438 - getConditionDescription Invalid condition id : UX DEVICE CLASS RTOS Condition cause : null
2024-03-09 10:39:40,820 [WARN] PackLoader:240 - Cannot read IP mode file for STMicroelectronics.X-CUBE-AZRTOS-WB.2.0.0
2024-03-09 10:39:40,822 [WARN] ConditionMgr:1039 - genDependencies : Invalid condition id : UX DEVICE CLASS RTOS Condition cause : null
2024-03-09 10:39:40,823 [WARN] ConditionMgr:1039 - genDependencies : Invalid condition id : UX DEVICE CLASS RTOS Condition cause : null
2024-03-09 10:39:40,824 [WARN] ConditionMgr:1039 - genDependencies : Invalid condition id : UX DEVICE CLASS RTOS Condition cause : null
2024-03-09 10:39:40,824 [WARN] ConditionMgr:1039 - genDependencies : Invalid condition id : UX DEVICE CLASS RTOS Condition cause : null
2024-03-09 10:39:40,826 [WARN] ConditionMgr:1039 - genDependencies : Invalid condition id : UX DEVICE CLASS RTOS Condition cause : null
2024-03-09 10:39:40,870 [WARN] PackLoader:240 - Cannot read IP mode file for STMicroelectronics.X-CUBE-SUBG2.5.0.0
2024-03-09 10:39:40,943 [WARN] PackLoader:240 - Cannot read IP mode file for STMicroelectronics.X-CUBE-AZRTOS-G4.2.0.0
2024-03-09 10:39:40,996 [WARN] PackLoader:240 - Cannot read IP mode file for Infineon.AIROC-Wi-Fi-Bluetooth-STM32.1.5.1
2024-03-09 10:39:41,026 [WARN] PackLoader:240 - Cannot read IP mode file for STMicroelectronics.FP-SNS-MOTENVWB1.1.3.1
2024-03-09 10:39:41,048 [WARN] PackLoader:240 - Cannot read IP mode file for STMicroelectronics.X-CUBE-ISPU.2.0.0
2024-03-09 10:39:41,167 [WARN] PackLoader:240 - Cannot read IP mode file for STMicroelectronics.X-CUBE-MEMS1.10.0.0
2024-03-09 10:39:41,438 [WARN] PackLoader:240 - Cannot read IP mode file for STMicroelectronics.X-CUBE-FREERTOS.1.1.0
2024-03-09 10:39:41,463 [WARN] PackLoader:240 - Cannot read IP mode file for portGmbH.I-Cube-SoM-uGOAL.1.1.0
2024-03-09 10:39:41,485 [WARN] PackLoader:240 - Cannot read IP mode file for STMicroelectronics.X-CUBE-ALS.1.0.1
2024-03-09 10:39:41,508 [WARN] PackLoader:240 - Cannot read IP mode file for STMicroelectronics.FP-ATR-ASTRA1.2.0.0
2024-03-09 10:39:41,544 [WARN] PackLoader:240 - Cannot read IP mode file for STMicroelectronics.X-CUBE-TOF1.3.4.0
2024-03-09 10:39:41,600 [WARN] PackLoader:240 - Cannot read IP mode file for STMicroelectronics.X-CUBE-TOF1.3.4.1
2024-03-09 10:39:41,673 [WARN] PackLoader:240 - Cannot read IP mode file for STMicroelectronics.X-CUBE-AZRTOS-H7.3.2.0
2024-03-09 10:39:41,678 [INFO] ThirdParty:978 - Integrity check success = true
2024-03-09 10:39:41,678 [INFO] IntegrityCheckThread:100 - exiting critical section [integrity check]
2024-03-09 10:39:41,679 [INFO] IntegrityCheckThread:103 - End integrity checks thread
2024-03-09 10:39:45,557 [INFO] WebApp:161 - Instantiating new browser for Auth
2024-03-09 10:39:47,138 [INFO] WebApp:780 - Register for checkConnection events
2024-03-09 10:39:47,138 [INFO] WebApp:414 - Apply proxy settings
2024-03-09 10:39:47,139 [INFO] WebApp:499 - Chromium requires no authentication
2024-03-09 10:39:47,166 [INFO] WebApp:442 - Direct internet connection detected
2024-03-09 10:39:47,628 [INFO] WebApp:192 - Starting web application
2024-03-09 10:39:47,629 [INFO] WebApp:544 - Web application path used C:\Program Files\STM32CubeIDE_1.14.1\STM32CubeIDE\plugins\com.st.stm32cube.common.mx_6.10.0.202311202037\db\plugins\mcufinder\reactClient1\index.html
2024-03-09 10:40:09,171 [ERROR] LogOutputStream:75 - [STDERR_REDIRECT] SLF4J: Failed to load class "org.slf4j.impl.StaticLoggerBinder".
2024-03-09 10:40:09,173 [ERROR] LogOutputStream:75 - [STDERR_REDIRECT] SLF4J: Defaulting to no-operation (NOP) logger implementation
2024-03-09 10:40:09,175 [ERROR] LogOutputStream:75 - [STDERR_REDIRECT] SLF4J: See http://www.slf4j.org/codes.html#StaticLoggerBinder for further details.
2024-03-09 16:08:59,061 [ERROR] LogOutputStream:75 - [STDERR_REDIRECT] 
2024-03-09 16:08:59,063 [ERROR] LogOutputStream:75 - [STDERR_REDIRECT] 
2024-03-09 20:37:04,105 [INFO] Activator:176 - 


2024-03-09 20:37:04,112 [INFO] Activator:177 - !SESSION log4j initialized
2024-03-09 20:37:14,984 [INFO] LogOutputStream:77 - [STDOUT_REDIRECT] 
2024-03-09 20:37:27,717 [INFO] ApplicationProperties:184 - Using Application install path: C:\Program Files\STM32CubeIDE_1.14.1\STM32CubeIDE\plugins\com.st.stm32cube.common.mx_6.10.0.202311202037
2024-03-09 20:37:27,775 [INFO] DbMcusXml:78 - Set database path to: C:\Program Files\STM32CubeIDE_1.14.1\STM32CubeIDE\plugins\com.st.stm32cube.common.mx_6.10.0.202311202037\\db\/mcu/
2024-03-09 20:37:27,775 [INFO] ApiDb:274 - Set plugin database path to: C:\Program Files\STM32CubeIDE_1.14.1\STM32CubeIDE\plugins\com.st.stm32cube.common.mx_6.10.0.202311202037\\db\/plugins/boardmanager/
2024-03-09 20:37:27,776 [WARN] ApiDb:259 - Overriding images path with different value:  => C:\Program Files\STM32CubeIDE_1.14.1\STM32CubeIDE\plugins\com.st.stm32cube.common.mx_6.10.0.202311202037\\db\/plugins/mcufinder/images/
2024-03-09 20:37:27,800 [INFO] ApiDb:250 - Set database path to: C:\Users\Daniel\.stmcufinder\plugins\mcufinder//mcu/
2024-03-09 20:37:27,803 [INFO] DbMcusAds:125 - Set database path to: C:\Users\Daniel\.stmcufinder\plugins\mcufinder//mcu/
2024-03-09 20:37:27,806 [INFO] CrossReferenceDbSqlite:203 - Set database path to: C:\Users\Daniel\.stmcufinder\plugins\mcufinder//mcu/cs/
2024-03-09 20:37:28,041 [INFO] RulesReader:64 - Compatibility file has been processed (297 Rules)
2024-03-09 20:37:28,283 [INFO] DbMcusXml:78 - Set database path to: C:\Program Files\STM32CubeIDE_1.14.1\STM32CubeIDE\plugins\com.st.stm32cube.common.mx_6.10.0.202311202037\\db\/mcu/
2024-03-09 20:37:28,283 [INFO] ApiDb:274 - Set plugin database path to: C:\Program Files\STM32CubeIDE_1.14.1\STM32CubeIDE\plugins\com.st.stm32cube.common.mx_6.10.0.202311202037\\db\/plugins/boardmanager/
2024-03-09 20:37:28,283 [INFO] ApiDb:261 - Set plugin images path to: C:\Program Files\STM32CubeIDE_1.14.1\STM32CubeIDE\plugins\com.st.stm32cube.common.mx_6.10.0.202311202037\\db\/plugins/mcufinder/images/
2024-03-09 20:37:28,284 [WARN] DbFile:41 - Overriding database path with different value: C:\Users\Daniel\.stmcufinder\plugins\mcufinder/ => C:\Users\Daniel\.stmcufinder\plugins\mcufinder
2024-03-09 20:37:28,284 [INFO] ApiDb:250 - Set database path to: C:\Users\Daniel\.stmcufinder\plugins\mcufinder//mcu/
2024-03-09 20:37:28,284 [WARN] DbFile:41 - Overriding database path with different value: C:\Users\Daniel\.stmcufinder\plugins\mcufinder/ => C:\Users\Daniel\.stmcufinder\plugins\mcufinder
2024-03-09 20:37:28,284 [INFO] DbMcusAds:125 - Set database path to: C:\Users\Daniel\.stmcufinder\plugins\mcufinder//mcu/
2024-03-09 20:37:28,284 [WARN] DbFile:41 - Overriding database path with different value: C:\Users\Daniel\.stmcufinder\plugins\mcufinder/ => C:\Users\Daniel\.stmcufinder\plugins\mcufinder
2024-03-09 20:37:28,284 [WARN] DbFile:41 - Overriding database path with different value: C:\Users\Daniel\.stmcufinder\plugins\mcufinder/ => C:\Users\Daniel\.stmcufinder\plugins\mcufinder
2024-03-09 20:37:28,285 [INFO] CrossReferenceDbSqlite:203 - Set database path to: C:\Users\Daniel\.stmcufinder\plugins\mcufinder//mcu/cs/
2024-03-09 20:37:28,508 [INFO] MainPanel:264 - HeapMemory: 268435456
2024-03-09 20:37:28,901 [INFO] DbMcusXml:78 - Set database path to: C:\Program Files\STM32CubeIDE_1.14.1\STM32CubeIDE\plugins\com.st.stm32cube.common.mx_6.10.0.202311202037\\db\/mcu/
2024-03-09 20:37:28,901 [INFO] ApiDb:274 - Set plugin database path to: C:\Program Files\STM32CubeIDE_1.14.1\STM32CubeIDE\plugins\com.st.stm32cube.common.mx_6.10.0.202311202037\\db\/plugins/boardmanager/
2024-03-09 20:37:28,901 [INFO] ApiDb:261 - Set plugin images path to: C:\Program Files\STM32CubeIDE_1.14.1\STM32CubeIDE\plugins\com.st.stm32cube.common.mx_6.10.0.202311202037\\db\/plugins/mcufinder/images/
2024-03-09 20:37:28,902 [WARN] DbFile:41 - Overriding database path with different value: C:\Users\Daniel\.stmcufinder\plugins\mcufinder/ => C:\Users\Daniel\.stmcufinder\plugins\mcufinder
2024-03-09 20:37:28,902 [INFO] ApiDb:250 - Set database path to: C:\Users\Daniel\.stmcufinder\plugins\mcufinder//mcu/
2024-03-09 20:37:28,902 [WARN] DbFile:41 - Overriding database path with different value: C:\Users\Daniel\.stmcufinder\plugins\mcufinder/ => C:\Users\Daniel\.stmcufinder\plugins\mcufinder
2024-03-09 20:37:28,902 [INFO] DbMcusAds:125 - Set database path to: C:\Users\Daniel\.stmcufinder\plugins\mcufinder//mcu/
2024-03-09 20:37:28,902 [WARN] DbFile:41 - Overriding database path with different value: C:\Users\Daniel\.stmcufinder\plugins\mcufinder/ => C:\Users\Daniel\.stmcufinder\plugins\mcufinder
2024-03-09 20:37:28,902 [WARN] DbFile:41 - Overriding database path with different value: C:\Users\Daniel\.stmcufinder\plugins\mcufinder/ => C:\Users\Daniel\.stmcufinder\plugins\mcufinder
2024-03-09 20:37:28,903 [INFO] CrossReferenceDbSqlite:203 - Set database path to: C:\Users\Daniel\.stmcufinder\plugins\mcufinder//mcu/cs/
2024-03-09 20:37:28,965 [INFO] ApplicationProperties:184 - Using Application install path: C:\Program Files\STM32CubeIDE_1.14.1\STM32CubeIDE\plugins\com.st.stm32cube.common.mx_6.10.0.202311202037
2024-03-09 20:37:28,970 [INFO] PluginManage:196 - Search for loadable plugins [exclusion list=, ]
2024-03-09 20:37:28,974 [INFO] PluginManage:310 - Check plugin analytics
2024-03-09 20:37:29,417 [INFO] AnalyticsPlugin:253 - Accepted Software Licenses: 
2024-03-09 20:37:29,418 [INFO] AnalyticsPlugin:255 - Accepted CMSIS Pack Licenses: 
2024-03-09 20:37:29,418 [INFO] AnalyticsPlugin:257 - Accepted Firmware Licenses: 
2024-03-09 20:37:29,426 [INFO] PluginManage:359 - Loaded plugin analytics (category:tool,tabindex:-1)
2024-03-09 20:37:29,427 [INFO] PluginManage:310 - Check plugin cadmodel
2024-03-09 20:37:29,448 [INFO] CADModel:105 - Init CAD model plugin
2024-03-09 20:37:29,449 [INFO] PluginManage:359 - Loaded plugin cadmodel (category:power,tabindex:5)
2024-03-09 20:37:29,449 [INFO] PluginManage:310 - Check plugin clock
2024-03-09 20:37:29,487 [INFO] PluginManage:359 - Loaded plugin clock (category:base,tabindex:2)
2024-03-09 20:37:29,487 [INFO] PluginManage:310 - Check plugin ddr
2024-03-09 20:37:29,496 [INFO] PluginManage:359 - Loaded plugin ddr (category:tool,tabindex:6)
2024-03-09 20:37:29,496 [INFO] PluginManage:310 - Check plugin filemanager
2024-03-09 20:37:29,804 [INFO] PluginManage:359 - Loaded plugin filemanager (category:base,tabindex:10)
2024-03-09 20:37:29,805 [INFO] PluginManage:310 - Check plugin ipmanager
2024-03-09 20:37:29,821 [INFO] PluginManage:359 - Loaded plugin ipmanager (category:base,tabindex:5)
2024-03-09 20:37:29,821 [INFO] PluginManage:310 - Check plugin lpbam
2024-03-09 20:37:29,839 [INFO] PluginManage:359 - Loaded plugin lpbam (category:base,tabindex:0)
2024-03-09 20:37:29,840 [INFO] PluginManage:310 - Check plugin memorymap
2024-03-09 20:37:29,885 [INFO] PluginManage:359 - Loaded plugin memorymap (category:base,tabindex:4)
2024-03-09 20:37:29,885 [INFO] PluginManage:310 - Check plugin pinoutandconfiguration
2024-03-09 20:37:29,906 [INFO] PluginManage:359 - Loaded plugin pinoutandconfiguration (category:base,tabindex:1)
2024-03-09 20:37:29,906 [INFO] PluginManage:310 - Check plugin pinoutconfig
2024-03-09 20:37:30,106 [WARN] SupportedApi:132 - Cannot load RTOS API schema: s4s-elt-must-match.1: The content of 'definitions' must match (annotation?, (simpleType | complexType)?, (unique | key | keyref)*)). A problem was found starting at: attribute.
2024-03-09 20:37:30,421 [INFO] PluginManage:359 - Loaded plugin pinoutconfig (category:base,tabindex:0)
2024-03-09 20:37:30,422 [INFO] PluginManage:310 - Check plugin power
2024-03-09 20:37:30,459 [INFO] PluginManage:359 - Loaded plugin power (category:power,tabindex:4)
2024-03-09 20:37:30,459 [INFO] PluginManage:310 - Check plugin projectmanager
2024-03-09 20:37:30,495 [INFO] PluginManage:359 - Loaded plugin projectmanager (category:projectmanager,tabindex:3)
2024-03-09 20:37:30,496 [INFO] PluginManage:310 - Check plugin thirdparty
2024-03-09 20:37:30,835 [INFO] PluginManage:359 - Loaded plugin thirdparty (category:base,tabindex:-1)
2024-03-09 20:37:30,836 [INFO] PluginManage:310 - Check plugin tools
2024-03-09 20:37:30,835 [WARN] IntegrityCheckThread:84 - waiting for thirdparty lock release [integrity check]
2024-03-09 20:37:30,837 [INFO] IntegrityCheckThread:86 - entering critical section [integrity check]
2024-03-09 20:37:30,838 [INFO] ThirdPartyUpdaterWithRetryManager:70 - Updater plugin not ready yet. [1/15]
2024-03-09 20:37:30,843 [INFO] PluginManage:359 - Loaded plugin tools (category:base,tabindex:7)
2024-03-09 20:37:30,843 [INFO] PluginManage:310 - Check plugin tutovideos
2024-03-09 20:37:31,265 [INFO] PluginManage:359 - Loaded plugin tutovideos (category:base,tabindex:-1)
2024-03-09 20:37:31,266 [INFO] PluginManage:310 - Check plugin updater
2024-03-09 20:37:31,298 [INFO] PluginManage:359 - Loaded plugin updater (category:base,tabindex:12)
2024-03-09 20:37:31,298 [INFO] PluginManage:310 - Check plugin userauth
2024-03-09 20:37:31,312 [INFO] UserAuth:114 - Init User Auth plugin
2024-03-09 20:37:31,313 [INFO] PluginManage:359 - Loaded plugin userauth (category:base,tabindex:14)
2024-03-09 20:37:31,314 [INFO] PluginManage:283 - PluginManage : Loaded plugins [17]
2024-03-09 20:37:31,857 [INFO] PinOutPanel:1499 - setPackage(No Configuration,No Configuration)
2024-03-09 20:37:32,031 [INFO] CADModel:165 - CPN selected for project level
2024-03-09 20:37:32,032 [INFO] CADModel:114 - Register for checkConnection events
2024-03-09 20:37:32,070 [INFO] IPUIPlugin:80 - create IPUIPlugin
2024-03-09 20:37:32,071 [INFO] PluginManager:220 - loadIPPluginJar : add adc
2024-03-09 20:37:32,076 [INFO] IPUIPlugin:80 - create IPUIPlugin
2024-03-09 20:37:32,077 [INFO] PluginManager:220 - loadIPPluginJar : add aes
2024-03-09 20:37:32,084 [INFO] IPUIPlugin:80 - create IPUIPlugin
2024-03-09 20:37:32,084 [INFO] PluginManager:220 - loadIPPluginJar : add can
2024-03-09 20:37:32,087 [INFO] IPUIPlugin:80 - create IPUIPlugin
2024-03-09 20:37:32,088 [INFO] PluginManager:220 - loadIPPluginJar : add comp
2024-03-09 20:37:32,095 [INFO] IPUIPlugin:80 - create IPUIPlugin
2024-03-09 20:37:32,095 [INFO] PluginManager:220 - loadIPPluginJar : add cryp
2024-03-09 20:37:32,101 [INFO] IPUIPlugin:80 - create IPUIPlugin
2024-03-09 20:37:32,102 [INFO] PluginManager:220 - loadIPPluginJar : add dfsdm
2024-03-09 20:37:32,115 [INFO] IPUIPlugin:80 - create IPUIPlugin
2024-03-09 20:37:32,116 [INFO] PluginManager:220 - loadIPPluginJar : add dma
2024-03-09 20:37:32,121 [INFO] IPUIPlugin:80 - create IPUIPlugin
2024-03-09 20:37:32,122 [INFO] PluginManager:220 - loadIPPluginJar : add dma3
2024-03-09 20:37:32,125 [INFO] IPUIPlugin:80 - create IPUIPlugin
2024-03-09 20:37:32,125 [INFO] PluginManager:220 - loadIPPluginJar : add fatfs
2024-03-09 20:37:32,134 [INFO] IPUIPlugin:80 - create IPUIPlugin
2024-03-09 20:37:32,135 [INFO] PluginManager:220 - loadIPPluginJar : add fmc
2024-03-09 20:37:32,150 [INFO] IPUIPlugin:80 - create IPUIPlugin
2024-03-09 20:37:32,150 [INFO] PluginManager:220 - loadIPPluginJar : add freertos
2024-03-09 20:37:32,154 [INFO] IPUIPlugin:80 - create IPUIPlugin
2024-03-09 20:37:32,154 [INFO] PluginManager:220 - loadIPPluginJar : add genericplugin
2024-03-09 20:37:32,161 [INFO] IPUIPlugin:80 - create IPUIPlugin
2024-03-09 20:37:32,161 [INFO] PluginManager:220 - loadIPPluginJar : add gfxmmu
2024-03-09 20:37:32,173 [INFO] IPUIPlugin:80 - create IPUIPlugin
2024-03-09 20:37:32,173 [INFO] PluginManager:220 - loadIPPluginJar : add gic
2024-03-09 20:37:32,182 [INFO] IPUIPlugin:80 - create IPUIPlugin
2024-03-09 20:37:32,182 [INFO] PluginManager:220 - loadIPPluginJar : add gpio
2024-03-09 20:37:32,188 [INFO] IPUIPlugin:80 - create IPUIPlugin
2024-03-09 20:37:32,188 [INFO] PluginManager:220 - loadIPPluginJar : add gtzc
2024-03-09 20:37:32,193 [INFO] IPUIPlugin:80 - create IPUIPlugin
2024-03-09 20:37:32,193 [INFO] PluginManager:220 - loadIPPluginJar : add hash
2024-03-09 20:37:32,200 [INFO] IPUIPlugin:80 - create IPUIPlugin
2024-03-09 20:37:32,200 [INFO] PluginManager:220 - loadIPPluginJar : add i2c
2024-03-09 20:37:32,208 [INFO] IPUIPlugin:80 - create IPUIPlugin
2024-03-09 20:37:32,208 [INFO] PluginManager:220 - loadIPPluginJar : add i2s
2024-03-09 20:37:32,215 [INFO] IPUIPlugin:80 - create IPUIPlugin
2024-03-09 20:37:32,215 [INFO] PluginManager:220 - loadIPPluginJar : add i3c
2024-03-09 20:37:32,222 [INFO] IPUIPlugin:80 - create IPUIPlugin
2024-03-09 20:37:32,222 [INFO] PluginManager:220 - loadIPPluginJar : add ipddr
2024-03-09 20:37:32,239 [INFO] IPUIPlugin:80 - create IPUIPlugin
2024-03-09 20:37:32,239 [INFO] PluginManager:220 - loadIPPluginJar : add linkedlist
2024-03-09 20:37:32,246 [INFO] IPUIPlugin:80 - create IPUIPlugin
2024-03-09 20:37:32,246 [INFO] PluginManager:220 - loadIPPluginJar : add lorawan
2024-03-09 20:37:32,252 [INFO] IPUIPlugin:80 - create IPUIPlugin
2024-03-09 20:37:32,252 [INFO] PluginManager:220 - loadIPPluginJar : add ltdc
2024-03-09 20:37:32,266 [INFO] IPUIPlugin:80 - create IPUIPlugin
2024-03-09 20:37:32,266 [INFO] PluginManager:220 - loadIPPluginJar : add mdma
2024-03-09 20:37:32,277 [INFO] IPUIPlugin:80 - create IPUIPlugin
2024-03-09 20:37:32,277 [INFO] PluginManager:220 - loadIPPluginJar : add nvic
2024-03-09 20:37:32,284 [INFO] IPUIPlugin:80 - create IPUIPlugin
2024-03-09 20:37:32,284 [INFO] PluginManager:220 - loadIPPluginJar : add opamp
2024-03-09 20:37:32,292 [INFO] IPUIPlugin:80 - create IPUIPlugin
2024-03-09 20:37:32,293 [INFO] PluginManager:220 - loadIPPluginJar : add openamp
2024-03-09 20:37:32,301 [INFO] IPUIPlugin:80 - create IPUIPlugin
2024-03-09 20:37:32,301 [INFO] PluginManager:220 - loadIPPluginJar : add pdm2pcm
2024-03-09 20:37:32,341 [INFO] IPUIPlugin:80 - create IPUIPlugin
2024-03-09 20:37:32,346 [INFO] PluginManager:220 - loadIPPluginJar : add plateformsettings
2024-03-09 20:37:32,350 [INFO] IPUIPlugin:80 - create IPUIPlugin
2024-03-09 20:37:32,351 [INFO] PluginManager:220 - loadIPPluginJar : add quadspi
2024-03-09 20:37:32,362 [INFO] IPUIPlugin:80 - create IPUIPlugin
2024-03-09 20:37:32,363 [INFO] PluginManager:220 - loadIPPluginJar : add resmgrutility
2024-03-09 20:37:32,371 [INFO] IPUIPlugin:80 - create IPUIPlugin
2024-03-09 20:37:32,371 [INFO] PluginManager:220 - loadIPPluginJar : add sai
2024-03-09 20:37:32,379 [INFO] IPUIPlugin:80 - create IPUIPlugin
2024-03-09 20:37:32,379 [INFO] PluginManager:220 - loadIPPluginJar : add spi
2024-03-09 20:37:32,390 [INFO] IPUIPlugin:80 - create IPUIPlugin
2024-03-09 20:37:32,390 [INFO] PluginManager:220 - loadIPPluginJar : add stm32_wpan
2024-03-09 20:37:32,395 [INFO] IPUIPlugin:80 - create IPUIPlugin
2024-03-09 20:37:32,395 [INFO] PluginManager:220 - loadIPPluginJar : add tim
2024-03-09 20:37:32,403 [INFO] IPUIPlugin:80 - create IPUIPlugin
2024-03-09 20:37:32,404 [INFO] PluginManager:220 - loadIPPluginJar : add touchsensing
2024-03-09 20:37:32,408 [INFO] IPUIPlugin:80 - create IPUIPlugin
2024-03-09 20:37:32,408 [INFO] PluginManager:220 - loadIPPluginJar : add tracer_emb
2024-03-09 20:37:32,412 [INFO] IPUIPlugin:80 - create IPUIPlugin
2024-03-09 20:37:32,413 [INFO] PluginManager:220 - loadIPPluginJar : add ts
2024-03-09 20:37:32,416 [INFO] IPUIPlugin:80 - create IPUIPlugin
2024-03-09 20:37:32,417 [INFO] PluginManager:220 - loadIPPluginJar : add tsc
2024-03-09 20:37:32,421 [INFO] IPUIPlugin:80 - create IPUIPlugin
2024-03-09 20:37:32,421 [INFO] PluginManager:220 - loadIPPluginJar : add ucpd
2024-03-09 20:37:32,435 [INFO] IPUIPlugin:80 - create IPUIPlugin
2024-03-09 20:37:32,435 [INFO] PluginManager:220 - loadIPPluginJar : add usart
2024-03-09 20:37:32,444 [INFO] IPUIPlugin:80 - create IPUIPlugin
2024-03-09 20:37:32,444 [INFO] PluginManager:220 - loadIPPluginJar : add usbx
2024-03-09 20:37:32,636 [INFO] CADModel:165 - CPN selected for project level
2024-03-09 20:37:32,637 [INFO] CADModel:114 - Register for checkConnection events
2024-03-09 20:37:32,638 [FATAL] Updater:308 - Updater called before beeing initialized
2024-03-09 20:37:32,638 [ERROR] CADModel:125 - Updater not yet initialized, retry later 
2024-03-09 20:37:33,002 [INFO] CADModel:165 - CPN selected for project level
2024-03-09 20:37:33,002 [INFO] CADModel:114 - Register for checkConnection events
2024-03-09 20:37:33,002 [FATAL] Updater:308 - Updater called before beeing initialized
2024-03-09 20:37:33,002 [ERROR] CADModel:125 - Updater not yet initialized, retry later 
2024-03-09 20:37:33,010 [FATAL] Updater:308 - Updater called before beeing initialized
2024-03-09 20:37:33,262 [FATAL] Updater:308 - Updater called before beeing initialized
2024-03-09 20:37:33,270 [INFO] DbMcusAds:53 - JSON generation date=Wed Nov 29 11:52:27 CET 2023 (1701255147349)
2024-03-09 20:37:33,271 [FATAL] Updater:308 - Updater called before beeing initialized
2024-03-09 20:37:33,381 [WARN] DetailPanel:346 - Failed to get advertising image, set to default
2024-03-09 20:37:33,546 [FATAL] Updater:308 - Updater called before beeing initialized
2024-03-09 20:37:33,552 [FATAL] Updater:308 - Updater called before beeing initialized
2024-03-09 20:37:33,552 [FATAL] Updater:308 - Updater called before beeing initialized
2024-03-09 20:37:33,552 [WARN] DetailPanel:346 - Failed to get advertising image, set to default
2024-03-09 20:37:33,554 [FATAL] Updater:308 - Updater called before beeing initialized
2024-03-09 20:37:33,660 [ERROR] Updater:1120 - MainUpdater not yet initialized. External WinMGr cannot be set.
2024-03-09 20:37:33,665 [INFO] Updater:1056 - Updater Version found : 6.10.0
2024-03-09 20:37:33,718 [INFO] ApplicationProperties:184 - Using Application install path: C:\Program Files\STM32CubeIDE_1.14.1\STM32CubeIDE\plugins\com.st.stm32cube.common.mx_6.10.0.202311202037
2024-03-09 20:37:33,839 [INFO] ThirdPartyUpdaterWithRetryManager:70 - Updater plugin not ready yet. [2/15]
2024-03-09 20:37:35,330 [ERROR] LogOutputStream:75 - [STDERR_REDIRECT] Mar 09, 2024 8:37:35 PM java.util.prefs.WindowsPreferences <init>
2024-03-09 20:37:35,334 [ERROR] LogOutputStream:75 - [STDERR_REDIRECT] WARNING: Could not open/create prefs root node Software\JavaSoft\Prefs at root 0xffffffff80000002. Windows RegCreateKeyEx(...) returned error code 5.
2024-03-09 20:37:35,335 [ERROR] LogOutputStream:75 - [STDERR_REDIRECT] 
2024-03-09 20:37:36,508 [INFO] MainUpdater:2873 - connection check result : 10
2024-03-09 20:37:36,510 [INFO] MainUpdater:290 - Updater Check For Update Now.
2024-03-09 20:37:36,510 [INFO] MicroXplorer:498 - Change Database Version : DB.6.0.100
2024-03-09 20:37:36,523 [INFO] McuFinderGlobals:63 - Set McuFinder mode to 2 (CubeIDE integrated)
2024-03-09 20:37:36,543 [INFO] UserAuth:404 - Internet connection configuration mode: 1
2024-03-09 20:37:36,629 [INFO] JxBrowserEngine:152 - Initiate JxBrowser Engine with user profile folder
2024-03-09 20:37:36,769 [INFO] CheckServerUpdateThread:120 - End of CheckServer Thread
2024-03-09 20:37:37,237 [WARN] PackLoader:240 - Cannot read IP mode file for STMicroelectronics.X-CUBE-SMBUS.2.1.0
2024-03-09 20:37:37,254 [WARN] PackLoader:240 - Cannot read IP mode file for STMicroelectronics.X-CUBE-TOUCHGFX.4.23.0
2024-03-09 20:37:37,320 [WARN] PackLoader:240 - Cannot read IP mode file for STMicroelectronics.X-CUBE-AZRTOS-F7.1.1.0
2024-03-09 20:37:37,348 [WARN] PackLoader:240 - Cannot read IP mode file for STMicroelectronics.FP-SNS-MOTENV1.4.3.2
2024-03-09 20:37:37,364 [WARN] PackLoader:240 - Cannot read IP mode file for STMicroelectronics.FP-SNS-FLIGHT1.5.0.2
2024-03-09 20:37:37,386 [WARN] PackLoader:240 - Cannot read IP mode file for STMicroelectronics.X-CUBE-DISPLAY.3.0.0
2024-03-09 20:37:37,411 [WARN] PackLoader:240 - Cannot read IP mode file for STMicroelectronics.X-CUBE-BLE1.7.0.0
2024-03-09 20:37:37,427 [WARN] PackLoader:240 - Cannot read IP mode file for emotas.I-CUBE-CANOPEN.1.3.0
2024-03-09 20:37:37,454 [WARN] PackLoader:240 - Cannot read IP mode file for STMicroelectronics.X-CUBE-BLEMGR.3.1.0
2024-03-09 20:37:37,474 [WARN] PackLoader:240 - Cannot read IP mode file for STMicroelectronics.FP-SNS-SMARTAG2.1.2.0
2024-03-09 20:37:37,504 [INFO] LogOutputStream:77 - [STDOUT_REDIRECT] 1 : Invalid condition id : UX_CORESTACK_Condition cause : null
2024-03-09 20:37:37,506 [INFO] LogOutputStream:77 - [STDOUT_REDIRECT] 1 : Invalid condition id : UX_CORESTACK_Condition cause : null
2024-03-09 20:37:37,508 [INFO] LogOutputStream:77 - [STDOUT_REDIRECT] 1 : Invalid condition id : UX_CORESTACK_Condition cause : null
2024-03-09 20:37:37,511 [INFO] LogOutputStream:77 - [STDOUT_REDIRECT] 1 : Invalid condition id : UX_CORESTACK_Condition cause : null
2024-03-09 20:37:37,513 [INFO] LogOutputStream:77 - [STDOUT_REDIRECT] 1 : Invalid condition id : UX_CORESTACK_Condition cause : null
2024-03-09 20:37:37,519 [WARN] PackLoader:240 - Cannot read IP mode file for STMicroelectronics.X-CUBE-AZRTOS-WL.2.0.0
2024-03-09 20:37:37,536 [WARN] PackLoader:240 - Cannot read IP mode file for WES.I-CUBE-Cesium.1.3.0
2024-03-09 20:37:37,555 [WARN] PackLoader:240 - Cannot read IP mode file for STMicroelectronics.X-CUBE-BLE2.3.3.0
2024-03-09 20:37:37,622 [WARN] PackLoader:240 - Cannot read IP mode file for STMicroelectronics.X-CUBE-ALGOBUILD.1.3.0
2024-03-09 20:37:37,744 [WARN] PackLoader:240 - Cannot read IP mode file for STMicroelectronics.X-CUBE-AZRTOS-G0.1.1.0
2024-03-09 20:37:37,844 [WARN] PackLoader:240 - Cannot read IP mode file for STMicroelectronics.X-CUBE-NFC4.3.0.0
2024-03-09 20:37:37,896 [WARN] PackLoader:240 - Cannot read IP mode file for STMicroelectronics.X-CUBE-BLEMGR.3.0.0
2024-03-09 20:37:37,914 [WARN] PackLoader:240 - Cannot read IP mode file for STMicroelectronics.FP-ATR-SIGFOX1.3.2.0
2024-03-09 20:37:37,935 [WARN] PackLoader:240 - Cannot read IP mode file for STMicroelectronics.X-CUBE-EEPRMA1.5.1.0
2024-03-09 20:37:38,038 [WARN] PackLoader:240 - Cannot read IP mode file for SEGGER.I-CUBE-embOS.1.3.1
2024-03-09 20:37:38,125 [WARN] PackLoader:240 - Cannot read IP mode file for STMicroelectronics.X-CUBE-GNSS1.6.0.0
2024-03-09 20:37:38,166 [WARN] PackLoader:240 - Cannot read IP mode file for STMicroelectronics.X-CUBE-AZRTOS-F4.1.1.0
2024-03-09 20:37:38,181 [WARN] PackLoader:240 - Cannot read IP mode file for wolfSSL.I-CUBE-wolfSSL.5.6.6
2024-03-09 20:37:38,209 [WARN] PackLoader:240 - Cannot read IP mode file for STMicroelectronics.X-CUBE-AZRTOS-L5.2.0.0
2024-03-09 20:37:38,224 [WARN] PackLoader:240 - Cannot read IP mode file for ITTIA_DB.I-CUBE-ITTIADB.8.8.0
2024-03-09 20:37:38,236 [WARN] PackLoader:240 - Cannot read IP mode file for STMicroelectronics.X-CUBE-NFC7.1.0.1
2024-03-09 20:37:38,251 [WARN] PackLoader:240 - Cannot read IP mode file for STMicroelectronics.X-CUBE-NFC6.3.0.0
2024-03-09 20:37:38,264 [WARN] PackLoader:240 - Cannot read IP mode file for STMicroelectronics.X-CUBE-AI.8.1.0
2024-03-09 20:37:38,297 [WARN] ConditionMgr:438 - getConditionDescription Invalid condition id : LAN8742 Phy interface Condition cause : null
2024-03-09 20:37:38,298 [WARN] PackLoader:240 - Cannot read IP mode file for STMicroelectronics.X-CUBE-AZRTOS-L4.2.0.0
2024-03-09 20:37:38,301 [WARN] ConditionMgr:1039 - genDependencies : Invalid condition id : LAN8742 Phy interface Condition cause : null
2024-03-09 20:37:38,301 [WARN] ConditionMgr:1039 - genDependencies : Invalid condition id : LAN8742 Phy interface Condition cause : null
2024-03-09 20:37:38,302 [WARN] ConditionMgr:1039 - genDependencies : Invalid condition id : LAN8742 Phy interface Condition cause : null
2024-03-09 20:37:38,318 [WARN] PackLoader:240 - Cannot read IP mode file for STMicroelectronics.X-CUBE-SFXS2LP1.4.0.0
2024-03-09 20:37:38,340 [WARN] ConditionMgr:438 - getConditionDescription Invalid condition id : UX DEVICE CLASS RTOS Condition cause : null
2024-03-09 20:37:38,341 [WARN] ConditionMgr:438 - getConditionDescription Invalid condition id : UX DEVICE CLASS RTOS Condition cause : null
2024-03-09 20:37:38,351 [WARN] PackLoader:240 - Cannot read IP mode file for STMicroelectronics.X-CUBE-AZRTOS-WB.2.0.0
2024-03-09 20:37:38,353 [WARN] ConditionMgr:1039 - genDependencies : Invalid condition id : UX DEVICE CLASS RTOS Condition cause : null
2024-03-09 20:37:38,353 [WARN] ConditionMgr:1039 - genDependencies : Invalid condition id : UX DEVICE CLASS RTOS Condition cause : null
2024-03-09 20:37:38,354 [WARN] ConditionMgr:1039 - genDependencies : Invalid condition id : UX DEVICE CLASS RTOS Condition cause : null
2024-03-09 20:37:38,354 [WARN] ConditionMgr:1039 - genDependencies : Invalid condition id : UX DEVICE CLASS RTOS Condition cause : null
2024-03-09 20:37:38,355 [WARN] ConditionMgr:1039 - genDependencies : Invalid condition id : UX DEVICE CLASS RTOS Condition cause : null
2024-03-09 20:37:38,390 [WARN] PackLoader:240 - Cannot read IP mode file for STMicroelectronics.X-CUBE-SUBG2.5.0.0
2024-03-09 20:37:38,449 [WARN] PackLoader:240 - Cannot read IP mode file for STMicroelectronics.X-CUBE-AZRTOS-G4.2.0.0
2024-03-09 20:37:38,474 [WARN] PackLoader:240 - Cannot read IP mode file for Infineon.AIROC-Wi-Fi-Bluetooth-STM32.1.5.1
2024-03-09 20:37:38,491 [WARN] PackLoader:240 - Cannot read IP mode file for STMicroelectronics.FP-SNS-MOTENVWB1.1.3.1
2024-03-09 20:37:38,500 [WARN] PackLoader:240 - Cannot read IP mode file for STMicroelectronics.X-CUBE-ISPU.2.0.0
2024-03-09 20:37:38,575 [WARN] PackLoader:240 - Cannot read IP mode file for STMicroelectronics.X-CUBE-MEMS1.10.0.0
2024-03-09 20:37:38,808 [WARN] PackLoader:240 - Cannot read IP mode file for STMicroelectronics.X-CUBE-FREERTOS.1.1.0
2024-03-09 20:37:38,819 [WARN] PackLoader:240 - Cannot read IP mode file for portGmbH.I-Cube-SoM-uGOAL.1.1.0
2024-03-09 20:37:38,828 [WARN] PackLoader:240 - Cannot read IP mode file for STMicroelectronics.X-CUBE-ALS.1.0.1
2024-03-09 20:37:38,838 [WARN] PackLoader:240 - Cannot read IP mode file for STMicroelectronics.FP-ATR-ASTRA1.2.0.0
2024-03-09 20:37:38,863 [WARN] PackLoader:240 - Cannot read IP mode file for STMicroelectronics.X-CUBE-TOF1.3.4.0
2024-03-09 20:37:38,899 [WARN] PackLoader:240 - Cannot read IP mode file for STMicroelectronics.X-CUBE-TOF1.3.4.1
2024-03-09 20:37:38,959 [WARN] PackLoader:240 - Cannot read IP mode file for STMicroelectronics.X-CUBE-AZRTOS-H7.3.2.0
2024-03-09 20:37:38,966 [INFO] ThirdParty:978 - Integrity check success = true
2024-03-09 20:37:38,966 [INFO] IntegrityCheckThread:100 - exiting critical section [integrity check]
2024-03-09 20:37:38,966 [INFO] IntegrityCheckThread:103 - End integrity checks thread
2024-03-09 20:37:45,375 [INFO] WebApp:161 - Instantiating new browser for Auth
2024-03-09 20:37:46,962 [INFO] WebApp:780 - Register for checkConnection events
2024-03-09 20:37:46,962 [INFO] WebApp:414 - Apply proxy settings
2024-03-09 20:37:46,962 [INFO] WebApp:499 - Chromium requires no authentication
2024-03-09 20:37:46,986 [INFO] WebApp:442 - Direct internet connection detected
2024-03-09 20:37:47,463 [INFO] WebApp:192 - Starting web application
2024-03-09 20:37:47,464 [INFO] WebApp:544 - Web application path used C:\Program Files\STM32CubeIDE_1.14.1\STM32CubeIDE\plugins\com.st.stm32cube.common.mx_6.10.0.202311202037\db\plugins\mcufinder\reactClient1\index.html
2024-03-09 20:38:08,527 [ERROR] LogOutputStream:75 - [STDERR_REDIRECT] SLF4J: Failed to load class "org.slf4j.impl.StaticLoggerBinder".
2024-03-09 20:38:08,530 [ERROR] LogOutputStream:75 - [STDERR_REDIRECT] SLF4J: Defaulting to no-operation (NOP) logger implementation
2024-03-09 20:38:08,533 [ERROR] LogOutputStream:75 - [STDERR_REDIRECT] SLF4J: See http://www.slf4j.org/codes.html#StaticLoggerBinder for further details.
2024-03-09 22:38:46,305 [INFO] Activator:176 - 


2024-03-09 22:38:46,312 [INFO] Activator:177 - !SESSION log4j initialized
2024-03-09 22:39:03,771 [INFO] LogOutputStream:77 - [STDOUT_REDIRECT] 
2024-03-09 22:39:10,959 [INFO] ApplicationProperties:184 - Using Application install path: C:\Program Files\STM32CubeIDE_1.14.1\STM32CubeIDE\plugins\com.st.stm32cube.common.mx_6.10.0.202311202037
2024-03-09 22:39:11,040 [INFO] DbMcusXml:78 - Set database path to: C:\Program Files\STM32CubeIDE_1.14.1\STM32CubeIDE\plugins\com.st.stm32cube.common.mx_6.10.0.202311202037\\db\/mcu/
2024-03-09 22:39:11,042 [INFO] ApiDb:274 - Set plugin database path to: C:\Program Files\STM32CubeIDE_1.14.1\STM32CubeIDE\plugins\com.st.stm32cube.common.mx_6.10.0.202311202037\\db\/plugins/boardmanager/
2024-03-09 22:39:11,043 [WARN] ApiDb:259 - Overriding images path with different value:  => C:\Program Files\STM32CubeIDE_1.14.1\STM32CubeIDE\plugins\com.st.stm32cube.common.mx_6.10.0.202311202037\\db\/plugins/mcufinder/images/
2024-03-09 22:39:11,099 [INFO] ApiDb:250 - Set database path to: C:\Users\Daniel\.stmcufinder\plugins\mcufinder//mcu/
2024-03-09 22:39:11,105 [INFO] DbMcusAds:125 - Set database path to: C:\Users\Daniel\.stmcufinder\plugins\mcufinder//mcu/
2024-03-09 22:39:11,111 [INFO] CrossReferenceDbSqlite:203 - Set database path to: C:\Users\Daniel\.stmcufinder\plugins\mcufinder//mcu/cs/
2024-03-09 22:39:11,481 [INFO] RulesReader:64 - Compatibility file has been processed (297 Rules)
2024-03-09 22:39:11,827 [INFO] DbMcusXml:78 - Set database path to: C:\Program Files\STM32CubeIDE_1.14.1\STM32CubeIDE\plugins\com.st.stm32cube.common.mx_6.10.0.202311202037\\db\/mcu/
2024-03-09 22:39:11,828 [INFO] ApiDb:274 - Set plugin database path to: C:\Program Files\STM32CubeIDE_1.14.1\STM32CubeIDE\plugins\com.st.stm32cube.common.mx_6.10.0.202311202037\\db\/plugins/boardmanager/
2024-03-09 22:39:11,830 [INFO] ApiDb:261 - Set plugin images path to: C:\Program Files\STM32CubeIDE_1.14.1\STM32CubeIDE\plugins\com.st.stm32cube.common.mx_6.10.0.202311202037\\db\/plugins/mcufinder/images/
2024-03-09 22:39:11,830 [WARN] DbFile:41 - Overriding database path with different value: C:\Users\Daniel\.stmcufinder\plugins\mcufinder/ => C:\Users\Daniel\.stmcufinder\plugins\mcufinder
2024-03-09 22:39:11,830 [INFO] ApiDb:250 - Set database path to: C:\Users\Daniel\.stmcufinder\plugins\mcufinder//mcu/
2024-03-09 22:39:11,830 [WARN] DbFile:41 - Overriding database path with different value: C:\Users\Daniel\.stmcufinder\plugins\mcufinder/ => C:\Users\Daniel\.stmcufinder\plugins\mcufinder
2024-03-09 22:39:11,831 [INFO] DbMcusAds:125 - Set database path to: C:\Users\Daniel\.stmcufinder\plugins\mcufinder//mcu/
2024-03-09 22:39:11,831 [WARN] DbFile:41 - Overriding database path with different value: C:\Users\Daniel\.stmcufinder\plugins\mcufinder/ => C:\Users\Daniel\.stmcufinder\plugins\mcufinder
2024-03-09 22:39:11,831 [WARN] DbFile:41 - Overriding database path with different value: C:\Users\Daniel\.stmcufinder\plugins\mcufinder/ => C:\Users\Daniel\.stmcufinder\plugins\mcufinder
2024-03-09 22:39:11,831 [INFO] CrossReferenceDbSqlite:203 - Set database path to: C:\Users\Daniel\.stmcufinder\plugins\mcufinder//mcu/cs/
2024-03-09 22:39:12,129 [INFO] MainPanel:264 - HeapMemory: 268435456
2024-03-09 22:39:12,522 [INFO] DbMcusXml:78 - Set database path to: C:\Program Files\STM32CubeIDE_1.14.1\STM32CubeIDE\plugins\com.st.stm32cube.common.mx_6.10.0.202311202037\\db\/mcu/
2024-03-09 22:39:12,523 [INFO] ApiDb:274 - Set plugin database path to: C:\Program Files\STM32CubeIDE_1.14.1\STM32CubeIDE\plugins\com.st.stm32cube.common.mx_6.10.0.202311202037\\db\/plugins/boardmanager/
2024-03-09 22:39:12,523 [INFO] ApiDb:261 - Set plugin images path to: C:\Program Files\STM32CubeIDE_1.14.1\STM32CubeIDE\plugins\com.st.stm32cube.common.mx_6.10.0.202311202037\\db\/plugins/mcufinder/images/
2024-03-09 22:39:12,523 [WARN] DbFile:41 - Overriding database path with different value: C:\Users\Daniel\.stmcufinder\plugins\mcufinder/ => C:\Users\Daniel\.stmcufinder\plugins\mcufinder
2024-03-09 22:39:12,524 [INFO] ApiDb:250 - Set database path to: C:\Users\Daniel\.stmcufinder\plugins\mcufinder//mcu/
2024-03-09 22:39:12,524 [WARN] DbFile:41 - Overriding database path with different value: C:\Users\Daniel\.stmcufinder\plugins\mcufinder/ => C:\Users\Daniel\.stmcufinder\plugins\mcufinder
2024-03-09 22:39:12,524 [INFO] DbMcusAds:125 - Set database path to: C:\Users\Daniel\.stmcufinder\plugins\mcufinder//mcu/
2024-03-09 22:39:12,524 [WARN] DbFile:41 - Overriding database path with different value: C:\Users\Daniel\.stmcufinder\plugins\mcufinder/ => C:\Users\Daniel\.stmcufinder\plugins\mcufinder
2024-03-09 22:39:12,524 [WARN] DbFile:41 - Overriding database path with different value: C:\Users\Daniel\.stmcufinder\plugins\mcufinder/ => C:\Users\Daniel\.stmcufinder\plugins\mcufinder
2024-03-09 22:39:12,524 [INFO] CrossReferenceDbSqlite:203 - Set database path to: C:\Users\Daniel\.stmcufinder\plugins\mcufinder//mcu/cs/
2024-03-09 22:39:12,588 [INFO] ApplicationProperties:184 - Using Application install path: C:\Program Files\STM32CubeIDE_1.14.1\STM32CubeIDE\plugins\com.st.stm32cube.common.mx_6.10.0.202311202037
2024-03-09 22:39:12,594 [INFO] PluginManage:196 - Search for loadable plugins [exclusion list=, ]
2024-03-09 22:39:12,599 [INFO] PluginManage:310 - Check plugin analytics
2024-03-09 22:39:13,119 [INFO] AnalyticsPlugin:253 - Accepted Software Licenses: 
2024-03-09 22:39:13,120 [INFO] AnalyticsPlugin:255 - Accepted CMSIS Pack Licenses: 
2024-03-09 22:39:13,122 [INFO] AnalyticsPlugin:257 - Accepted Firmware Licenses: 
2024-03-09 22:39:13,135 [INFO] PluginManage:359 - Loaded plugin analytics (category:tool,tabindex:-1)
2024-03-09 22:39:13,136 [INFO] PluginManage:310 - Check plugin cadmodel
2024-03-09 22:39:13,177 [INFO] CADModel:105 - Init CAD model plugin
2024-03-09 22:39:13,177 [INFO] PluginManage:359 - Loaded plugin cadmodel (category:power,tabindex:5)
2024-03-09 22:39:13,178 [INFO] PluginManage:310 - Check plugin clock
2024-03-09 22:39:13,235 [INFO] PluginManage:359 - Loaded plugin clock (category:base,tabindex:2)
2024-03-09 22:39:13,235 [INFO] PluginManage:310 - Check plugin ddr
2024-03-09 22:39:13,245 [INFO] PluginManage:359 - Loaded plugin ddr (category:tool,tabindex:6)
2024-03-09 22:39:13,246 [INFO] PluginManage:310 - Check plugin filemanager
2024-03-09 22:39:13,598 [INFO] PluginManage:359 - Loaded plugin filemanager (category:base,tabindex:10)
2024-03-09 22:39:13,599 [INFO] PluginManage:310 - Check plugin ipmanager
2024-03-09 22:39:13,616 [INFO] PluginManage:359 - Loaded plugin ipmanager (category:base,tabindex:5)
2024-03-09 22:39:13,617 [INFO] PluginManage:310 - Check plugin lpbam
2024-03-09 22:39:13,649 [INFO] PluginManage:359 - Loaded plugin lpbam (category:base,tabindex:0)
2024-03-09 22:39:13,650 [INFO] PluginManage:310 - Check plugin memorymap
2024-03-09 22:39:13,712 [INFO] PluginManage:359 - Loaded plugin memorymap (category:base,tabindex:4)
2024-03-09 22:39:13,713 [INFO] PluginManage:310 - Check plugin pinoutandconfiguration
2024-03-09 22:39:13,748 [INFO] PluginManage:359 - Loaded plugin pinoutandconfiguration (category:base,tabindex:1)
2024-03-09 22:39:13,749 [INFO] PluginManage:310 - Check plugin pinoutconfig
2024-03-09 22:39:14,015 [WARN] SupportedApi:132 - Cannot load RTOS API schema: s4s-elt-must-match.1: The content of 'definitions' must match (annotation?, (simpleType | complexType)?, (unique | key | keyref)*)). A problem was found starting at: attribute.
2024-03-09 22:39:14,335 [INFO] PluginManage:359 - Loaded plugin pinoutconfig (category:base,tabindex:0)
2024-03-09 22:39:14,335 [INFO] PluginManage:310 - Check plugin power
2024-03-09 22:39:14,394 [INFO] PluginManage:359 - Loaded plugin power (category:power,tabindex:4)
2024-03-09 22:39:14,394 [INFO] PluginManage:310 - Check plugin projectmanager
2024-03-09 22:39:14,435 [INFO] PluginManage:359 - Loaded plugin projectmanager (category:projectmanager,tabindex:3)
2024-03-09 22:39:14,436 [INFO] PluginManage:310 - Check plugin thirdparty
2024-03-09 22:39:15,143 [INFO] PluginManage:359 - Loaded plugin thirdparty (category:base,tabindex:-1)
2024-03-09 22:39:15,143 [WARN] IntegrityCheckThread:84 - waiting for thirdparty lock release [integrity check]
2024-03-09 22:39:15,144 [INFO] IntegrityCheckThread:86 - entering critical section [integrity check]
2024-03-09 22:39:15,144 [INFO] PluginManage:310 - Check plugin tools
2024-03-09 22:39:15,145 [INFO] ThirdPartyUpdaterWithRetryManager:70 - Updater plugin not ready yet. [1/15]
2024-03-09 22:39:15,200 [INFO] PluginManage:359 - Loaded plugin tools (category:base,tabindex:7)
2024-03-09 22:39:15,201 [INFO] PluginManage:310 - Check plugin tutovideos
2024-03-09 22:39:15,753 [INFO] PluginManage:359 - Loaded plugin tutovideos (category:base,tabindex:-1)
2024-03-09 22:39:15,754 [INFO] PluginManage:310 - Check plugin updater
2024-03-09 22:39:15,803 [INFO] PluginManage:359 - Loaded plugin updater (category:base,tabindex:12)
2024-03-09 22:39:15,804 [INFO] PluginManage:310 - Check plugin userauth
2024-03-09 22:39:15,821 [INFO] UserAuth:114 - Init User Auth plugin
2024-03-09 22:39:15,821 [INFO] PluginManage:359 - Loaded plugin userauth (category:base,tabindex:14)
2024-03-09 22:39:15,822 [INFO] PluginManage:283 - PluginManage : Loaded plugins [17]
2024-03-09 22:39:16,485 [INFO] PinOutPanel:1499 - setPackage(No Configuration,No Configuration)
2024-03-09 22:39:16,706 [INFO] CADModel:165 - CPN selected for project level
2024-03-09 22:39:16,706 [INFO] CADModel:114 - Register for checkConnection events
2024-03-09 22:39:16,777 [INFO] IPUIPlugin:80 - create IPUIPlugin
2024-03-09 22:39:16,777 [INFO] PluginManager:220 - loadIPPluginJar : add adc
2024-03-09 22:39:16,830 [INFO] IPUIPlugin:80 - create IPUIPlugin
2024-03-09 22:39:16,830 [INFO] PluginManager:220 - loadIPPluginJar : add aes
2024-03-09 22:39:16,891 [INFO] IPUIPlugin:80 - create IPUIPlugin
2024-03-09 22:39:16,892 [INFO] PluginManager:220 - loadIPPluginJar : add can
2024-03-09 22:39:16,926 [INFO] IPUIPlugin:80 - create IPUIPlugin
2024-03-09 22:39:16,927 [INFO] PluginManager:220 - loadIPPluginJar : add comp
2024-03-09 22:39:16,976 [INFO] IPUIPlugin:80 - create IPUIPlugin
2024-03-09 22:39:16,976 [INFO] PluginManager:220 - loadIPPluginJar : add cryp
2024-03-09 22:39:17,024 [INFO] IPUIPlugin:80 - create IPUIPlugin
2024-03-09 22:39:17,024 [INFO] PluginManager:220 - loadIPPluginJar : add dfsdm
2024-03-09 22:39:17,057 [INFO] IPUIPlugin:80 - create IPUIPlugin
2024-03-09 22:39:17,058 [INFO] PluginManager:220 - loadIPPluginJar : add dma
2024-03-09 22:39:17,145 [INFO] IPUIPlugin:80 - create IPUIPlugin
2024-03-09 22:39:17,145 [INFO] PluginManager:220 - loadIPPluginJar : add dma3
2024-03-09 22:39:17,183 [INFO] IPUIPlugin:80 - create IPUIPlugin
2024-03-09 22:39:17,184 [INFO] PluginManager:220 - loadIPPluginJar : add fatfs
2024-03-09 22:39:17,266 [INFO] IPUIPlugin:80 - create IPUIPlugin
2024-03-09 22:39:17,266 [INFO] PluginManager:220 - loadIPPluginJar : add fmc
2024-03-09 22:39:17,296 [INFO] IPUIPlugin:80 - create IPUIPlugin
2024-03-09 22:39:17,297 [INFO] PluginManager:220 - loadIPPluginJar : add freertos
2024-03-09 22:39:17,330 [INFO] IPUIPlugin:80 - create IPUIPlugin
2024-03-09 22:39:17,331 [INFO] PluginManager:220 - loadIPPluginJar : add genericplugin
2024-03-09 22:39:17,480 [INFO] IPUIPlugin:80 - create IPUIPlugin
2024-03-09 22:39:17,481 [INFO] PluginManager:220 - loadIPPluginJar : add gfxmmu
2024-03-09 22:39:17,687 [INFO] IPUIPlugin:80 - create IPUIPlugin
2024-03-09 22:39:17,687 [INFO] PluginManager:220 - loadIPPluginJar : add gic
2024-03-09 22:39:17,713 [INFO] IPUIPlugin:80 - create IPUIPlugin
2024-03-09 22:39:17,713 [INFO] PluginManager:220 - loadIPPluginJar : add gpio
2024-03-09 22:39:17,862 [INFO] IPUIPlugin:80 - create IPUIPlugin
2024-03-09 22:39:17,862 [INFO] PluginManager:220 - loadIPPluginJar : add gtzc
2024-03-09 22:39:17,915 [INFO] IPUIPlugin:80 - create IPUIPlugin
2024-03-09 22:39:17,916 [INFO] PluginManager:220 - loadIPPluginJar : add hash
2024-03-09 22:39:18,003 [INFO] IPUIPlugin:80 - create IPUIPlugin
2024-03-09 22:39:18,004 [INFO] PluginManager:220 - loadIPPluginJar : add i2c
2024-03-09 22:39:18,074 [INFO] IPUIPlugin:80 - create IPUIPlugin
2024-03-09 22:39:18,075 [INFO] PluginManager:220 - loadIPPluginJar : add i2s
2024-03-09 22:39:18,142 [INFO] IPUIPlugin:80 - create IPUIPlugin
2024-03-09 22:39:18,143 [INFO] PluginManager:220 - loadIPPluginJar : add i3c
2024-03-09 22:39:18,150 [INFO] ThirdPartyUpdaterWithRetryManager:70 - Updater plugin not ready yet. [2/15]
2024-03-09 22:39:18,307 [INFO] IPUIPlugin:80 - create IPUIPlugin
2024-03-09 22:39:18,308 [INFO] PluginManager:220 - loadIPPluginJar : add ipddr
2024-03-09 22:39:18,456 [INFO] IPUIPlugin:80 - create IPUIPlugin
2024-03-09 22:39:18,456 [INFO] PluginManager:220 - loadIPPluginJar : add linkedlist
2024-03-09 22:39:18,513 [INFO] IPUIPlugin:80 - create IPUIPlugin
2024-03-09 22:39:18,514 [INFO] PluginManager:220 - loadIPPluginJar : add lorawan
2024-03-09 22:39:18,572 [INFO] IPUIPlugin:80 - create IPUIPlugin
2024-03-09 22:39:18,572 [INFO] PluginManager:220 - loadIPPluginJar : add ltdc
2024-03-09 22:39:18,598 [INFO] IPUIPlugin:80 - create IPUIPlugin
2024-03-09 22:39:18,599 [INFO] PluginManager:220 - loadIPPluginJar : add mdma
2024-03-09 22:39:18,621 [INFO] IPUIPlugin:80 - create IPUIPlugin
2024-03-09 22:39:18,621 [INFO] PluginManager:220 - loadIPPluginJar : add nvic
2024-03-09 22:39:18,748 [INFO] IPUIPlugin:80 - create IPUIPlugin
2024-03-09 22:39:18,748 [INFO] PluginManager:220 - loadIPPluginJar : add opamp
2024-03-09 22:39:18,906 [INFO] IPUIPlugin:80 - create IPUIPlugin
2024-03-09 22:39:18,907 [INFO] PluginManager:220 - loadIPPluginJar : add openamp
2024-03-09 22:39:18,994 [INFO] IPUIPlugin:80 - create IPUIPlugin
2024-03-09 22:39:18,995 [INFO] PluginManager:220 - loadIPPluginJar : add pdm2pcm
2024-03-09 22:39:19,034 [INFO] IPUIPlugin:80 - create IPUIPlugin
2024-03-09 22:39:19,040 [INFO] PluginManager:220 - loadIPPluginJar : add plateformsettings
2024-03-09 22:39:19,083 [INFO] IPUIPlugin:80 - create IPUIPlugin
2024-03-09 22:39:19,083 [INFO] PluginManager:220 - loadIPPluginJar : add quadspi
2024-03-09 22:39:19,112 [INFO] IPUIPlugin:80 - create IPUIPlugin
2024-03-09 22:39:19,112 [INFO] PluginManager:220 - loadIPPluginJar : add resmgrutility
2024-03-09 22:39:19,202 [INFO] IPUIPlugin:80 - create IPUIPlugin
2024-03-09 22:39:19,203 [INFO] PluginManager:220 - loadIPPluginJar : add sai
2024-03-09 22:39:19,266 [INFO] IPUIPlugin:80 - create IPUIPlugin
2024-03-09 22:39:19,267 [INFO] PluginManager:220 - loadIPPluginJar : add spi
2024-03-09 22:39:19,392 [INFO] IPUIPlugin:80 - create IPUIPlugin
2024-03-09 22:39:19,392 [INFO] PluginManager:220 - loadIPPluginJar : add stm32_wpan
2024-03-09 22:39:19,428 [INFO] IPUIPlugin:80 - create IPUIPlugin
2024-03-09 22:39:19,428 [INFO] PluginManager:220 - loadIPPluginJar : add tim
2024-03-09 22:39:19,515 [INFO] IPUIPlugin:80 - create IPUIPlugin
2024-03-09 22:39:19,515 [INFO] PluginManager:220 - loadIPPluginJar : add touchsensing
2024-03-09 22:39:19,550 [INFO] IPUIPlugin:80 - create IPUIPlugin
2024-03-09 22:39:19,550 [INFO] PluginManager:220 - loadIPPluginJar : add tracer_emb
2024-03-09 22:39:19,588 [INFO] IPUIPlugin:80 - create IPUIPlugin
2024-03-09 22:39:19,588 [INFO] PluginManager:220 - loadIPPluginJar : add ts
2024-03-09 22:39:19,622 [INFO] IPUIPlugin:80 - create IPUIPlugin
2024-03-09 22:39:19,622 [INFO] PluginManager:220 - loadIPPluginJar : add tsc
2024-03-09 22:39:19,657 [INFO] IPUIPlugin:80 - create IPUIPlugin
2024-03-09 22:39:19,657 [INFO] PluginManager:220 - loadIPPluginJar : add ucpd
2024-03-09 22:39:19,729 [INFO] IPUIPlugin:80 - create IPUIPlugin
2024-03-09 22:39:19,729 [INFO] PluginManager:220 - loadIPPluginJar : add usart
2024-03-09 22:39:19,801 [INFO] IPUIPlugin:80 - create IPUIPlugin
2024-03-09 22:39:19,802 [INFO] PluginManager:220 - loadIPPluginJar : add usbx
2024-03-09 22:39:20,037 [INFO] CADModel:165 - CPN selected for project level
2024-03-09 22:39:20,038 [INFO] CADModel:114 - Register for checkConnection events
2024-03-09 22:39:20,038 [FATAL] Updater:308 - Updater called before beeing initialized
2024-03-09 22:39:20,038 [ERROR] CADModel:125 - Updater not yet initialized, retry later 
2024-03-09 22:39:20,418 [INFO] CADModel:165 - CPN selected for project level
2024-03-09 22:39:20,418 [INFO] CADModel:114 - Register for checkConnection events
2024-03-09 22:39:20,419 [FATAL] Updater:308 - Updater called before beeing initialized
2024-03-09 22:39:20,419 [ERROR] CADModel:125 - Updater not yet initialized, retry later 
2024-03-09 22:39:20,426 [FATAL] Updater:308 - Updater called before beeing initialized
2024-03-09 22:39:20,690 [FATAL] Updater:308 - Updater called before beeing initialized
2024-03-09 22:39:20,704 [INFO] DbMcusAds:53 - JSON generation date=Wed Nov 29 11:52:27 CET 2023 (1701255147349)
2024-03-09 22:39:20,704 [FATAL] Updater:308 - Updater called before beeing initialized
2024-03-09 22:39:20,894 [WARN] DetailPanel:346 - Failed to get advertising image, set to default
2024-03-09 22:39:21,108 [FATAL] Updater:308 - Updater called before beeing initialized
2024-03-09 22:39:21,115 [FATAL] Updater:308 - Updater called before beeing initialized
2024-03-09 22:39:21,115 [FATAL] Updater:308 - Updater called before beeing initialized
2024-03-09 22:39:21,115 [WARN] DetailPanel:346 - Failed to get advertising image, set to default
2024-03-09 22:39:21,116 [FATAL] Updater:308 - Updater called before beeing initialized
2024-03-09 22:39:21,163 [INFO] ThirdPartyUpdaterWithRetryManager:70 - Updater plugin not ready yet. [3/15]
2024-03-09 22:39:21,291 [ERROR] Updater:1120 - MainUpdater not yet initialized. External WinMGr cannot be set.
2024-03-09 22:39:21,308 [INFO] Updater:1056 - Updater Version found : 6.10.0
2024-03-09 22:39:21,366 [INFO] ApplicationProperties:184 - Using Application install path: C:\Program Files\STM32CubeIDE_1.14.1\STM32CubeIDE\plugins\com.st.stm32cube.common.mx_6.10.0.202311202037
2024-03-09 22:39:23,021 [ERROR] LogOutputStream:75 - [STDERR_REDIRECT] Mar 09, 2024 10:39:23 PM java.util.prefs.WindowsPreferences <init>
2024-03-09 22:39:23,027 [ERROR] LogOutputStream:75 - [STDERR_REDIRECT] WARNING: Could not open/create prefs root node Software\JavaSoft\Prefs at root 0xffffffff80000002. Windows RegCreateKeyEx(...) returned error code 5.
2024-03-09 22:39:23,028 [ERROR] LogOutputStream:75 - [STDERR_REDIRECT] 
2024-03-09 22:39:23,972 [INFO] MainUpdater:2873 - connection check result : 10
2024-03-09 22:39:23,973 [INFO] MainUpdater:290 - Updater Check For Update Now.
2024-03-09 22:39:23,974 [INFO] MicroXplorer:498 - Change Database Version : DB.6.0.100
2024-03-09 22:39:24,006 [INFO] McuFinderGlobals:63 - Set McuFinder mode to 2 (CubeIDE integrated)
2024-03-09 22:39:24,043 [INFO] UserAuth:404 - Internet connection configuration mode: 1
2024-03-09 22:39:24,160 [INFO] JxBrowserEngine:152 - Initiate JxBrowser Engine with user profile folder
2024-03-09 22:39:24,172 [WARN] MainUpdater:1194 - Updater busy. Cannot search thirdparties
2024-03-09 22:39:24,174 [INFO] ThirdPartyUpdaterWithRetryManager:96 - Updater plugin is busy. [1/15]
2024-03-09 22:39:24,304 [INFO] CheckServerUpdateThread:120 - End of CheckServer Thread
2024-03-09 22:39:27,657 [WARN] PackLoader:240 - Cannot read IP mode file for STMicroelectronics.X-CUBE-SMBUS.2.1.0
2024-03-09 22:39:27,679 [WARN] PackLoader:240 - Cannot read IP mode file for STMicroelectronics.X-CUBE-TOUCHGFX.4.23.0
2024-03-09 22:39:27,763 [WARN] PackLoader:240 - Cannot read IP mode file for STMicroelectronics.X-CUBE-AZRTOS-F7.1.1.0
2024-03-09 22:39:27,803 [WARN] PackLoader:240 - Cannot read IP mode file for STMicroelectronics.FP-SNS-MOTENV1.4.3.2
2024-03-09 22:39:27,847 [WARN] PackLoader:240 - Cannot read IP mode file for STMicroelectronics.FP-SNS-FLIGHT1.5.0.2
2024-03-09 22:39:27,890 [WARN] PackLoader:240 - Cannot read IP mode file for STMicroelectronics.X-CUBE-DISPLAY.3.0.0
2024-03-09 22:39:27,931 [WARN] PackLoader:240 - Cannot read IP mode file for STMicroelectronics.X-CUBE-BLE1.7.0.0
2024-03-09 22:39:27,958 [WARN] PackLoader:240 - Cannot read IP mode file for emotas.I-CUBE-CANOPEN.1.3.0
2024-03-09 22:39:28,000 [WARN] PackLoader:240 - Cannot read IP mode file for STMicroelectronics.X-CUBE-BLEMGR.3.1.0
2024-03-09 22:39:28,030 [WARN] PackLoader:240 - Cannot read IP mode file for STMicroelectronics.FP-SNS-SMARTAG2.1.2.0
2024-03-09 22:39:28,081 [INFO] LogOutputStream:77 - [STDOUT_REDIRECT] 1 : Invalid condition id : UX_CORESTACK_Condition cause : null
2024-03-09 22:39:28,082 [INFO] LogOutputStream:77 - [STDOUT_REDIRECT] 1 : Invalid condition id : UX_CORESTACK_Condition cause : null
2024-03-09 22:39:28,084 [INFO] LogOutputStream:77 - [STDOUT_REDIRECT] 1 : Invalid condition id : UX_CORESTACK_Condition cause : null
2024-03-09 22:39:28,087 [INFO] LogOutputStream:77 - [STDOUT_REDIRECT] 1 : Invalid condition id : UX_CORESTACK_Condition cause : null
2024-03-09 22:39:28,089 [INFO] LogOutputStream:77 - [STDOUT_REDIRECT] 1 : Invalid condition id : UX_CORESTACK_Condition cause : null
2024-03-09 22:39:28,101 [WARN] PackLoader:240 - Cannot read IP mode file for STMicroelectronics.X-CUBE-AZRTOS-WL.2.0.0
2024-03-09 22:39:28,138 [WARN] PackLoader:240 - Cannot read IP mode file for WES.I-CUBE-Cesium.1.3.0
2024-03-09 22:39:28,166 [WARN] PackLoader:240 - Cannot read IP mode file for STMicroelectronics.X-CUBE-BLE2.3.3.0
2024-03-09 22:39:28,192 [WARN] PackLoader:240 - Cannot read IP mode file for STMicroelectronics.X-CUBE-ALGOBUILD.1.3.0
2024-03-09 22:39:28,255 [WARN] PackLoader:240 - Cannot read IP mode file for STMicroelectronics.X-CUBE-AZRTOS-G0.1.1.0
2024-03-09 22:39:28,308 [WARN] PackLoader:240 - Cannot read IP mode file for STMicroelectronics.X-CUBE-NFC4.3.0.0
2024-03-09 22:39:28,353 [WARN] PackLoader:240 - Cannot read IP mode file for STMicroelectronics.X-CUBE-BLEMGR.3.0.0
2024-03-09 22:39:28,379 [WARN] PackLoader:240 - Cannot read IP mode file for STMicroelectronics.FP-ATR-SIGFOX1.3.2.0
2024-03-09 22:39:28,432 [WARN] PackLoader:240 - Cannot read IP mode file for STMicroelectronics.X-CUBE-EEPRMA1.5.1.0
2024-03-09 22:39:28,560 [WARN] PackLoader:240 - Cannot read IP mode file for SEGGER.I-CUBE-embOS.1.3.1
2024-03-09 22:39:28,821 [WARN] PackLoader:240 - Cannot read IP mode file for STMicroelectronics.X-CUBE-GNSS1.6.0.0
2024-03-09 22:39:28,937 [WARN] PackLoader:240 - Cannot read IP mode file for STMicroelectronics.X-CUBE-AZRTOS-F4.1.1.0
2024-03-09 22:39:28,985 [WARN] PackLoader:240 - Cannot read IP mode file for wolfSSL.I-CUBE-wolfSSL.5.6.6
2024-03-09 22:39:29,101 [WARN] PackLoader:240 - Cannot read IP mode file for STMicroelectronics.X-CUBE-AZRTOS-L5.2.0.0
2024-03-09 22:39:29,329 [WARN] PackLoader:240 - Cannot read IP mode file for ITTIA_DB.I-CUBE-ITTIADB.8.8.0
2024-03-09 22:39:29,356 [WARN] PackLoader:240 - Cannot read IP mode file for STMicroelectronics.X-CUBE-NFC7.1.0.1
2024-03-09 22:39:29,431 [WARN] PackLoader:240 - Cannot read IP mode file for STMicroelectronics.X-CUBE-NFC6.3.0.0
2024-03-09 22:39:29,541 [WARN] PackLoader:240 - Cannot read IP mode file for STMicroelectronics.X-CUBE-AI.8.1.0
2024-03-09 22:39:30,022 [WARN] ConditionMgr:438 - getConditionDescription Invalid condition id : LAN8742 Phy interface Condition cause : null
2024-03-09 22:39:30,026 [WARN] PackLoader:240 - Cannot read IP mode file for STMicroelectronics.X-CUBE-AZRTOS-L4.2.0.0
2024-03-09 22:39:30,029 [WARN] ConditionMgr:1039 - genDependencies : Invalid condition id : LAN8742 Phy interface Condition cause : null
2024-03-09 22:39:30,029 [WARN] ConditionMgr:1039 - genDependencies : Invalid condition id : LAN8742 Phy interface Condition cause : null
2024-03-09 22:39:30,031 [WARN] ConditionMgr:1039 - genDependencies : Invalid condition id : LAN8742 Phy interface Condition cause : null
2024-03-09 22:39:30,076 [WARN] PackLoader:240 - Cannot read IP mode file for STMicroelectronics.X-CUBE-SFXS2LP1.4.0.0
2024-03-09 22:39:30,146 [WARN] ConditionMgr:438 - getConditionDescription Invalid condition id : UX DEVICE CLASS RTOS Condition cause : null
2024-03-09 22:39:30,147 [WARN] ConditionMgr:438 - getConditionDescription Invalid condition id : UX DEVICE CLASS RTOS Condition cause : null
2024-03-09 22:39:30,153 [WARN] PackLoader:240 - Cannot read IP mode file for STMicroelectronics.X-CUBE-AZRTOS-WB.2.0.0
2024-03-09 22:39:30,155 [WARN] ConditionMgr:1039 - genDependencies : Invalid condition id : UX DEVICE CLASS RTOS Condition cause : null
2024-03-09 22:39:30,162 [WARN] ConditionMgr:1039 - genDependencies : Invalid condition id : UX DEVICE CLASS RTOS Condition cause : null
2024-03-09 22:39:30,164 [WARN] ConditionMgr:1039 - genDependencies : Invalid condition id : UX DEVICE CLASS RTOS Condition cause : null
2024-03-09 22:39:30,165 [WARN] ConditionMgr:1039 - genDependencies : Invalid condition id : UX DEVICE CLASS RTOS Condition cause : null
2024-03-09 22:39:30,167 [WARN] ConditionMgr:1039 - genDependencies : Invalid condition id : UX DEVICE CLASS RTOS Condition cause : null
2024-03-09 22:39:30,452 [WARN] PackLoader:240 - Cannot read IP mode file for STMicroelectronics.X-CUBE-SUBG2.5.0.0
2024-03-09 22:39:30,871 [WARN] PackLoader:240 - Cannot read IP mode file for STMicroelectronics.X-CUBE-AZRTOS-G4.2.0.0
2024-03-09 22:39:31,117 [WARN] PackLoader:240 - Cannot read IP mode file for Infineon.AIROC-Wi-Fi-Bluetooth-STM32.1.5.1
2024-03-09 22:39:31,301 [WARN] PackLoader:240 - Cannot read IP mode file for STMicroelectronics.FP-SNS-MOTENVWB1.1.3.1
2024-03-09 22:39:31,382 [WARN] PackLoader:240 - Cannot read IP mode file for STMicroelectronics.X-CUBE-ISPU.2.0.0
2024-03-09 22:39:31,868 [WARN] PackLoader:240 - Cannot read IP mode file for STMicroelectronics.X-CUBE-MEMS1.10.0.0
2024-03-09 22:39:32,473 [INFO] WebApp:161 - Instantiating new browser for Auth
2024-03-09 22:39:32,555 [WARN] PackLoader:240 - Cannot read IP mode file for STMicroelectronics.X-CUBE-FREERTOS.1.1.0
2024-03-09 22:39:32,856 [WARN] PackLoader:240 - Cannot read IP mode file for portGmbH.I-Cube-SoM-uGOAL.1.1.0
2024-03-09 22:39:32,988 [WARN] PackLoader:240 - Cannot read IP mode file for STMicroelectronics.X-CUBE-ALS.1.0.1
2024-03-09 22:39:33,187 [WARN] PackLoader:240 - Cannot read IP mode file for STMicroelectronics.FP-ATR-ASTRA1.2.0.0
2024-03-09 22:39:33,245 [WARN] PackLoader:240 - Cannot read IP mode file for STMicroelectronics.X-CUBE-TOF1.3.4.0
2024-03-09 22:39:33,544 [WARN] PackLoader:240 - Cannot read IP mode file for STMicroelectronics.X-CUBE-TOF1.3.4.1
2024-03-09 22:39:33,735 [WARN] PackLoader:240 - Cannot read IP mode file for STMicroelectronics.X-CUBE-AZRTOS-H7.3.2.0
2024-03-09 22:39:33,744 [INFO] ThirdParty:978 - Integrity check success = true
2024-03-09 22:39:33,745 [INFO] IntegrityCheckThread:100 - exiting critical section [integrity check]
2024-03-09 22:39:33,745 [INFO] IntegrityCheckThread:103 - End integrity checks thread
2024-03-09 22:39:35,312 [INFO] WebApp:780 - Register for checkConnection events
2024-03-09 22:39:35,312 [INFO] WebApp:414 - Apply proxy settings
2024-03-09 22:39:35,313 [INFO] WebApp:499 - Chromium requires no authentication
2024-03-09 22:39:35,342 [INFO] WebApp:442 - Direct internet connection detected
2024-03-09 22:39:35,911 [INFO] WebApp:192 - Starting web application
2024-03-09 22:39:35,911 [INFO] WebApp:544 - Web application path used C:\Program Files\STM32CubeIDE_1.14.1\STM32CubeIDE\plugins\com.st.stm32cube.common.mx_6.10.0.202311202037\db\plugins\mcufinder\reactClient1\index.html
2024-03-09 22:39:57,525 [ERROR] LogOutputStream:75 - [STDERR_REDIRECT] SLF4J: Failed to load class "org.slf4j.impl.StaticLoggerBinder".
2024-03-09 22:39:57,530 [ERROR] LogOutputStream:75 - [STDERR_REDIRECT] SLF4J: Defaulting to no-operation (NOP) logger implementation
2024-03-09 22:39:57,532 [ERROR] LogOutputStream:75 - [STDERR_REDIRECT] SLF4J: See http://www.slf4j.org/codes.html#StaticLoggerBinder for further details.
