2024-03-06 10:42:26,660 [INFO] Activator:176 - 


2024-03-06 10:42:26,672 [INFO] Activator:177 - !SESSION log4j initialized
2024-03-06 10:42:43,131 [INFO] LogOutputStream:77 - [STDOUT_REDIRECT] 
2024-03-06 10:42:57,601 [INFO] ApplicationProperties:184 - Using Application install path: C:\Program Files\STM32CubeIDE_1.14.1\STM32CubeIDE\plugins\com.st.stm32cube.common.mx_6.10.0.202311202037
2024-03-06 10:42:57,693 [INFO] DbMcusXml:78 - Set database path to: C:\Program Files\STM32CubeIDE_1.14.1\STM32CubeIDE\plugins\com.st.stm32cube.common.mx_6.10.0.202311202037\\db\/mcu/
2024-03-06 10:42:57,694 [INFO] ApiDb:274 - Set plugin database path to: C:\Program Files\STM32CubeIDE_1.14.1\STM32CubeIDE\plugins\com.st.stm32cube.common.mx_6.10.0.202311202037\\db\/plugins/boardmanager/
2024-03-06 10:42:57,702 [WARN] ApiDb:259 - Overriding images path with different value:  => C:\Program Files\STM32CubeIDE_1.14.1\STM32CubeIDE\plugins\com.st.stm32cube.common.mx_6.10.0.202311202037\\db\/plugins/mcufinder/images/
2024-03-06 10:42:57,772 [INFO] ApiDb:250 - Set database path to: C:\Users\Daniel\.stmcufinder\plugins\mcufinder//mcu/
2024-03-06 10:42:57,777 [INFO] DbMcusAds:125 - Set database path to: C:\Users\Daniel\.stmcufinder\plugins\mcufinder//mcu/
2024-03-06 10:42:57,785 [INFO] CrossReferenceDbSqlite:203 - Set database path to: C:\Users\Daniel\.stmcufinder\plugins\mcufinder//mcu/cs/
2024-03-06 10:42:58,213 [INFO] RulesReader:64 - Compatibility file has been processed (297 Rules)
2024-03-06 10:42:58,631 [INFO] DbMcusXml:78 - Set database path to: C:\Program Files\STM32CubeIDE_1.14.1\STM32CubeIDE\plugins\com.st.stm32cube.common.mx_6.10.0.202311202037\\db\/mcu/
2024-03-06 10:42:58,631 [INFO] ApiDb:274 - Set plugin database path to: C:\Program Files\STM32CubeIDE_1.14.1\STM32CubeIDE\plugins\com.st.stm32cube.common.mx_6.10.0.202311202037\\db\/plugins/boardmanager/
2024-03-06 10:42:58,632 [INFO] ApiDb:261 - Set plugin images path to: C:\Program Files\STM32CubeIDE_1.14.1\STM32CubeIDE\plugins\com.st.stm32cube.common.mx_6.10.0.202311202037\\db\/plugins/mcufinder/images/
2024-03-06 10:42:58,632 [WARN] DbFile:41 - Overriding database path with different value: C:\Users\Daniel\.stmcufinder\plugins\mcufinder/ => C:\Users\Daniel\.stmcufinder\plugins\mcufinder
2024-03-06 10:42:58,632 [INFO] ApiDb:250 - Set database path to: C:\Users\Daniel\.stmcufinder\plugins\mcufinder//mcu/
2024-03-06 10:42:58,632 [WARN] DbFile:41 - Overriding database path with different value: C:\Users\Daniel\.stmcufinder\plugins\mcufinder/ => C:\Users\Daniel\.stmcufinder\plugins\mcufinder
2024-03-06 10:42:58,632 [INFO] DbMcusAds:125 - Set database path to: C:\Users\Daniel\.stmcufinder\plugins\mcufinder//mcu/
2024-03-06 10:42:58,633 [WARN] DbFile:41 - Overriding database path with different value: C:\Users\Daniel\.stmcufinder\plugins\mcufinder/ => C:\Users\Daniel\.stmcufinder\plugins\mcufinder
2024-03-06 10:42:58,633 [WARN] DbFile:41 - Overriding database path with different value: C:\Users\Daniel\.stmcufinder\plugins\mcufinder/ => C:\Users\Daniel\.stmcufinder\plugins\mcufinder
2024-03-06 10:42:58,633 [INFO] CrossReferenceDbSqlite:203 - Set database path to: C:\Users\Daniel\.stmcufinder\plugins\mcufinder//mcu/cs/
2024-03-06 10:42:58,996 [INFO] MainPanel:264 - HeapMemory: 268435456
2024-03-06 10:42:59,497 [INFO] DbMcusXml:78 - Set database path to: C:\Program Files\STM32CubeIDE_1.14.1\STM32CubeIDE\plugins\com.st.stm32cube.common.mx_6.10.0.202311202037\\db\/mcu/
2024-03-06 10:42:59,497 [INFO] ApiDb:274 - Set plugin database path to: C:\Program Files\STM32CubeIDE_1.14.1\STM32CubeIDE\plugins\com.st.stm32cube.common.mx_6.10.0.202311202037\\db\/plugins/boardmanager/
2024-03-06 10:42:59,497 [INFO] ApiDb:261 - Set plugin images path to: C:\Program Files\STM32CubeIDE_1.14.1\STM32CubeIDE\plugins\com.st.stm32cube.common.mx_6.10.0.202311202037\\db\/plugins/mcufinder/images/
2024-03-06 10:42:59,498 [WARN] DbFile:41 - Overriding database path with different value: C:\Users\Daniel\.stmcufinder\plugins\mcufinder/ => C:\Users\Daniel\.stmcufinder\plugins\mcufinder
2024-03-06 10:42:59,498 [INFO] ApiDb:250 - Set database path to: C:\Users\Daniel\.stmcufinder\plugins\mcufinder//mcu/
2024-03-06 10:42:59,498 [WARN] DbFile:41 - Overriding database path with different value: C:\Users\Daniel\.stmcufinder\plugins\mcufinder/ => C:\Users\Daniel\.stmcufinder\plugins\mcufinder
2024-03-06 10:42:59,498 [INFO] DbMcusAds:125 - Set database path to: C:\Users\Daniel\.stmcufinder\plugins\mcufinder//mcu/
2024-03-06 10:42:59,499 [WARN] DbFile:41 - Overriding database path with different value: C:\Users\Daniel\.stmcufinder\plugins\mcufinder/ => C:\Users\Daniel\.stmcufinder\plugins\mcufinder
2024-03-06 10:42:59,499 [WARN] DbFile:41 - Overriding database path with different value: C:\Users\Daniel\.stmcufinder\plugins\mcufinder/ => C:\Users\Daniel\.stmcufinder\plugins\mcufinder
2024-03-06 10:42:59,499 [INFO] CrossReferenceDbSqlite:203 - Set database path to: C:\Users\Daniel\.stmcufinder\plugins\mcufinder//mcu/cs/
2024-03-06 10:42:59,567 [INFO] ApplicationProperties:184 - Using Application install path: C:\Program Files\STM32CubeIDE_1.14.1\STM32CubeIDE\plugins\com.st.stm32cube.common.mx_6.10.0.202311202037
2024-03-06 10:42:59,574 [INFO] PluginManage:196 - Search for loadable plugins [exclusion list=, ]
2024-03-06 10:42:59,581 [INFO] PluginManage:310 - Check plugin analytics
2024-03-06 10:43:00,286 [INFO] AnalyticsPlugin:253 - Accepted Software Licenses: 
2024-03-06 10:43:00,287 [INFO] AnalyticsPlugin:255 - Accepted CMSIS Pack Licenses: 
2024-03-06 10:43:00,288 [INFO] AnalyticsPlugin:257 - Accepted Firmware Licenses: 
2024-03-06 10:43:00,341 [INFO] PluginManage:359 - Loaded plugin analytics (category:tool,tabindex:-1)
2024-03-06 10:43:00,343 [INFO] PluginManage:310 - Check plugin cadmodel
2024-03-06 10:43:00,382 [INFO] CADModel:105 - Init CAD model plugin
2024-03-06 10:43:00,382 [INFO] PluginManage:359 - Loaded plugin cadmodel (category:power,tabindex:5)
2024-03-06 10:43:00,383 [INFO] PluginManage:310 - Check plugin clock
2024-03-06 10:43:00,485 [INFO] PluginManage:359 - Loaded plugin clock (category:base,tabindex:2)
2024-03-06 10:43:00,485 [INFO] PluginManage:310 - Check plugin ddr
2024-03-06 10:43:00,501 [INFO] PluginManage:359 - Loaded plugin ddr (category:tool,tabindex:6)
2024-03-06 10:43:00,502 [INFO] PluginManage:310 - Check plugin filemanager
2024-03-06 10:43:01,195 [INFO] PluginManage:359 - Loaded plugin filemanager (category:base,tabindex:10)
2024-03-06 10:43:01,196 [INFO] PluginManage:310 - Check plugin ipmanager
2024-03-06 10:43:01,256 [INFO] PluginManage:359 - Loaded plugin ipmanager (category:base,tabindex:5)
2024-03-06 10:43:01,257 [INFO] PluginManage:310 - Check plugin lpbam
2024-03-06 10:43:01,361 [INFO] PluginManage:359 - Loaded plugin lpbam (category:base,tabindex:0)
2024-03-06 10:43:01,361 [INFO] PluginManage:310 - Check plugin memorymap
2024-03-06 10:43:01,497 [INFO] PluginManage:359 - Loaded plugin memorymap (category:base,tabindex:4)
2024-03-06 10:43:01,498 [INFO] PluginManage:310 - Check plugin pinoutandconfiguration
2024-03-06 10:43:01,598 [INFO] PluginManage:359 - Loaded plugin pinoutandconfiguration (category:base,tabindex:1)
2024-03-06 10:43:01,599 [INFO] PluginManage:310 - Check plugin pinoutconfig
2024-03-06 10:43:02,210 [WARN] SupportedApi:132 - Cannot load RTOS API schema: s4s-elt-must-match.1: The content of 'definitions' must match (annotation?, (simpleType | complexType)?, (unique | key | keyref)*)). A problem was found starting at: attribute.
2024-03-06 10:43:03,054 [INFO] PluginManage:359 - Loaded plugin pinoutconfig (category:base,tabindex:0)
2024-03-06 10:43:03,055 [INFO] PluginManage:310 - Check plugin power
2024-03-06 10:43:03,189 [INFO] PluginManage:359 - Loaded plugin power (category:power,tabindex:4)
2024-03-06 10:43:03,189 [INFO] PluginManage:310 - Check plugin projectmanager
2024-03-06 10:43:03,274 [INFO] PluginManage:359 - Loaded plugin projectmanager (category:projectmanager,tabindex:3)
2024-03-06 10:43:03,274 [INFO] PluginManage:310 - Check plugin thirdparty
2024-03-06 10:43:04,682 [INFO] PluginManage:359 - Loaded plugin thirdparty (category:base,tabindex:-1)
2024-03-06 10:43:04,685 [INFO] PluginManage:310 - Check plugin tools
2024-03-06 10:43:04,694 [WARN] IntegrityCheckThread:84 - waiting for thirdparty lock release [integrity check]
2024-03-06 10:43:04,699 [INFO] IntegrityCheckThread:86 - entering critical section [integrity check]
2024-03-06 10:43:04,705 [INFO] ThirdPartyUpdaterWithRetryManager:70 - Updater plugin not ready yet. [1/15]
2024-03-06 10:43:04,855 [INFO] PluginManage:359 - Loaded plugin tools (category:base,tabindex:7)
2024-03-06 10:43:04,859 [INFO] PluginManage:310 - Check plugin tutovideos
2024-03-06 10:43:05,919 [INFO] PluginManage:359 - Loaded plugin tutovideos (category:base,tabindex:-1)
2024-03-06 10:43:05,919 [INFO] PluginManage:310 - Check plugin updater
2024-03-06 10:43:06,133 [INFO] PluginManage:359 - Loaded plugin updater (category:base,tabindex:12)
2024-03-06 10:43:06,134 [INFO] PluginManage:310 - Check plugin userauth
2024-03-06 10:43:06,155 [INFO] UserAuth:114 - Init User Auth plugin
2024-03-06 10:43:06,155 [INFO] PluginManage:359 - Loaded plugin userauth (category:base,tabindex:14)
2024-03-06 10:43:06,157 [INFO] PluginManage:283 - PluginManage : Loaded plugins [17]
2024-03-06 10:43:07,357 [INFO] PinOutPanel:1499 - setPackage(No Configuration,No Configuration)
2024-03-06 10:43:07,762 [INFO] ThirdPartyUpdaterWithRetryManager:70 - Updater plugin not ready yet. [2/15]
2024-03-06 10:43:07,791 [INFO] CADModel:165 - CPN selected for project level
2024-03-06 10:43:07,792 [INFO] CADModel:114 - Register for checkConnection events
2024-03-06 10:43:07,924 [INFO] IPUIPlugin:80 - create IPUIPlugin
2024-03-06 10:43:07,924 [INFO] PluginManager:220 - loadIPPluginJar : add adc
2024-03-06 10:43:08,016 [INFO] IPUIPlugin:80 - create IPUIPlugin
2024-03-06 10:43:08,017 [INFO] PluginManager:220 - loadIPPluginJar : add aes
2024-03-06 10:43:08,187 [INFO] IPUIPlugin:80 - create IPUIPlugin
2024-03-06 10:43:08,187 [INFO] PluginManager:220 - loadIPPluginJar : add can
2024-03-06 10:43:08,255 [INFO] IPUIPlugin:80 - create IPUIPlugin
2024-03-06 10:43:08,256 [INFO] PluginManager:220 - loadIPPluginJar : add comp
2024-03-06 10:43:08,427 [INFO] IPUIPlugin:80 - create IPUIPlugin
2024-03-06 10:43:08,428 [INFO] PluginManager:220 - loadIPPluginJar : add cryp
2024-03-06 10:43:08,544 [INFO] IPUIPlugin:80 - create IPUIPlugin
2024-03-06 10:43:08,544 [INFO] PluginManager:220 - loadIPPluginJar : add dfsdm
2024-03-06 10:43:08,593 [INFO] IPUIPlugin:80 - create IPUIPlugin
2024-03-06 10:43:08,594 [INFO] PluginManager:220 - loadIPPluginJar : add dma
2024-03-06 10:43:08,735 [INFO] IPUIPlugin:80 - create IPUIPlugin
2024-03-06 10:43:08,735 [INFO] PluginManager:220 - loadIPPluginJar : add dma3
2024-03-06 10:43:08,858 [INFO] IPUIPlugin:80 - create IPUIPlugin
2024-03-06 10:43:08,858 [INFO] PluginManager:220 - loadIPPluginJar : add fatfs
2024-03-06 10:43:08,976 [INFO] IPUIPlugin:80 - create IPUIPlugin
2024-03-06 10:43:08,977 [INFO] PluginManager:220 - loadIPPluginJar : add fmc
2024-03-06 10:43:09,077 [INFO] IPUIPlugin:80 - create IPUIPlugin
2024-03-06 10:43:09,078 [INFO] PluginManager:220 - loadIPPluginJar : add freertos
2024-03-06 10:43:09,235 [INFO] IPUIPlugin:80 - create IPUIPlugin
2024-03-06 10:43:09,235 [INFO] PluginManager:220 - loadIPPluginJar : add genericplugin
2024-03-06 10:43:09,594 [INFO] IPUIPlugin:80 - create IPUIPlugin
2024-03-06 10:43:09,595 [INFO] PluginManager:220 - loadIPPluginJar : add gfxmmu
2024-03-06 10:43:10,243 [INFO] IPUIPlugin:80 - create IPUIPlugin
2024-03-06 10:43:10,244 [INFO] PluginManager:220 - loadIPPluginJar : add gic
2024-03-06 10:43:10,335 [INFO] IPUIPlugin:80 - create IPUIPlugin
2024-03-06 10:43:10,335 [INFO] PluginManager:220 - loadIPPluginJar : add gpio
2024-03-06 10:43:10,815 [INFO] IPUIPlugin:80 - create IPUIPlugin
2024-03-06 10:43:10,816 [INFO] PluginManager:220 - loadIPPluginJar : add gtzc
2024-03-06 10:43:10,821 [INFO] ThirdPartyUpdaterWithRetryManager:70 - Updater plugin not ready yet. [3/15]
2024-03-06 10:43:11,071 [INFO] IPUIPlugin:80 - create IPUIPlugin
2024-03-06 10:43:11,072 [INFO] PluginManager:220 - loadIPPluginJar : add hash
2024-03-06 10:43:11,387 [INFO] IPUIPlugin:80 - create IPUIPlugin
2024-03-06 10:43:11,388 [INFO] PluginManager:220 - loadIPPluginJar : add i2c
2024-03-06 10:43:11,694 [INFO] IPUIPlugin:80 - create IPUIPlugin
2024-03-06 10:43:11,695 [INFO] PluginManager:220 - loadIPPluginJar : add i2s
2024-03-06 10:43:12,050 [INFO] IPUIPlugin:80 - create IPUIPlugin
2024-03-06 10:43:12,051 [INFO] PluginManager:220 - loadIPPluginJar : add i3c
2024-03-06 10:43:12,641 [INFO] IPUIPlugin:80 - create IPUIPlugin
2024-03-06 10:43:12,641 [INFO] PluginManager:220 - loadIPPluginJar : add ipddr
2024-03-06 10:43:13,016 [INFO] IPUIPlugin:80 - create IPUIPlugin
2024-03-06 10:43:13,017 [INFO] PluginManager:220 - loadIPPluginJar : add linkedlist
2024-03-06 10:43:13,111 [INFO] IPUIPlugin:80 - create IPUIPlugin
2024-03-06 10:43:13,112 [INFO] PluginManager:220 - loadIPPluginJar : add lorawan
2024-03-06 10:43:13,196 [INFO] IPUIPlugin:80 - create IPUIPlugin
2024-03-06 10:43:13,197 [INFO] PluginManager:220 - loadIPPluginJar : add ltdc
2024-03-06 10:43:13,234 [INFO] IPUIPlugin:80 - create IPUIPlugin
2024-03-06 10:43:13,235 [INFO] PluginManager:220 - loadIPPluginJar : add mdma
2024-03-06 10:43:13,271 [INFO] IPUIPlugin:80 - create IPUIPlugin
2024-03-06 10:43:13,271 [INFO] PluginManager:220 - loadIPPluginJar : add nvic
2024-03-06 10:43:13,344 [INFO] IPUIPlugin:80 - create IPUIPlugin
2024-03-06 10:43:13,346 [INFO] PluginManager:220 - loadIPPluginJar : add opamp
2024-03-06 10:43:13,528 [INFO] IPUIPlugin:80 - create IPUIPlugin
2024-03-06 10:43:13,539 [INFO] PluginManager:220 - loadIPPluginJar : add openamp
2024-03-06 10:43:13,651 [INFO] IPUIPlugin:80 - create IPUIPlugin
2024-03-06 10:43:13,651 [INFO] PluginManager:220 - loadIPPluginJar : add pdm2pcm
2024-03-06 10:43:13,686 [INFO] IPUIPlugin:80 - create IPUIPlugin
2024-03-06 10:43:13,691 [INFO] PluginManager:220 - loadIPPluginJar : add plateformsettings
2024-03-06 10:43:13,734 [INFO] IPUIPlugin:80 - create IPUIPlugin
2024-03-06 10:43:13,734 [INFO] PluginManager:220 - loadIPPluginJar : add quadspi
2024-03-06 10:43:13,764 [INFO] IPUIPlugin:80 - create IPUIPlugin
2024-03-06 10:43:13,764 [INFO] PluginManager:220 - loadIPPluginJar : add resmgrutility
2024-03-06 10:43:13,826 [INFO] ThirdPartyUpdaterWithRetryManager:70 - Updater plugin not ready yet. [4/15]
2024-03-06 10:43:13,860 [INFO] IPUIPlugin:80 - create IPUIPlugin
2024-03-06 10:43:13,861 [INFO] PluginManager:220 - loadIPPluginJar : add sai
2024-03-06 10:43:13,936 [INFO] IPUIPlugin:80 - create IPUIPlugin
2024-03-06 10:43:13,937 [INFO] PluginManager:220 - loadIPPluginJar : add spi
2024-03-06 10:43:14,110 [INFO] IPUIPlugin:80 - create IPUIPlugin
2024-03-06 10:43:14,111 [INFO] PluginManager:220 - loadIPPluginJar : add stm32_wpan
2024-03-06 10:43:14,162 [INFO] IPUIPlugin:80 - create IPUIPlugin
2024-03-06 10:43:14,162 [INFO] PluginManager:220 - loadIPPluginJar : add tim
2024-03-06 10:43:14,337 [INFO] IPUIPlugin:80 - create IPUIPlugin
2024-03-06 10:43:14,337 [INFO] PluginManager:220 - loadIPPluginJar : add touchsensing
2024-03-06 10:43:14,390 [INFO] IPUIPlugin:80 - create IPUIPlugin
2024-03-06 10:43:14,391 [INFO] PluginManager:220 - loadIPPluginJar : add tracer_emb
2024-03-06 10:43:14,437 [INFO] IPUIPlugin:80 - create IPUIPlugin
2024-03-06 10:43:14,437 [INFO] PluginManager:220 - loadIPPluginJar : add ts
2024-03-06 10:43:14,484 [INFO] IPUIPlugin:80 - create IPUIPlugin
2024-03-06 10:43:14,484 [INFO] PluginManager:220 - loadIPPluginJar : add tsc
2024-03-06 10:43:14,535 [INFO] IPUIPlugin:80 - create IPUIPlugin
2024-03-06 10:43:14,536 [INFO] PluginManager:220 - loadIPPluginJar : add ucpd
2024-03-06 10:43:14,616 [INFO] IPUIPlugin:80 - create IPUIPlugin
2024-03-06 10:43:14,616 [INFO] PluginManager:220 - loadIPPluginJar : add usart
2024-03-06 10:43:14,689 [INFO] IPUIPlugin:80 - create IPUIPlugin
2024-03-06 10:43:14,689 [INFO] PluginManager:220 - loadIPPluginJar : add usbx
2024-03-06 10:43:14,923 [INFO] CADModel:165 - CPN selected for project level
2024-03-06 10:43:14,924 [INFO] CADModel:114 - Register for checkConnection events
2024-03-06 10:43:14,924 [FATAL] Updater:308 - Updater called before beeing initialized
2024-03-06 10:43:14,925 [ERROR] CADModel:125 - Updater not yet initialized, retry later 
2024-03-06 10:43:15,598 [INFO] CADModel:165 - CPN selected for project level
2024-03-06 10:43:15,599 [INFO] CADModel:114 - Register for checkConnection events
2024-03-06 10:43:15,599 [FATAL] Updater:308 - Updater called before beeing initialized
2024-03-06 10:43:15,599 [ERROR] CADModel:125 - Updater not yet initialized, retry later 
2024-03-06 10:43:15,616 [FATAL] Updater:308 - Updater called before beeing initialized
2024-03-06 10:43:16,442 [FATAL] Updater:308 - Updater called before beeing initialized
2024-03-06 10:43:16,480 [INFO] DbMcusAds:53 - JSON generation date=Wed Nov 29 11:52:27 CET 2023 (1701255147349)
2024-03-06 10:43:16,481 [FATAL] Updater:308 - Updater called before beeing initialized
2024-03-06 10:43:16,676 [WARN] DetailPanel:346 - Failed to get advertising image, set to default
2024-03-06 10:43:16,847 [INFO] ThirdPartyUpdaterWithRetryManager:70 - Updater plugin not ready yet. [5/15]
2024-03-06 10:43:16,963 [FATAL] Updater:308 - Updater called before beeing initialized
2024-03-06 10:43:16,975 [FATAL] Updater:308 - Updater called before beeing initialized
2024-03-06 10:43:16,975 [FATAL] Updater:308 - Updater called before beeing initialized
2024-03-06 10:43:16,975 [WARN] DetailPanel:346 - Failed to get advertising image, set to default
2024-03-06 10:43:16,977 [FATAL] Updater:308 - Updater called before beeing initialized
2024-03-06 10:43:17,135 [ERROR] Updater:1120 - MainUpdater not yet initialized. External WinMGr cannot be set.
2024-03-06 10:43:17,158 [INFO] Updater:1056 - Updater Version found : 6.10.0
2024-03-06 10:43:17,235 [INFO] ApplicationProperties:184 - Using Application install path: C:\Program Files\STM32CubeIDE_1.14.1\STM32CubeIDE\plugins\com.st.stm32cube.common.mx_6.10.0.202311202037
2024-03-06 10:43:18,911 [ERROR] LogOutputStream:75 - [STDERR_REDIRECT] Mar 06, 2024 10:43:18 AM java.util.prefs.WindowsPreferences <init>
2024-03-06 10:43:18,914 [ERROR] LogOutputStream:75 - [STDERR_REDIRECT] WARNING: Could not open/create prefs root node Software\JavaSoft\Prefs at root 0xffffffff80000002. Windows RegCreateKeyEx(...) returned error code 5.
2024-03-06 10:43:18,915 [ERROR] LogOutputStream:75 - [STDERR_REDIRECT] 
2024-03-06 10:43:19,850 [FATAL] Updater:308 - Updater called before beeing initialized
2024-03-06 10:43:19,851 [ERROR] IntegrityCheckThread:130 - Cannot retrieve database content from updater: error 21
2024-03-06 10:43:19,851 [INFO] ThirdParty:978 - Integrity check success = false
2024-03-06 10:43:19,852 [INFO] IntegrityCheckThread:100 - exiting critical section [integrity check]
2024-03-06 10:43:19,852 [INFO] IntegrityCheckThread:103 - End integrity checks thread
2024-03-06 10:43:20,204 [INFO] MainUpdater:2873 - connection check result : 10
2024-03-06 10:43:20,204 [INFO] MainUpdater:3567 - Updater definition file requires update
2024-03-06 10:43:20,207 [INFO] MainUpdater:290 - Updater Check For Update Now.
2024-03-06 10:43:20,207 [INFO] MicroXplorer:498 - Change Database Version : DB.6.0.100
2024-03-06 10:43:20,244 [INFO] McuFinderGlobals:63 - Set McuFinder mode to 2 (CubeIDE integrated)
2024-03-06 10:43:20,279 [INFO] UserAuth:404 - Internet connection configuration mode: 1
2024-03-06 10:43:20,440 [INFO] JxBrowserEngine:152 - Initiate JxBrowser Engine with user profile folder
2024-03-06 10:43:20,591 [INFO] ServerAccessManage:473 - Download File updaters.zip
2024-03-06 10:43:20,872 [INFO] FileExtend:240 - Unzip File : updaters.zip
2024-03-06 10:43:20,874 [INFO] FileExtend:255 - Standard Zip Deflate
2024-03-06 10:43:22,583 [INFO] ServerAccessManage:473 - Download File PacksControlFlags.xml
2024-03-06 10:43:23,030 [INFO] ServerAccessManage:473 - Download File cubemx.pidx
2024-03-06 10:43:25,316 [INFO] ServerAccessManage:473 - Download File STMicroelectronics.X-CUBE-BLEMGR.pdsc
2024-03-06 10:43:28,075 [INFO] ServerAccessManage:473 - Download File STMicroelectronics.X-CUBE-TOF1.pdsc
2024-03-06 10:43:29,596 [ERROR] ServerAccessManage:1089 - Problem, file not found on Server
2024-03-06 10:43:31,487 [ERROR] ServerAccessManage:1096 - Problem, Http access forbiden
2024-03-06 10:43:32,259 [ERROR] ServerAccessManage:651 - Problem, Http access forbiden : RoweBots.I-CUBE-UNISONRTOS.pdsc.
2024-03-06 10:43:33,204 [WARN] PackLoader:240 - Cannot read IP mode file for STMicroelectronics.X-CUBE-BLEMGR.3.1.0
2024-03-06 10:43:33,358 [WARN] PackLoader:240 - Cannot read IP mode file for STMicroelectronics.X-CUBE-TOF1.3.4.1
2024-03-06 10:43:33,510 [INFO] PopulateThirdPartyThread:66 - Ending populate Thread
2024-03-06 10:43:33,516 [INFO] ThirdParty:1030 - CMSIS Pack Vendor :STMicroelectronics X-CUBE-BLEMGR 3.1.0
2024-03-06 10:43:33,517 [INFO] ThirdParty:1030 - CMSIS Pack Vendor :STMicroelectronics X-CUBE-TOF1 3.4.1
2024-03-06 10:43:33,517 [INFO] LoadServerUpdatesThread:375 - End of LoadServerUpdate Thread
2024-03-06 10:43:33,621 [INFO] CheckServerUpdateThread:120 - End of CheckServer Thread
2024-03-06 10:43:33,843 [INFO] WebApp:161 - Instantiating new browser for Auth
2024-03-06 10:43:35,529 [INFO] WebApp:780 - Register for checkConnection events
2024-03-06 10:43:35,529 [INFO] WebApp:414 - Apply proxy settings
2024-03-06 10:43:35,530 [INFO] WebApp:499 - Chromium requires no authentication
2024-03-06 10:43:35,562 [INFO] WebApp:442 - Direct internet connection detected
2024-03-06 10:43:36,337 [INFO] WebApp:192 - Starting web application
2024-03-06 10:43:36,338 [INFO] WebApp:544 - Web application path used C:\Program Files\STM32CubeIDE_1.14.1\STM32CubeIDE\plugins\com.st.stm32cube.common.mx_6.10.0.202311202037\db\plugins\mcufinder\reactClient1\index.html
2024-03-06 10:43:58,907 [ERROR] LogOutputStream:75 - [STDERR_REDIRECT] SLF4J: Failed to load class "org.slf4j.impl.StaticLoggerBinder".
2024-03-06 10:43:58,914 [ERROR] LogOutputStream:75 - [STDERR_REDIRECT] SLF4J: Defaulting to no-operation (NOP) logger implementation
2024-03-06 10:43:58,925 [ERROR] LogOutputStream:75 - [STDERR_REDIRECT] SLF4J: See http://www.slf4j.org/codes.html#StaticLoggerBinder for further details.
2024-03-06 12:31:36,022 [ERROR] LogOutputStream:75 - [STDERR_REDIRECT] 
