2024-03-07 10:32:40,887 [INFO] Activator:176 - 


2024-03-07 10:32:40,932 [INFO] Activator:177 - !SESSION log4j initialized
2024-03-07 10:32:52,151 [INFO] LogOutputStream:77 - [STDOUT_REDIRECT] 
2024-03-07 10:33:05,003 [INFO] ApplicationProperties:184 - Using Application install path: C:\Program Files\STM32CubeIDE_1.14.1\STM32CubeIDE\plugins\com.st.stm32cube.common.mx_6.10.0.202311202037
2024-03-07 10:33:05,071 [INFO] DbMcusXml:78 - Set database path to: C:\Program Files\STM32CubeIDE_1.14.1\STM32CubeIDE\plugins\com.st.stm32cube.common.mx_6.10.0.202311202037\\db\/mcu/
2024-03-07 10:33:05,073 [INFO] ApiDb:274 - Set plugin database path to: C:\Program Files\STM32CubeIDE_1.14.1\STM32CubeIDE\plugins\com.st.stm32cube.common.mx_6.10.0.202311202037\\db\/plugins/boardmanager/
2024-03-07 10:33:05,075 [WARN] ApiDb:259 - Overriding images path with different value:  => C:\Program Files\STM32CubeIDE_1.14.1\STM32CubeIDE\plugins\com.st.stm32cube.common.mx_6.10.0.202311202037\\db\/plugins/mcufinder/images/
2024-03-07 10:33:05,100 [INFO] ApiDb:250 - Set database path to: C:\Users\Daniel\.stmcufinder\plugins\mcufinder//mcu/
2024-03-07 10:33:05,104 [INFO] DbMcusAds:125 - Set database path to: C:\Users\Daniel\.stmcufinder\plugins\mcufinder//mcu/
2024-03-07 10:33:05,110 [INFO] CrossReferenceDbSqlite:203 - Set database path to: C:\Users\Daniel\.stmcufinder\plugins\mcufinder//mcu/cs/
2024-03-07 10:33:05,438 [INFO] RulesReader:64 - Compatibility file has been processed (297 Rules)
2024-03-07 10:33:05,711 [INFO] DbMcusXml:78 - Set database path to: C:\Program Files\STM32CubeIDE_1.14.1\STM32CubeIDE\plugins\com.st.stm32cube.common.mx_6.10.0.202311202037\\db\/mcu/
2024-03-07 10:33:05,711 [INFO] ApiDb:274 - Set plugin database path to: C:\Program Files\STM32CubeIDE_1.14.1\STM32CubeIDE\plugins\com.st.stm32cube.common.mx_6.10.0.202311202037\\db\/plugins/boardmanager/
2024-03-07 10:33:05,711 [INFO] ApiDb:261 - Set plugin images path to: C:\Program Files\STM32CubeIDE_1.14.1\STM32CubeIDE\plugins\com.st.stm32cube.common.mx_6.10.0.202311202037\\db\/plugins/mcufinder/images/
2024-03-07 10:33:05,712 [WARN] DbFile:41 - Overriding database path with different value: C:\Users\Daniel\.stmcufinder\plugins\mcufinder/ => C:\Users\Daniel\.stmcufinder\plugins\mcufinder
2024-03-07 10:33:05,712 [INFO] ApiDb:250 - Set database path to: C:\Users\Daniel\.stmcufinder\plugins\mcufinder//mcu/
2024-03-07 10:33:05,712 [WARN] DbFile:41 - Overriding database path with different value: C:\Users\Daniel\.stmcufinder\plugins\mcufinder/ => C:\Users\Daniel\.stmcufinder\plugins\mcufinder
2024-03-07 10:33:05,712 [INFO] DbMcusAds:125 - Set database path to: C:\Users\Daniel\.stmcufinder\plugins\mcufinder//mcu/
2024-03-07 10:33:05,712 [WARN] DbFile:41 - Overriding database path with different value: C:\Users\Daniel\.stmcufinder\plugins\mcufinder/ => C:\Users\Daniel\.stmcufinder\plugins\mcufinder
2024-03-07 10:33:05,712 [WARN] DbFile:41 - Overriding database path with different value: C:\Users\Daniel\.stmcufinder\plugins\mcufinder/ => C:\Users\Daniel\.stmcufinder\plugins\mcufinder
2024-03-07 10:33:05,712 [INFO] CrossReferenceDbSqlite:203 - Set database path to: C:\Users\Daniel\.stmcufinder\plugins\mcufinder//mcu/cs/
2024-03-07 10:33:05,951 [INFO] MainPanel:264 - HeapMemory: 268435456
2024-03-07 10:33:06,329 [INFO] DbMcusXml:78 - Set database path to: C:\Program Files\STM32CubeIDE_1.14.1\STM32CubeIDE\plugins\com.st.stm32cube.common.mx_6.10.0.202311202037\\db\/mcu/
2024-03-07 10:33:06,329 [INFO] ApiDb:274 - Set plugin database path to: C:\Program Files\STM32CubeIDE_1.14.1\STM32CubeIDE\plugins\com.st.stm32cube.common.mx_6.10.0.202311202037\\db\/plugins/boardmanager/
2024-03-07 10:33:06,329 [INFO] ApiDb:261 - Set plugin images path to: C:\Program Files\STM32CubeIDE_1.14.1\STM32CubeIDE\plugins\com.st.stm32cube.common.mx_6.10.0.202311202037\\db\/plugins/mcufinder/images/
2024-03-07 10:33:06,330 [WARN] DbFile:41 - Overriding database path with different value: C:\Users\Daniel\.stmcufinder\plugins\mcufinder/ => C:\Users\Daniel\.stmcufinder\plugins\mcufinder
2024-03-07 10:33:06,330 [INFO] ApiDb:250 - Set database path to: C:\Users\Daniel\.stmcufinder\plugins\mcufinder//mcu/
2024-03-07 10:33:06,330 [WARN] DbFile:41 - Overriding database path with different value: C:\Users\Daniel\.stmcufinder\plugins\mcufinder/ => C:\Users\Daniel\.stmcufinder\plugins\mcufinder
2024-03-07 10:33:06,330 [INFO] DbMcusAds:125 - Set database path to: C:\Users\Daniel\.stmcufinder\plugins\mcufinder//mcu/
2024-03-07 10:33:06,330 [WARN] DbFile:41 - Overriding database path with different value: C:\Users\Daniel\.stmcufinder\plugins\mcufinder/ => C:\Users\Daniel\.stmcufinder\plugins\mcufinder
2024-03-07 10:33:06,331 [WARN] DbFile:41 - Overriding database path with different value: C:\Users\Daniel\.stmcufinder\plugins\mcufinder/ => C:\Users\Daniel\.stmcufinder\plugins\mcufinder
2024-03-07 10:33:06,331 [INFO] CrossReferenceDbSqlite:203 - Set database path to: C:\Users\Daniel\.stmcufinder\plugins\mcufinder//mcu/cs/
2024-03-07 10:33:06,387 [INFO] ApplicationProperties:184 - Using Application install path: C:\Program Files\STM32CubeIDE_1.14.1\STM32CubeIDE\plugins\com.st.stm32cube.common.mx_6.10.0.202311202037
2024-03-07 10:33:06,392 [INFO] PluginManage:196 - Search for loadable plugins [exclusion list=, ]
2024-03-07 10:33:06,396 [INFO] PluginManage:310 - Check plugin analytics
2024-03-07 10:33:06,869 [INFO] AnalyticsPlugin:253 - Accepted Software Licenses: 
2024-03-07 10:33:06,870 [INFO] AnalyticsPlugin:255 - Accepted CMSIS Pack Licenses: 
2024-03-07 10:33:06,870 [INFO] AnalyticsPlugin:257 - Accepted Firmware Licenses: 
2024-03-07 10:33:06,882 [INFO] PluginManage:359 - Loaded plugin analytics (category:tool,tabindex:-1)
2024-03-07 10:33:06,883 [INFO] PluginManage:310 - Check plugin cadmodel
2024-03-07 10:33:06,903 [INFO] CADModel:105 - Init CAD model plugin
2024-03-07 10:33:06,904 [INFO] PluginManage:359 - Loaded plugin cadmodel (category:power,tabindex:5)
2024-03-07 10:33:06,904 [INFO] PluginManage:310 - Check plugin clock
2024-03-07 10:33:06,951 [INFO] PluginManage:359 - Loaded plugin clock (category:base,tabindex:2)
2024-03-07 10:33:06,951 [INFO] PluginManage:310 - Check plugin ddr
2024-03-07 10:33:06,960 [INFO] PluginManage:359 - Loaded plugin ddr (category:tool,tabindex:6)
2024-03-07 10:33:06,961 [INFO] PluginManage:310 - Check plugin filemanager
2024-03-07 10:33:07,315 [INFO] PluginManage:359 - Loaded plugin filemanager (category:base,tabindex:10)
2024-03-07 10:33:07,316 [INFO] PluginManage:310 - Check plugin ipmanager
2024-03-07 10:33:07,334 [INFO] PluginManage:359 - Loaded plugin ipmanager (category:base,tabindex:5)
2024-03-07 10:33:07,334 [INFO] PluginManage:310 - Check plugin lpbam
2024-03-07 10:33:07,353 [INFO] PluginManage:359 - Loaded plugin lpbam (category:base,tabindex:0)
2024-03-07 10:33:07,353 [INFO] PluginManage:310 - Check plugin memorymap
2024-03-07 10:33:07,403 [INFO] PluginManage:359 - Loaded plugin memorymap (category:base,tabindex:4)
2024-03-07 10:33:07,404 [INFO] PluginManage:310 - Check plugin pinoutandconfiguration
2024-03-07 10:33:07,428 [INFO] PluginManage:359 - Loaded plugin pinoutandconfiguration (category:base,tabindex:1)
2024-03-07 10:33:07,428 [INFO] PluginManage:310 - Check plugin pinoutconfig
2024-03-07 10:33:07,634 [WARN] SupportedApi:132 - Cannot load RTOS API schema: s4s-elt-must-match.1: The content of 'definitions' must match (annotation?, (simpleType | complexType)?, (unique | key | keyref)*)). A problem was found starting at: attribute.
2024-03-07 10:33:07,993 [INFO] PluginManage:359 - Loaded plugin pinoutconfig (category:base,tabindex:0)
2024-03-07 10:33:07,993 [INFO] PluginManage:310 - Check plugin power
2024-03-07 10:33:08,035 [INFO] PluginManage:359 - Loaded plugin power (category:power,tabindex:4)
2024-03-07 10:33:08,035 [INFO] PluginManage:310 - Check plugin projectmanager
2024-03-07 10:33:08,090 [INFO] PluginManage:359 - Loaded plugin projectmanager (category:projectmanager,tabindex:3)
2024-03-07 10:33:08,091 [INFO] PluginManage:310 - Check plugin thirdparty
2024-03-07 10:33:08,483 [INFO] PluginManage:359 - Loaded plugin thirdparty (category:base,tabindex:-1)
2024-03-07 10:33:08,484 [INFO] PluginManage:310 - Check plugin tools
2024-03-07 10:33:08,483 [WARN] IntegrityCheckThread:84 - waiting for thirdparty lock release [integrity check]
2024-03-07 10:33:08,486 [INFO] IntegrityCheckThread:86 - entering critical section [integrity check]
2024-03-07 10:33:08,487 [INFO] ThirdPartyUpdaterWithRetryManager:70 - Updater plugin not ready yet. [1/15]
2024-03-07 10:33:08,491 [INFO] PluginManage:359 - Loaded plugin tools (category:base,tabindex:7)
2024-03-07 10:33:08,491 [INFO] PluginManage:310 - Check plugin tutovideos
2024-03-07 10:33:09,005 [INFO] PluginManage:359 - Loaded plugin tutovideos (category:base,tabindex:-1)
2024-03-07 10:33:09,005 [INFO] PluginManage:310 - Check plugin updater
2024-03-07 10:33:09,043 [INFO] PluginManage:359 - Loaded plugin updater (category:base,tabindex:12)
2024-03-07 10:33:09,043 [INFO] PluginManage:310 - Check plugin userauth
2024-03-07 10:33:09,060 [INFO] UserAuth:114 - Init User Auth plugin
2024-03-07 10:33:09,060 [INFO] PluginManage:359 - Loaded plugin userauth (category:base,tabindex:14)
2024-03-07 10:33:09,061 [INFO] PluginManage:283 - PluginManage : Loaded plugins [17]
2024-03-07 10:33:09,682 [INFO] PinOutPanel:1499 - setPackage(No Configuration,No Configuration)
2024-03-07 10:33:09,868 [INFO] CADModel:165 - CPN selected for project level
2024-03-07 10:33:09,868 [INFO] CADModel:114 - Register for checkConnection events
2024-03-07 10:33:09,916 [INFO] IPUIPlugin:80 - create IPUIPlugin
2024-03-07 10:33:09,916 [INFO] PluginManager:220 - loadIPPluginJar : add adc
2024-03-07 10:33:09,924 [INFO] IPUIPlugin:80 - create IPUIPlugin
2024-03-07 10:33:09,924 [INFO] PluginManager:220 - loadIPPluginJar : add aes
2024-03-07 10:33:09,934 [INFO] IPUIPlugin:80 - create IPUIPlugin
2024-03-07 10:33:09,935 [INFO] PluginManager:220 - loadIPPluginJar : add can
2024-03-07 10:33:09,939 [INFO] IPUIPlugin:80 - create IPUIPlugin
2024-03-07 10:33:09,939 [INFO] PluginManager:220 - loadIPPluginJar : add comp
2024-03-07 10:33:09,949 [INFO] IPUIPlugin:80 - create IPUIPlugin
2024-03-07 10:33:09,949 [INFO] PluginManager:220 - loadIPPluginJar : add cryp
2024-03-07 10:33:09,957 [INFO] IPUIPlugin:80 - create IPUIPlugin
2024-03-07 10:33:09,957 [INFO] PluginManager:220 - loadIPPluginJar : add dfsdm
2024-03-07 10:33:09,974 [INFO] IPUIPlugin:80 - create IPUIPlugin
2024-03-07 10:33:09,975 [INFO] PluginManager:220 - loadIPPluginJar : add dma
2024-03-07 10:33:09,983 [INFO] IPUIPlugin:80 - create IPUIPlugin
2024-03-07 10:33:09,984 [INFO] PluginManager:220 - loadIPPluginJar : add dma3
2024-03-07 10:33:09,988 [INFO] IPUIPlugin:80 - create IPUIPlugin
2024-03-07 10:33:09,989 [INFO] PluginManager:220 - loadIPPluginJar : add fatfs
2024-03-07 10:33:10,001 [INFO] IPUIPlugin:80 - create IPUIPlugin
2024-03-07 10:33:10,001 [INFO] PluginManager:220 - loadIPPluginJar : add fmc
2024-03-07 10:33:10,020 [INFO] IPUIPlugin:80 - create IPUIPlugin
2024-03-07 10:33:10,020 [INFO] PluginManager:220 - loadIPPluginJar : add freertos
2024-03-07 10:33:10,024 [INFO] IPUIPlugin:80 - create IPUIPlugin
2024-03-07 10:33:10,024 [INFO] PluginManager:220 - loadIPPluginJar : add genericplugin
2024-03-07 10:33:10,036 [INFO] IPUIPlugin:80 - create IPUIPlugin
2024-03-07 10:33:10,036 [INFO] PluginManager:220 - loadIPPluginJar : add gfxmmu
2024-03-07 10:33:10,050 [INFO] IPUIPlugin:80 - create IPUIPlugin
2024-03-07 10:33:10,050 [INFO] PluginManager:220 - loadIPPluginJar : add gic
2024-03-07 10:33:10,061 [INFO] IPUIPlugin:80 - create IPUIPlugin
2024-03-07 10:33:10,062 [INFO] PluginManager:220 - loadIPPluginJar : add gpio
2024-03-07 10:33:10,071 [INFO] IPUIPlugin:80 - create IPUIPlugin
2024-03-07 10:33:10,071 [INFO] PluginManager:220 - loadIPPluginJar : add gtzc
2024-03-07 10:33:10,077 [INFO] IPUIPlugin:80 - create IPUIPlugin
2024-03-07 10:33:10,077 [INFO] PluginManager:220 - loadIPPluginJar : add hash
2024-03-07 10:33:10,086 [INFO] IPUIPlugin:80 - create IPUIPlugin
2024-03-07 10:33:10,087 [INFO] PluginManager:220 - loadIPPluginJar : add i2c
2024-03-07 10:33:10,095 [INFO] IPUIPlugin:80 - create IPUIPlugin
2024-03-07 10:33:10,095 [INFO] PluginManager:220 - loadIPPluginJar : add i2s
2024-03-07 10:33:10,104 [INFO] IPUIPlugin:80 - create IPUIPlugin
2024-03-07 10:33:10,105 [INFO] PluginManager:220 - loadIPPluginJar : add i3c
2024-03-07 10:33:10,112 [INFO] IPUIPlugin:80 - create IPUIPlugin
2024-03-07 10:33:10,113 [INFO] PluginManager:220 - loadIPPluginJar : add ipddr
2024-03-07 10:33:10,129 [INFO] IPUIPlugin:80 - create IPUIPlugin
2024-03-07 10:33:10,129 [INFO] PluginManager:220 - loadIPPluginJar : add linkedlist
2024-03-07 10:33:10,137 [INFO] IPUIPlugin:80 - create IPUIPlugin
2024-03-07 10:33:10,138 [INFO] PluginManager:220 - loadIPPluginJar : add lorawan
2024-03-07 10:33:10,143 [INFO] IPUIPlugin:80 - create IPUIPlugin
2024-03-07 10:33:10,143 [INFO] PluginManager:220 - loadIPPluginJar : add ltdc
2024-03-07 10:33:10,157 [INFO] IPUIPlugin:80 - create IPUIPlugin
2024-03-07 10:33:10,157 [INFO] PluginManager:220 - loadIPPluginJar : add mdma
2024-03-07 10:33:10,167 [INFO] IPUIPlugin:80 - create IPUIPlugin
2024-03-07 10:33:10,168 [INFO] PluginManager:220 - loadIPPluginJar : add nvic
2024-03-07 10:33:10,174 [INFO] IPUIPlugin:80 - create IPUIPlugin
2024-03-07 10:33:10,175 [INFO] PluginManager:220 - loadIPPluginJar : add opamp
2024-03-07 10:33:10,183 [INFO] IPUIPlugin:80 - create IPUIPlugin
2024-03-07 10:33:10,184 [INFO] PluginManager:220 - loadIPPluginJar : add openamp
2024-03-07 10:33:10,193 [INFO] IPUIPlugin:80 - create IPUIPlugin
2024-03-07 10:33:10,193 [INFO] PluginManager:220 - loadIPPluginJar : add pdm2pcm
2024-03-07 10:33:10,207 [INFO] IPUIPlugin:80 - create IPUIPlugin
2024-03-07 10:33:10,211 [INFO] PluginManager:220 - loadIPPluginJar : add plateformsettings
2024-03-07 10:33:10,214 [INFO] IPUIPlugin:80 - create IPUIPlugin
2024-03-07 10:33:10,215 [INFO] PluginManager:220 - loadIPPluginJar : add quadspi
2024-03-07 10:33:10,227 [INFO] IPUIPlugin:80 - create IPUIPlugin
2024-03-07 10:33:10,227 [INFO] PluginManager:220 - loadIPPluginJar : add resmgrutility
2024-03-07 10:33:10,236 [INFO] IPUIPlugin:80 - create IPUIPlugin
2024-03-07 10:33:10,236 [INFO] PluginManager:220 - loadIPPluginJar : add sai
2024-03-07 10:33:10,243 [INFO] IPUIPlugin:80 - create IPUIPlugin
2024-03-07 10:33:10,243 [INFO] PluginManager:220 - loadIPPluginJar : add spi
2024-03-07 10:33:10,256 [INFO] IPUIPlugin:80 - create IPUIPlugin
2024-03-07 10:33:10,256 [INFO] PluginManager:220 - loadIPPluginJar : add stm32_wpan
2024-03-07 10:33:10,261 [INFO] IPUIPlugin:80 - create IPUIPlugin
2024-03-07 10:33:10,261 [INFO] PluginManager:220 - loadIPPluginJar : add tim
2024-03-07 10:33:10,270 [INFO] IPUIPlugin:80 - create IPUIPlugin
2024-03-07 10:33:10,271 [INFO] PluginManager:220 - loadIPPluginJar : add touchsensing
2024-03-07 10:33:10,275 [INFO] IPUIPlugin:80 - create IPUIPlugin
2024-03-07 10:33:10,276 [INFO] PluginManager:220 - loadIPPluginJar : add tracer_emb
2024-03-07 10:33:10,280 [INFO] IPUIPlugin:80 - create IPUIPlugin
2024-03-07 10:33:10,280 [INFO] PluginManager:220 - loadIPPluginJar : add ts
2024-03-07 10:33:10,287 [INFO] IPUIPlugin:80 - create IPUIPlugin
2024-03-07 10:33:10,287 [INFO] PluginManager:220 - loadIPPluginJar : add tsc
2024-03-07 10:33:10,292 [INFO] IPUIPlugin:80 - create IPUIPlugin
2024-03-07 10:33:10,292 [INFO] PluginManager:220 - loadIPPluginJar : add ucpd
2024-03-07 10:33:10,300 [INFO] IPUIPlugin:80 - create IPUIPlugin
2024-03-07 10:33:10,301 [INFO] PluginManager:220 - loadIPPluginJar : add usart
2024-03-07 10:33:10,310 [INFO] IPUIPlugin:80 - create IPUIPlugin
2024-03-07 10:33:10,311 [INFO] PluginManager:220 - loadIPPluginJar : add usbx
2024-03-07 10:33:10,520 [INFO] CADModel:165 - CPN selected for project level
2024-03-07 10:33:10,520 [INFO] CADModel:114 - Register for checkConnection events
2024-03-07 10:33:10,521 [FATAL] Updater:308 - Updater called before beeing initialized
2024-03-07 10:33:10,521 [ERROR] CADModel:125 - Updater not yet initialized, retry later 
2024-03-07 10:33:10,900 [INFO] CADModel:165 - CPN selected for project level
2024-03-07 10:33:10,900 [INFO] CADModel:114 - Register for checkConnection events
2024-03-07 10:33:10,900 [FATAL] Updater:308 - Updater called before beeing initialized
2024-03-07 10:33:10,901 [ERROR] CADModel:125 - Updater not yet initialized, retry later 
2024-03-07 10:33:10,908 [FATAL] Updater:308 - Updater called before beeing initialized
2024-03-07 10:33:11,187 [FATAL] Updater:308 - Updater called before beeing initialized
2024-03-07 10:33:11,193 [INFO] DbMcusAds:53 - JSON generation date=Wed Nov 29 11:52:27 CET 2023 (1701255147349)
2024-03-07 10:33:11,193 [FATAL] Updater:308 - Updater called before beeing initialized
2024-03-07 10:33:11,304 [WARN] DetailPanel:346 - Failed to get advertising image, set to default
2024-03-07 10:33:11,472 [FATAL] Updater:308 - Updater called before beeing initialized
2024-03-07 10:33:11,478 [FATAL] Updater:308 - Updater called before beeing initialized
2024-03-07 10:33:11,478 [FATAL] Updater:308 - Updater called before beeing initialized
2024-03-07 10:33:11,478 [WARN] DetailPanel:346 - Failed to get advertising image, set to default
2024-03-07 10:33:11,480 [FATAL] Updater:308 - Updater called before beeing initialized
2024-03-07 10:33:11,504 [INFO] ThirdPartyUpdaterWithRetryManager:70 - Updater plugin not ready yet. [2/15]
2024-03-07 10:33:11,588 [ERROR] Updater:1120 - MainUpdater not yet initialized. External WinMGr cannot be set.
2024-03-07 10:33:11,593 [INFO] Updater:1056 - Updater Version found : 6.10.0
2024-03-07 10:33:11,641 [INFO] ApplicationProperties:184 - Using Application install path: C:\Program Files\STM32CubeIDE_1.14.1\STM32CubeIDE\plugins\com.st.stm32cube.common.mx_6.10.0.202311202037
2024-03-07 10:33:13,291 [ERROR] LogOutputStream:75 - [STDERR_REDIRECT] Mar 07, 2024 10:33:13 AM java.util.prefs.WindowsPreferences <init>
2024-03-07 10:33:13,295 [ERROR] LogOutputStream:75 - [STDERR_REDIRECT] WARNING: Could not open/create prefs root node Software\JavaSoft\Prefs at root 0xffffffff80000002. Windows RegCreateKeyEx(...) returned error code 5.
2024-03-07 10:33:13,295 [ERROR] LogOutputStream:75 - [STDERR_REDIRECT] 
2024-03-07 10:33:14,516 [INFO] MainUpdater:2873 - connection check result : 10
2024-03-07 10:33:14,517 [INFO] MainUpdater:290 - Updater Check For Update Now.
2024-03-07 10:33:14,518 [INFO] MicroXplorer:498 - Change Database Version : DB.6.0.100
2024-03-07 10:33:14,526 [WARN] MainUpdater:1194 - Updater busy. Cannot search thirdparties
2024-03-07 10:33:14,529 [INFO] ThirdPartyUpdaterWithRetryManager:96 - Updater plugin is busy. [1/15]
2024-03-07 10:33:14,536 [INFO] McuFinderGlobals:63 - Set McuFinder mode to 2 (CubeIDE integrated)
2024-03-07 10:33:14,555 [INFO] UserAuth:404 - Internet connection configuration mode: 1
2024-03-07 10:33:14,651 [INFO] JxBrowserEngine:152 - Initiate JxBrowser Engine with user profile folder
2024-03-07 10:33:14,839 [INFO] CheckServerUpdateThread:120 - End of CheckServer Thread
2024-03-07 10:33:16,992 [INFO] WebApp:161 - Instantiating new browser for Auth
2024-03-07 10:33:18,021 [WARN] PackLoader:240 - Cannot read IP mode file for STMicroelectronics.X-CUBE-SMBUS.2.1.0
2024-03-07 10:33:18,060 [WARN] PackLoader:240 - Cannot read IP mode file for STMicroelectronics.X-CUBE-TOUCHGFX.4.23.0
2024-03-07 10:33:18,284 [WARN] PackLoader:240 - Cannot read IP mode file for STMicroelectronics.X-CUBE-AZRTOS-F7.1.1.0
2024-03-07 10:33:18,487 [WARN] PackLoader:240 - Cannot read IP mode file for STMicroelectronics.FP-SNS-MOTENV1.4.3.2
2024-03-07 10:33:18,512 [WARN] PackLoader:240 - Cannot read IP mode file for STMicroelectronics.FP-SNS-FLIGHT1.5.0.2
2024-03-07 10:33:18,570 [WARN] PackLoader:240 - Cannot read IP mode file for STMicroelectronics.X-CUBE-DISPLAY.3.0.0
2024-03-07 10:33:18,626 [WARN] PackLoader:240 - Cannot read IP mode file for STMicroelectronics.X-CUBE-BLE1.7.0.0
2024-03-07 10:33:18,663 [WARN] PackLoader:240 - Cannot read IP mode file for emotas.I-CUBE-CANOPEN.1.3.0
2024-03-07 10:33:18,697 [WARN] PackLoader:240 - Cannot read IP mode file for STMicroelectronics.X-CUBE-BLEMGR.3.1.0
2024-03-07 10:33:18,736 [WARN] PackLoader:240 - Cannot read IP mode file for STMicroelectronics.FP-SNS-SMARTAG2.1.2.0
2024-03-07 10:33:18,793 [INFO] LogOutputStream:77 - [STDOUT_REDIRECT] 1 : Invalid condition id : UX_CORESTACK_Condition cause : null
2024-03-07 10:33:18,794 [INFO] LogOutputStream:77 - [STDOUT_REDIRECT] 1 : Invalid condition id : UX_CORESTACK_Condition cause : null
2024-03-07 10:33:18,797 [INFO] LogOutputStream:77 - [STDOUT_REDIRECT] 1 : Invalid condition id : UX_CORESTACK_Condition cause : null
2024-03-07 10:33:18,800 [INFO] LogOutputStream:77 - [STDOUT_REDIRECT] 1 : Invalid condition id : UX_CORESTACK_Condition cause : null
2024-03-07 10:33:18,803 [INFO] LogOutputStream:77 - [STDOUT_REDIRECT] 1 : Invalid condition id : UX_CORESTACK_Condition cause : null
2024-03-07 10:33:18,808 [WARN] PackLoader:240 - Cannot read IP mode file for STMicroelectronics.X-CUBE-AZRTOS-WL.2.0.0
2024-03-07 10:33:18,887 [WARN] PackLoader:240 - Cannot read IP mode file for WES.I-CUBE-Cesium.1.3.0
2024-03-07 10:33:18,921 [WARN] PackLoader:240 - Cannot read IP mode file for STMicroelectronics.X-CUBE-BLE2.3.3.0
2024-03-07 10:33:18,948 [WARN] PackLoader:240 - Cannot read IP mode file for STMicroelectronics.X-CUBE-ALGOBUILD.1.3.0
2024-03-07 10:33:19,028 [WARN] PackLoader:240 - Cannot read IP mode file for STMicroelectronics.X-CUBE-AZRTOS-G0.1.1.0
2024-03-07 10:33:19,203 [WARN] PackLoader:240 - Cannot read IP mode file for STMicroelectronics.X-CUBE-NFC4.3.0.0
2024-03-07 10:33:19,239 [WARN] PackLoader:240 - Cannot read IP mode file for STMicroelectronics.X-CUBE-BLEMGR.3.0.0
2024-03-07 10:33:19,252 [WARN] PackLoader:240 - Cannot read IP mode file for STMicroelectronics.FP-ATR-SIGFOX1.3.2.0
2024-03-07 10:33:19,282 [WARN] PackLoader:240 - Cannot read IP mode file for STMicroelectronics.X-CUBE-EEPRMA1.5.1.0
2024-03-07 10:33:19,293 [INFO] WebApp:780 - Register for checkConnection events
2024-03-07 10:33:19,294 [INFO] WebApp:414 - Apply proxy settings
2024-03-07 10:33:19,294 [INFO] WebApp:499 - Chromium requires no authentication
2024-03-07 10:33:19,332 [INFO] WebApp:442 - Direct internet connection detected
2024-03-07 10:33:19,439 [WARN] PackLoader:240 - Cannot read IP mode file for SEGGER.I-CUBE-embOS.1.3.1
2024-03-07 10:33:19,598 [WARN] PackLoader:240 - Cannot read IP mode file for STMicroelectronics.X-CUBE-GNSS1.6.0.0
2024-03-07 10:33:19,698 [WARN] PackLoader:240 - Cannot read IP mode file for STMicroelectronics.X-CUBE-AZRTOS-F4.1.1.0
2024-03-07 10:33:19,737 [WARN] PackLoader:240 - Cannot read IP mode file for wolfSSL.I-CUBE-wolfSSL.5.6.6
2024-03-07 10:33:19,807 [WARN] PackLoader:240 - Cannot read IP mode file for STMicroelectronics.X-CUBE-AZRTOS-L5.2.0.0
2024-03-07 10:33:19,848 [WARN] PackLoader:240 - Cannot read IP mode file for ITTIA_DB.I-CUBE-ITTIADB.8.8.0
2024-03-07 10:33:19,875 [WARN] PackLoader:240 - Cannot read IP mode file for STMicroelectronics.X-CUBE-NFC7.1.0.1
2024-03-07 10:33:19,911 [WARN] PackLoader:240 - Cannot read IP mode file for STMicroelectronics.X-CUBE-NFC6.3.0.0
2024-03-07 10:33:19,940 [WARN] PackLoader:240 - Cannot read IP mode file for STMicroelectronics.X-CUBE-AI.8.1.0
2024-03-07 10:33:20,016 [WARN] ConditionMgr:438 - getConditionDescription Invalid condition id : LAN8742 Phy interface Condition cause : null
2024-03-07 10:33:20,022 [WARN] PackLoader:240 - Cannot read IP mode file for STMicroelectronics.X-CUBE-AZRTOS-L4.2.0.0
2024-03-07 10:33:20,026 [WARN] ConditionMgr:1039 - genDependencies : Invalid condition id : LAN8742 Phy interface Condition cause : null
2024-03-07 10:33:20,027 [WARN] ConditionMgr:1039 - genDependencies : Invalid condition id : LAN8742 Phy interface Condition cause : null
2024-03-07 10:33:20,028 [WARN] ConditionMgr:1039 - genDependencies : Invalid condition id : LAN8742 Phy interface Condition cause : null
2024-03-07 10:33:20,128 [WARN] PackLoader:240 - Cannot read IP mode file for STMicroelectronics.X-CUBE-SFXS2LP1.4.0.0
2024-03-07 10:33:20,197 [WARN] ConditionMgr:438 - getConditionDescription Invalid condition id : UX DEVICE CLASS RTOS Condition cause : null
2024-03-07 10:33:20,199 [WARN] ConditionMgr:438 - getConditionDescription Invalid condition id : UX DEVICE CLASS RTOS Condition cause : null
2024-03-07 10:33:20,205 [WARN] PackLoader:240 - Cannot read IP mode file for STMicroelectronics.X-CUBE-AZRTOS-WB.2.0.0
2024-03-07 10:33:20,207 [WARN] ConditionMgr:1039 - genDependencies : Invalid condition id : UX DEVICE CLASS RTOS Condition cause : null
2024-03-07 10:33:20,207 [WARN] ConditionMgr:1039 - genDependencies : Invalid condition id : UX DEVICE CLASS RTOS Condition cause : null
2024-03-07 10:33:20,208 [WARN] ConditionMgr:1039 - genDependencies : Invalid condition id : UX DEVICE CLASS RTOS Condition cause : null
2024-03-07 10:33:20,209 [WARN] ConditionMgr:1039 - genDependencies : Invalid condition id : UX DEVICE CLASS RTOS Condition cause : null
2024-03-07 10:33:20,209 [WARN] ConditionMgr:1039 - genDependencies : Invalid condition id : UX DEVICE CLASS RTOS Condition cause : null
2024-03-07 10:33:20,223 [INFO] WebApp:192 - Starting web application
2024-03-07 10:33:20,225 [INFO] WebApp:544 - Web application path used C:\Program Files\STM32CubeIDE_1.14.1\STM32CubeIDE\plugins\com.st.stm32cube.common.mx_6.10.0.202311202037\db\plugins\mcufinder\reactClient1\index.html
2024-03-07 10:33:20,265 [WARN] PackLoader:240 - Cannot read IP mode file for STMicroelectronics.X-CUBE-SUBG2.5.0.0
2024-03-07 10:33:20,395 [WARN] PackLoader:240 - Cannot read IP mode file for STMicroelectronics.X-CUBE-AZRTOS-G4.2.0.0
2024-03-07 10:33:20,459 [WARN] PackLoader:240 - Cannot read IP mode file for Infineon.AIROC-Wi-Fi-Bluetooth-STM32.1.5.1
2024-03-07 10:33:20,495 [WARN] PackLoader:240 - Cannot read IP mode file for STMicroelectronics.FP-SNS-MOTENVWB1.1.3.1
2024-03-07 10:33:20,584 [WARN] PackLoader:240 - Cannot read IP mode file for STMicroelectronics.X-CUBE-ISPU.2.0.0
2024-03-07 10:33:20,842 [WARN] PackLoader:240 - Cannot read IP mode file for STMicroelectronics.X-CUBE-MEMS1.10.0.0
2024-03-07 10:33:21,333 [WARN] PackLoader:240 - Cannot read IP mode file for STMicroelectronics.X-CUBE-FREERTOS.1.1.0
2024-03-07 10:33:21,382 [WARN] PackLoader:240 - Cannot read IP mode file for portGmbH.I-Cube-SoM-uGOAL.1.1.0
2024-03-07 10:33:21,419 [WARN] PackLoader:240 - Cannot read IP mode file for STMicroelectronics.X-CUBE-ALS.1.0.1
2024-03-07 10:33:21,450 [WARN] PackLoader:240 - Cannot read IP mode file for STMicroelectronics.FP-ATR-ASTRA1.2.0.0
2024-03-07 10:33:21,519 [WARN] PackLoader:240 - Cannot read IP mode file for STMicroelectronics.X-CUBE-TOF1.3.4.0
2024-03-07 10:33:21,570 [WARN] PackLoader:240 - Cannot read IP mode file for STMicroelectronics.X-CUBE-TOF1.3.4.1
2024-03-07 10:33:21,685 [WARN] PackLoader:240 - Cannot read IP mode file for STMicroelectronics.X-CUBE-AZRTOS-H7.3.2.0
2024-03-07 10:33:21,696 [INFO] ThirdParty:978 - Integrity check success = true
2024-03-07 10:33:21,697 [INFO] IntegrityCheckThread:100 - exiting critical section [integrity check]
2024-03-07 10:33:21,697 [INFO] IntegrityCheckThread:103 - End integrity checks thread
2024-03-07 10:33:41,804 [ERROR] LogOutputStream:75 - [STDERR_REDIRECT] SLF4J: Failed to load class "org.slf4j.impl.StaticLoggerBinder".
2024-03-07 10:33:41,807 [ERROR] LogOutputStream:75 - [STDERR_REDIRECT] SLF4J: Defaulting to no-operation (NOP) logger implementation
2024-03-07 10:33:41,809 [ERROR] LogOutputStream:75 - [STDERR_REDIRECT] SLF4J: See http://www.slf4j.org/codes.html#StaticLoggerBinder for further details.
2024-03-07 11:06:32,221 [INFO] Activator:176 - 


2024-03-07 11:06:32,225 [INFO] Activator:177 - !SESSION log4j initialized
2024-03-07 11:06:44,313 [INFO] LogOutputStream:77 - [STDOUT_REDIRECT] 
2024-03-07 11:06:50,067 [INFO] ApplicationProperties:184 - Using Application install path: C:\Program Files\STM32CubeIDE_1.14.1\STM32CubeIDE\plugins\com.st.stm32cube.common.mx_6.10.0.202311202037
2024-03-07 11:06:50,121 [INFO] DbMcusXml:78 - Set database path to: C:\Program Files\STM32CubeIDE_1.14.1\STM32CubeIDE\plugins\com.st.stm32cube.common.mx_6.10.0.202311202037\\db\/mcu/
2024-03-07 11:06:50,122 [INFO] ApiDb:274 - Set plugin database path to: C:\Program Files\STM32CubeIDE_1.14.1\STM32CubeIDE\plugins\com.st.stm32cube.common.mx_6.10.0.202311202037\\db\/plugins/boardmanager/
2024-03-07 11:06:50,122 [WARN] ApiDb:259 - Overriding images path with different value:  => C:\Program Files\STM32CubeIDE_1.14.1\STM32CubeIDE\plugins\com.st.stm32cube.common.mx_6.10.0.202311202037\\db\/plugins/mcufinder/images/
2024-03-07 11:06:50,161 [INFO] ApiDb:250 - Set database path to: C:\Users\Daniel\.stmcufinder\plugins\mcufinder//mcu/
2024-03-07 11:06:50,165 [INFO] DbMcusAds:125 - Set database path to: C:\Users\Daniel\.stmcufinder\plugins\mcufinder//mcu/
2024-03-07 11:06:50,169 [INFO] CrossReferenceDbSqlite:203 - Set database path to: C:\Users\Daniel\.stmcufinder\plugins\mcufinder//mcu/cs/
2024-03-07 11:06:50,441 [INFO] RulesReader:64 - Compatibility file has been processed (297 Rules)
2024-03-07 11:06:50,700 [INFO] DbMcusXml:78 - Set database path to: C:\Program Files\STM32CubeIDE_1.14.1\STM32CubeIDE\plugins\com.st.stm32cube.common.mx_6.10.0.202311202037\\db\/mcu/
2024-03-07 11:06:50,700 [INFO] ApiDb:274 - Set plugin database path to: C:\Program Files\STM32CubeIDE_1.14.1\STM32CubeIDE\plugins\com.st.stm32cube.common.mx_6.10.0.202311202037\\db\/plugins/boardmanager/
2024-03-07 11:06:50,701 [INFO] ApiDb:261 - Set plugin images path to: C:\Program Files\STM32CubeIDE_1.14.1\STM32CubeIDE\plugins\com.st.stm32cube.common.mx_6.10.0.202311202037\\db\/plugins/mcufinder/images/
2024-03-07 11:06:50,701 [WARN] DbFile:41 - Overriding database path with different value: C:\Users\Daniel\.stmcufinder\plugins\mcufinder/ => C:\Users\Daniel\.stmcufinder\plugins\mcufinder
2024-03-07 11:06:50,701 [INFO] ApiDb:250 - Set database path to: C:\Users\Daniel\.stmcufinder\plugins\mcufinder//mcu/
2024-03-07 11:06:50,702 [WARN] DbFile:41 - Overriding database path with different value: C:\Users\Daniel\.stmcufinder\plugins\mcufinder/ => C:\Users\Daniel\.stmcufinder\plugins\mcufinder
2024-03-07 11:06:50,702 [INFO] DbMcusAds:125 - Set database path to: C:\Users\Daniel\.stmcufinder\plugins\mcufinder//mcu/
2024-03-07 11:06:50,702 [WARN] DbFile:41 - Overriding database path with different value: C:\Users\Daniel\.stmcufinder\plugins\mcufinder/ => C:\Users\Daniel\.stmcufinder\plugins\mcufinder
2024-03-07 11:06:50,702 [WARN] DbFile:41 - Overriding database path with different value: C:\Users\Daniel\.stmcufinder\plugins\mcufinder/ => C:\Users\Daniel\.stmcufinder\plugins\mcufinder
2024-03-07 11:06:50,702 [INFO] CrossReferenceDbSqlite:203 - Set database path to: C:\Users\Daniel\.stmcufinder\plugins\mcufinder//mcu/cs/
2024-03-07 11:06:50,922 [INFO] MainPanel:264 - HeapMemory: 268435456
2024-03-07 11:06:51,279 [INFO] DbMcusXml:78 - Set database path to: C:\Program Files\STM32CubeIDE_1.14.1\STM32CubeIDE\plugins\com.st.stm32cube.common.mx_6.10.0.202311202037\\db\/mcu/
2024-03-07 11:06:51,279 [INFO] ApiDb:274 - Set plugin database path to: C:\Program Files\STM32CubeIDE_1.14.1\STM32CubeIDE\plugins\com.st.stm32cube.common.mx_6.10.0.202311202037\\db\/plugins/boardmanager/
2024-03-07 11:06:51,279 [INFO] ApiDb:261 - Set plugin images path to: C:\Program Files\STM32CubeIDE_1.14.1\STM32CubeIDE\plugins\com.st.stm32cube.common.mx_6.10.0.202311202037\\db\/plugins/mcufinder/images/
2024-03-07 11:06:51,280 [WARN] DbFile:41 - Overriding database path with different value: C:\Users\Daniel\.stmcufinder\plugins\mcufinder/ => C:\Users\Daniel\.stmcufinder\plugins\mcufinder
2024-03-07 11:06:51,280 [INFO] ApiDb:250 - Set database path to: C:\Users\Daniel\.stmcufinder\plugins\mcufinder//mcu/
2024-03-07 11:06:51,280 [WARN] DbFile:41 - Overriding database path with different value: C:\Users\Daniel\.stmcufinder\plugins\mcufinder/ => C:\Users\Daniel\.stmcufinder\plugins\mcufinder
2024-03-07 11:06:51,280 [INFO] DbMcusAds:125 - Set database path to: C:\Users\Daniel\.stmcufinder\plugins\mcufinder//mcu/
2024-03-07 11:06:51,280 [WARN] DbFile:41 - Overriding database path with different value: C:\Users\Daniel\.stmcufinder\plugins\mcufinder/ => C:\Users\Daniel\.stmcufinder\plugins\mcufinder
2024-03-07 11:06:51,281 [WARN] DbFile:41 - Overriding database path with different value: C:\Users\Daniel\.stmcufinder\plugins\mcufinder/ => C:\Users\Daniel\.stmcufinder\plugins\mcufinder
2024-03-07 11:06:51,281 [INFO] CrossReferenceDbSqlite:203 - Set database path to: C:\Users\Daniel\.stmcufinder\plugins\mcufinder//mcu/cs/
2024-03-07 11:06:51,336 [INFO] ApplicationProperties:184 - Using Application install path: C:\Program Files\STM32CubeIDE_1.14.1\STM32CubeIDE\plugins\com.st.stm32cube.common.mx_6.10.0.202311202037
2024-03-07 11:06:51,341 [INFO] PluginManage:196 - Search for loadable plugins [exclusion list=, ]
2024-03-07 11:06:51,345 [INFO] PluginManage:310 - Check plugin analytics
2024-03-07 11:06:51,752 [INFO] AnalyticsPlugin:253 - Accepted Software Licenses: 
2024-03-07 11:06:51,752 [INFO] AnalyticsPlugin:255 - Accepted CMSIS Pack Licenses: 
2024-03-07 11:06:51,753 [INFO] AnalyticsPlugin:257 - Accepted Firmware Licenses: 
2024-03-07 11:06:51,760 [INFO] PluginManage:359 - Loaded plugin analytics (category:tool,tabindex:-1)
2024-03-07 11:06:51,761 [INFO] PluginManage:310 - Check plugin cadmodel
2024-03-07 11:06:51,798 [INFO] CADModel:105 - Init CAD model plugin
2024-03-07 11:06:51,798 [INFO] PluginManage:359 - Loaded plugin cadmodel (category:power,tabindex:5)
2024-03-07 11:06:51,798 [INFO] PluginManage:310 - Check plugin clock
2024-03-07 11:06:51,849 [INFO] PluginManage:359 - Loaded plugin clock (category:base,tabindex:2)
2024-03-07 11:06:51,849 [INFO] PluginManage:310 - Check plugin ddr
2024-03-07 11:06:51,855 [INFO] PluginManage:359 - Loaded plugin ddr (category:tool,tabindex:6)
2024-03-07 11:06:51,856 [INFO] PluginManage:310 - Check plugin filemanager
2024-03-07 11:06:52,176 [INFO] PluginManage:359 - Loaded plugin filemanager (category:base,tabindex:10)
2024-03-07 11:06:52,176 [INFO] PluginManage:310 - Check plugin ipmanager
2024-03-07 11:06:52,192 [INFO] PluginManage:359 - Loaded plugin ipmanager (category:base,tabindex:5)
2024-03-07 11:06:52,192 [INFO] PluginManage:310 - Check plugin lpbam
2024-03-07 11:06:52,228 [INFO] PluginManage:359 - Loaded plugin lpbam (category:base,tabindex:0)
2024-03-07 11:06:52,228 [INFO] PluginManage:310 - Check plugin memorymap
2024-03-07 11:06:52,283 [INFO] PluginManage:359 - Loaded plugin memorymap (category:base,tabindex:4)
2024-03-07 11:06:52,284 [INFO] PluginManage:310 - Check plugin pinoutandconfiguration
2024-03-07 11:06:52,314 [INFO] PluginManage:359 - Loaded plugin pinoutandconfiguration (category:base,tabindex:1)
2024-03-07 11:06:52,315 [INFO] PluginManage:310 - Check plugin pinoutconfig
2024-03-07 11:06:52,523 [WARN] SupportedApi:132 - Cannot load RTOS API schema: s4s-elt-must-match.1: The content of 'definitions' must match (annotation?, (simpleType | complexType)?, (unique | key | keyref)*)). A problem was found starting at: attribute.
2024-03-07 11:06:52,873 [INFO] PluginManage:359 - Loaded plugin pinoutconfig (category:base,tabindex:0)
2024-03-07 11:06:52,874 [INFO] PluginManage:310 - Check plugin power
2024-03-07 11:06:52,927 [INFO] PluginManage:359 - Loaded plugin power (category:power,tabindex:4)
2024-03-07 11:06:52,928 [INFO] PluginManage:310 - Check plugin projectmanager
2024-03-07 11:06:52,968 [INFO] PluginManage:359 - Loaded plugin projectmanager (category:projectmanager,tabindex:3)
2024-03-07 11:06:52,969 [INFO] PluginManage:310 - Check plugin thirdparty
2024-03-07 11:06:53,629 [INFO] PluginManage:359 - Loaded plugin thirdparty (category:base,tabindex:-1)
2024-03-07 11:06:53,629 [INFO] PluginManage:310 - Check plugin tools
2024-03-07 11:06:53,629 [WARN] IntegrityCheckThread:84 - waiting for thirdparty lock release [integrity check]
2024-03-07 11:06:53,631 [INFO] IntegrityCheckThread:86 - entering critical section [integrity check]
2024-03-07 11:06:53,632 [INFO] ThirdPartyUpdaterWithRetryManager:70 - Updater plugin not ready yet. [1/15]
2024-03-07 11:06:53,694 [INFO] PluginManage:359 - Loaded plugin tools (category:base,tabindex:7)
2024-03-07 11:06:53,694 [INFO] PluginManage:310 - Check plugin tutovideos
2024-03-07 11:06:54,166 [INFO] PluginManage:359 - Loaded plugin tutovideos (category:base,tabindex:-1)
2024-03-07 11:06:54,166 [INFO] PluginManage:310 - Check plugin updater
2024-03-07 11:06:54,207 [INFO] PluginManage:359 - Loaded plugin updater (category:base,tabindex:12)
2024-03-07 11:06:54,207 [INFO] PluginManage:310 - Check plugin userauth
2024-03-07 11:06:54,224 [INFO] UserAuth:114 - Init User Auth plugin
2024-03-07 11:06:54,224 [INFO] PluginManage:359 - Loaded plugin userauth (category:base,tabindex:14)
2024-03-07 11:06:54,225 [INFO] PluginManage:283 - PluginManage : Loaded plugins [17]
2024-03-07 11:06:54,798 [INFO] PinOutPanel:1499 - setPackage(No Configuration,No Configuration)
2024-03-07 11:06:54,991 [INFO] CADModel:165 - CPN selected for project level
2024-03-07 11:06:54,992 [INFO] CADModel:114 - Register for checkConnection events
2024-03-07 11:06:55,049 [INFO] IPUIPlugin:80 - create IPUIPlugin
2024-03-07 11:06:55,049 [INFO] PluginManager:220 - loadIPPluginJar : add adc
2024-03-07 11:06:55,106 [INFO] IPUIPlugin:80 - create IPUIPlugin
2024-03-07 11:06:55,106 [INFO] PluginManager:220 - loadIPPluginJar : add aes
2024-03-07 11:06:55,169 [INFO] IPUIPlugin:80 - create IPUIPlugin
2024-03-07 11:06:55,170 [INFO] PluginManager:220 - loadIPPluginJar : add can
2024-03-07 11:06:55,206 [INFO] IPUIPlugin:80 - create IPUIPlugin
2024-03-07 11:06:55,207 [INFO] PluginManager:220 - loadIPPluginJar : add comp
2024-03-07 11:06:55,264 [INFO] IPUIPlugin:80 - create IPUIPlugin
2024-03-07 11:06:55,264 [INFO] PluginManager:220 - loadIPPluginJar : add cryp
2024-03-07 11:06:55,314 [INFO] IPUIPlugin:80 - create IPUIPlugin
2024-03-07 11:06:55,314 [INFO] PluginManager:220 - loadIPPluginJar : add dfsdm
2024-03-07 11:06:55,340 [INFO] IPUIPlugin:80 - create IPUIPlugin
2024-03-07 11:06:55,342 [INFO] PluginManager:220 - loadIPPluginJar : add dma
2024-03-07 11:06:55,409 [INFO] IPUIPlugin:80 - create IPUIPlugin
2024-03-07 11:06:55,409 [INFO] PluginManager:220 - loadIPPluginJar : add dma3
2024-03-07 11:06:55,440 [INFO] IPUIPlugin:80 - create IPUIPlugin
2024-03-07 11:06:55,440 [INFO] PluginManager:220 - loadIPPluginJar : add fatfs
2024-03-07 11:06:55,510 [INFO] IPUIPlugin:80 - create IPUIPlugin
2024-03-07 11:06:55,510 [INFO] PluginManager:220 - loadIPPluginJar : add fmc
2024-03-07 11:06:55,537 [INFO] IPUIPlugin:80 - create IPUIPlugin
2024-03-07 11:06:55,538 [INFO] PluginManager:220 - loadIPPluginJar : add freertos
2024-03-07 11:06:55,573 [INFO] IPUIPlugin:80 - create IPUIPlugin
2024-03-07 11:06:55,573 [INFO] PluginManager:220 - loadIPPluginJar : add genericplugin
2024-03-07 11:06:55,714 [INFO] IPUIPlugin:80 - create IPUIPlugin
2024-03-07 11:06:55,714 [INFO] PluginManager:220 - loadIPPluginJar : add gfxmmu
2024-03-07 11:06:55,917 [INFO] IPUIPlugin:80 - create IPUIPlugin
2024-03-07 11:06:55,918 [INFO] PluginManager:220 - loadIPPluginJar : add gic
2024-03-07 11:06:55,946 [INFO] IPUIPlugin:80 - create IPUIPlugin
2024-03-07 11:06:55,946 [INFO] PluginManager:220 - loadIPPluginJar : add gpio
2024-03-07 11:06:56,085 [INFO] IPUIPlugin:80 - create IPUIPlugin
2024-03-07 11:06:56,085 [INFO] PluginManager:220 - loadIPPluginJar : add gtzc
2024-03-07 11:06:56,136 [INFO] IPUIPlugin:80 - create IPUIPlugin
2024-03-07 11:06:56,136 [INFO] PluginManager:220 - loadIPPluginJar : add hash
2024-03-07 11:06:56,214 [INFO] IPUIPlugin:80 - create IPUIPlugin
2024-03-07 11:06:56,215 [INFO] PluginManager:220 - loadIPPluginJar : add i2c
2024-03-07 11:06:56,275 [INFO] IPUIPlugin:80 - create IPUIPlugin
2024-03-07 11:06:56,275 [INFO] PluginManager:220 - loadIPPluginJar : add i2s
2024-03-07 11:06:56,339 [INFO] IPUIPlugin:80 - create IPUIPlugin
2024-03-07 11:06:56,340 [INFO] PluginManager:220 - loadIPPluginJar : add i3c
2024-03-07 11:06:56,504 [INFO] IPUIPlugin:80 - create IPUIPlugin
2024-03-07 11:06:56,505 [INFO] PluginManager:220 - loadIPPluginJar : add ipddr
2024-03-07 11:06:56,636 [INFO] ThirdPartyUpdaterWithRetryManager:70 - Updater plugin not ready yet. [2/15]
2024-03-07 11:06:56,655 [INFO] IPUIPlugin:80 - create IPUIPlugin
2024-03-07 11:06:56,655 [INFO] PluginManager:220 - loadIPPluginJar : add linkedlist
2024-03-07 11:06:56,715 [INFO] IPUIPlugin:80 - create IPUIPlugin
2024-03-07 11:06:56,716 [INFO] PluginManager:220 - loadIPPluginJar : add lorawan
2024-03-07 11:06:56,770 [INFO] IPUIPlugin:80 - create IPUIPlugin
2024-03-07 11:06:56,771 [INFO] PluginManager:220 - loadIPPluginJar : add ltdc
2024-03-07 11:06:56,796 [INFO] IPUIPlugin:80 - create IPUIPlugin
2024-03-07 11:06:56,797 [INFO] PluginManager:220 - loadIPPluginJar : add mdma
2024-03-07 11:06:56,819 [INFO] IPUIPlugin:80 - create IPUIPlugin
2024-03-07 11:06:56,819 [INFO] PluginManager:220 - loadIPPluginJar : add nvic
2024-03-07 11:06:56,875 [INFO] IPUIPlugin:80 - create IPUIPlugin
2024-03-07 11:06:56,875 [INFO] PluginManager:220 - loadIPPluginJar : add opamp
2024-03-07 11:06:56,967 [INFO] IPUIPlugin:80 - create IPUIPlugin
2024-03-07 11:06:56,967 [INFO] PluginManager:220 - loadIPPluginJar : add openamp
2024-03-07 11:06:57,034 [INFO] IPUIPlugin:80 - create IPUIPlugin
2024-03-07 11:06:57,034 [INFO] PluginManager:220 - loadIPPluginJar : add pdm2pcm
2024-03-07 11:06:57,060 [INFO] IPUIPlugin:80 - create IPUIPlugin
2024-03-07 11:06:57,065 [INFO] PluginManager:220 - loadIPPluginJar : add plateformsettings
2024-03-07 11:06:57,097 [INFO] IPUIPlugin:80 - create IPUIPlugin
2024-03-07 11:06:57,098 [INFO] PluginManager:220 - loadIPPluginJar : add quadspi
2024-03-07 11:06:57,119 [INFO] IPUIPlugin:80 - create IPUIPlugin
2024-03-07 11:06:57,120 [INFO] PluginManager:220 - loadIPPluginJar : add resmgrutility
2024-03-07 11:06:57,191 [INFO] IPUIPlugin:80 - create IPUIPlugin
2024-03-07 11:06:57,192 [INFO] PluginManager:220 - loadIPPluginJar : add sai
2024-03-07 11:06:57,246 [INFO] IPUIPlugin:80 - create IPUIPlugin
2024-03-07 11:06:57,247 [INFO] PluginManager:220 - loadIPPluginJar : add spi
2024-03-07 11:06:57,353 [INFO] IPUIPlugin:80 - create IPUIPlugin
2024-03-07 11:06:57,353 [INFO] PluginManager:220 - loadIPPluginJar : add stm32_wpan
2024-03-07 11:06:57,389 [INFO] IPUIPlugin:80 - create IPUIPlugin
2024-03-07 11:06:57,389 [INFO] PluginManager:220 - loadIPPluginJar : add tim
2024-03-07 11:06:57,472 [INFO] IPUIPlugin:80 - create IPUIPlugin
2024-03-07 11:06:57,472 [INFO] PluginManager:220 - loadIPPluginJar : add touchsensing
2024-03-07 11:06:57,511 [INFO] IPUIPlugin:80 - create IPUIPlugin
2024-03-07 11:06:57,512 [INFO] PluginManager:220 - loadIPPluginJar : add tracer_emb
2024-03-07 11:06:57,549 [INFO] IPUIPlugin:80 - create IPUIPlugin
2024-03-07 11:06:57,550 [INFO] PluginManager:220 - loadIPPluginJar : add ts
2024-03-07 11:06:57,584 [INFO] IPUIPlugin:80 - create IPUIPlugin
2024-03-07 11:06:57,584 [INFO] PluginManager:220 - loadIPPluginJar : add tsc
2024-03-07 11:06:57,620 [INFO] IPUIPlugin:80 - create IPUIPlugin
2024-03-07 11:06:57,621 [INFO] PluginManager:220 - loadIPPluginJar : add ucpd
2024-03-07 11:06:57,693 [INFO] IPUIPlugin:80 - create IPUIPlugin
2024-03-07 11:06:57,693 [INFO] PluginManager:220 - loadIPPluginJar : add usart
2024-03-07 11:06:57,757 [INFO] IPUIPlugin:80 - create IPUIPlugin
2024-03-07 11:06:57,758 [INFO] PluginManager:220 - loadIPPluginJar : add usbx
2024-03-07 11:06:57,947 [INFO] CADModel:165 - CPN selected for project level
2024-03-07 11:06:57,947 [INFO] CADModel:114 - Register for checkConnection events
2024-03-07 11:06:57,948 [FATAL] Updater:308 - Updater called before beeing initialized
2024-03-07 11:06:57,949 [ERROR] CADModel:125 - Updater not yet initialized, retry later 
2024-03-07 11:06:58,311 [INFO] CADModel:165 - CPN selected for project level
2024-03-07 11:06:58,311 [INFO] CADModel:114 - Register for checkConnection events
2024-03-07 11:06:58,311 [FATAL] Updater:308 - Updater called before beeing initialized
2024-03-07 11:06:58,311 [ERROR] CADModel:125 - Updater not yet initialized, retry later 
2024-03-07 11:06:58,318 [FATAL] Updater:308 - Updater called before beeing initialized
2024-03-07 11:06:58,579 [FATAL] Updater:308 - Updater called before beeing initialized
2024-03-07 11:06:58,594 [INFO] DbMcusAds:53 - JSON generation date=Wed Nov 29 11:52:27 CET 2023 (1701255147349)
2024-03-07 11:06:58,594 [FATAL] Updater:308 - Updater called before beeing initialized
2024-03-07 11:06:58,768 [WARN] DetailPanel:346 - Failed to get advertising image, set to default
2024-03-07 11:06:58,935 [FATAL] Updater:308 - Updater called before beeing initialized
2024-03-07 11:06:58,941 [FATAL] Updater:308 - Updater called before beeing initialized
2024-03-07 11:06:58,941 [FATAL] Updater:308 - Updater called before beeing initialized
2024-03-07 11:06:58,942 [WARN] DetailPanel:346 - Failed to get advertising image, set to default
2024-03-07 11:06:58,943 [FATAL] Updater:308 - Updater called before beeing initialized
2024-03-07 11:06:59,063 [ERROR] Updater:1120 - MainUpdater not yet initialized. External WinMGr cannot be set.
2024-03-07 11:06:59,078 [INFO] Updater:1056 - Updater Version found : 6.10.0
2024-03-07 11:06:59,127 [INFO] ApplicationProperties:184 - Using Application install path: C:\Program Files\STM32CubeIDE_1.14.1\STM32CubeIDE\plugins\com.st.stm32cube.common.mx_6.10.0.202311202037
2024-03-07 11:06:59,637 [INFO] ThirdPartyUpdaterWithRetryManager:70 - Updater plugin not ready yet. [3/15]
2024-03-07 11:07:00,748 [ERROR] LogOutputStream:75 - [STDERR_REDIRECT] Mar 07, 2024 11:07:00 AM java.util.prefs.WindowsPreferences <init>
2024-03-07 11:07:00,754 [ERROR] LogOutputStream:75 - [STDERR_REDIRECT] WARNING: Could not open/create prefs root node Software\JavaSoft\Prefs at root 0xffffffff80000002. Windows RegCreateKeyEx(...) returned error code 5.
2024-03-07 11:07:00,754 [ERROR] LogOutputStream:75 - [STDERR_REDIRECT] 
2024-03-07 11:07:01,545 [INFO] MainUpdater:2873 - connection check result : 10
2024-03-07 11:07:01,547 [INFO] MainUpdater:290 - Updater Check For Update Now.
2024-03-07 11:07:01,547 [INFO] MicroXplorer:498 - Change Database Version : DB.6.0.100
2024-03-07 11:07:01,594 [INFO] McuFinderGlobals:63 - Set McuFinder mode to 2 (CubeIDE integrated)
2024-03-07 11:07:01,624 [INFO] UserAuth:404 - Internet connection configuration mode: 1
2024-03-07 11:07:01,712 [INFO] JxBrowserEngine:152 - Initiate JxBrowser Engine with user profile folder
2024-03-07 11:07:01,871 [INFO] CheckServerUpdateThread:120 - End of CheckServer Thread
2024-03-07 11:07:03,034 [WARN] PackLoader:240 - Cannot read IP mode file for STMicroelectronics.X-CUBE-SMBUS.2.1.0
2024-03-07 11:07:03,059 [WARN] PackLoader:240 - Cannot read IP mode file for STMicroelectronics.X-CUBE-TOUCHGFX.4.23.0
2024-03-07 11:07:03,150 [WARN] PackLoader:240 - Cannot read IP mode file for STMicroelectronics.X-CUBE-AZRTOS-F7.1.1.0
2024-03-07 11:07:03,195 [WARN] PackLoader:240 - Cannot read IP mode file for STMicroelectronics.FP-SNS-MOTENV1.4.3.2
2024-03-07 11:07:03,222 [WARN] PackLoader:240 - Cannot read IP mode file for STMicroelectronics.FP-SNS-FLIGHT1.5.0.2
2024-03-07 11:07:03,255 [WARN] PackLoader:240 - Cannot read IP mode file for STMicroelectronics.X-CUBE-DISPLAY.3.0.0
2024-03-07 11:07:03,292 [WARN] PackLoader:240 - Cannot read IP mode file for STMicroelectronics.X-CUBE-BLE1.7.0.0
2024-03-07 11:07:03,319 [WARN] PackLoader:240 - Cannot read IP mode file for emotas.I-CUBE-CANOPEN.1.3.0
2024-03-07 11:07:03,357 [WARN] PackLoader:240 - Cannot read IP mode file for STMicroelectronics.X-CUBE-BLEMGR.3.1.0
2024-03-07 11:07:03,393 [WARN] PackLoader:240 - Cannot read IP mode file for STMicroelectronics.FP-SNS-SMARTAG2.1.2.0
2024-03-07 11:07:03,437 [INFO] LogOutputStream:77 - [STDOUT_REDIRECT] 1 : Invalid condition id : UX_CORESTACK_Condition cause : null
2024-03-07 11:07:03,437 [INFO] LogOutputStream:77 - [STDOUT_REDIRECT] 1 : Invalid condition id : UX_CORESTACK_Condition cause : null
2024-03-07 11:07:03,440 [INFO] LogOutputStream:77 - [STDOUT_REDIRECT] 1 : Invalid condition id : UX_CORESTACK_Condition cause : null
2024-03-07 11:07:03,442 [INFO] LogOutputStream:77 - [STDOUT_REDIRECT] 1 : Invalid condition id : UX_CORESTACK_Condition cause : null
2024-03-07 11:07:03,445 [INFO] LogOutputStream:77 - [STDOUT_REDIRECT] 1 : Invalid condition id : UX_CORESTACK_Condition cause : null
2024-03-07 11:07:03,451 [WARN] PackLoader:240 - Cannot read IP mode file for STMicroelectronics.X-CUBE-AZRTOS-WL.2.0.0
2024-03-07 11:07:03,492 [WARN] PackLoader:240 - Cannot read IP mode file for WES.I-CUBE-Cesium.1.3.0
2024-03-07 11:07:03,522 [WARN] PackLoader:240 - Cannot read IP mode file for STMicroelectronics.X-CUBE-BLE2.3.3.0
2024-03-07 11:07:03,558 [WARN] PackLoader:240 - Cannot read IP mode file for STMicroelectronics.X-CUBE-ALGOBUILD.1.3.0
2024-03-07 11:07:03,637 [WARN] PackLoader:240 - Cannot read IP mode file for STMicroelectronics.X-CUBE-AZRTOS-G0.1.1.0
2024-03-07 11:07:03,666 [WARN] PackLoader:240 - Cannot read IP mode file for STMicroelectronics.X-CUBE-NFC4.3.0.0
2024-03-07 11:07:03,708 [WARN] PackLoader:240 - Cannot read IP mode file for STMicroelectronics.X-CUBE-BLEMGR.3.0.0
2024-03-07 11:07:03,735 [WARN] PackLoader:240 - Cannot read IP mode file for STMicroelectronics.FP-ATR-SIGFOX1.3.2.0
2024-03-07 11:07:03,778 [WARN] PackLoader:240 - Cannot read IP mode file for STMicroelectronics.X-CUBE-EEPRMA1.5.1.0
2024-03-07 11:07:03,920 [WARN] PackLoader:240 - Cannot read IP mode file for SEGGER.I-CUBE-embOS.1.3.1
2024-03-07 11:07:04,050 [WARN] PackLoader:240 - Cannot read IP mode file for STMicroelectronics.X-CUBE-GNSS1.6.0.0
2024-03-07 11:07:04,114 [WARN] PackLoader:240 - Cannot read IP mode file for STMicroelectronics.X-CUBE-AZRTOS-F4.1.1.0
2024-03-07 11:07:04,142 [WARN] PackLoader:240 - Cannot read IP mode file for wolfSSL.I-CUBE-wolfSSL.5.6.6
2024-03-07 11:07:04,200 [WARN] PackLoader:240 - Cannot read IP mode file for STMicroelectronics.X-CUBE-AZRTOS-L5.2.0.0
2024-03-07 11:07:04,234 [WARN] PackLoader:240 - Cannot read IP mode file for ITTIA_DB.I-CUBE-ITTIADB.8.8.0
2024-03-07 11:07:04,266 [WARN] PackLoader:240 - Cannot read IP mode file for STMicroelectronics.X-CUBE-NFC7.1.0.1
2024-03-07 11:07:04,293 [WARN] PackLoader:240 - Cannot read IP mode file for STMicroelectronics.X-CUBE-NFC6.3.0.0
2024-03-07 11:07:04,320 [WARN] PackLoader:240 - Cannot read IP mode file for STMicroelectronics.X-CUBE-AI.8.1.0
2024-03-07 11:07:04,381 [WARN] ConditionMgr:438 - getConditionDescription Invalid condition id : LAN8742 Phy interface Condition cause : null
2024-03-07 11:07:04,383 [WARN] PackLoader:240 - Cannot read IP mode file for STMicroelectronics.X-CUBE-AZRTOS-L4.2.0.0
2024-03-07 11:07:04,385 [WARN] ConditionMgr:1039 - genDependencies : Invalid condition id : LAN8742 Phy interface Condition cause : null
2024-03-07 11:07:04,386 [WARN] ConditionMgr:1039 - genDependencies : Invalid condition id : LAN8742 Phy interface Condition cause : null
2024-03-07 11:07:04,387 [WARN] ConditionMgr:1039 - genDependencies : Invalid condition id : LAN8742 Phy interface Condition cause : null
2024-03-07 11:07:04,411 [WARN] PackLoader:240 - Cannot read IP mode file for STMicroelectronics.X-CUBE-SFXS2LP1.4.0.0
2024-03-07 11:07:04,467 [WARN] ConditionMgr:438 - getConditionDescription Invalid condition id : UX DEVICE CLASS RTOS Condition cause : null
2024-03-07 11:07:04,468 [WARN] ConditionMgr:438 - getConditionDescription Invalid condition id : UX DEVICE CLASS RTOS Condition cause : null
2024-03-07 11:07:04,473 [WARN] PackLoader:240 - Cannot read IP mode file for STMicroelectronics.X-CUBE-AZRTOS-WB.2.0.0
2024-03-07 11:07:04,475 [WARN] ConditionMgr:1039 - genDependencies : Invalid condition id : UX DEVICE CLASS RTOS Condition cause : null
2024-03-07 11:07:04,475 [WARN] ConditionMgr:1039 - genDependencies : Invalid condition id : UX DEVICE CLASS RTOS Condition cause : null
2024-03-07 11:07:04,476 [WARN] ConditionMgr:1039 - genDependencies : Invalid condition id : UX DEVICE CLASS RTOS Condition cause : null
2024-03-07 11:07:04,477 [WARN] ConditionMgr:1039 - genDependencies : Invalid condition id : UX DEVICE CLASS RTOS Condition cause : null
2024-03-07 11:07:04,478 [WARN] ConditionMgr:1039 - genDependencies : Invalid condition id : UX DEVICE CLASS RTOS Condition cause : null
2024-03-07 11:07:04,524 [WARN] PackLoader:240 - Cannot read IP mode file for STMicroelectronics.X-CUBE-SUBG2.5.0.0
2024-03-07 11:07:04,593 [WARN] PackLoader:240 - Cannot read IP mode file for STMicroelectronics.X-CUBE-AZRTOS-G4.2.0.0
2024-03-07 11:07:04,641 [WARN] PackLoader:240 - Cannot read IP mode file for Infineon.AIROC-Wi-Fi-Bluetooth-STM32.1.5.1
2024-03-07 11:07:04,672 [WARN] PackLoader:240 - Cannot read IP mode file for STMicroelectronics.FP-SNS-MOTENVWB1.1.3.1
2024-03-07 11:07:04,697 [WARN] PackLoader:240 - Cannot read IP mode file for STMicroelectronics.X-CUBE-ISPU.2.0.0
2024-03-07 11:07:04,806 [WARN] PackLoader:240 - Cannot read IP mode file for STMicroelectronics.X-CUBE-MEMS1.10.0.0
2024-03-07 11:07:05,038 [WARN] PackLoader:240 - Cannot read IP mode file for STMicroelectronics.X-CUBE-FREERTOS.1.1.0
2024-03-07 11:07:05,065 [WARN] PackLoader:240 - Cannot read IP mode file for portGmbH.I-Cube-SoM-uGOAL.1.1.0
2024-03-07 11:07:05,090 [WARN] PackLoader:240 - Cannot read IP mode file for STMicroelectronics.X-CUBE-ALS.1.0.1
2024-03-07 11:07:05,117 [WARN] PackLoader:240 - Cannot read IP mode file for STMicroelectronics.FP-ATR-ASTRA1.2.0.0
2024-03-07 11:07:05,164 [WARN] PackLoader:240 - Cannot read IP mode file for STMicroelectronics.X-CUBE-TOF1.3.4.0
2024-03-07 11:07:05,218 [WARN] PackLoader:240 - Cannot read IP mode file for STMicroelectronics.X-CUBE-TOF1.3.4.1
2024-03-07 11:07:05,291 [WARN] PackLoader:240 - Cannot read IP mode file for STMicroelectronics.X-CUBE-AZRTOS-H7.3.2.0
2024-03-07 11:07:05,297 [INFO] ThirdParty:978 - Integrity check success = true
2024-03-07 11:07:05,298 [INFO] IntegrityCheckThread:100 - exiting critical section [integrity check]
2024-03-07 11:07:05,298 [INFO] IntegrityCheckThread:103 - End integrity checks thread
2024-03-07 11:07:09,171 [INFO] WebApp:161 - Instantiating new browser for Auth
2024-03-07 11:07:10,832 [INFO] WebApp:780 - Register for checkConnection events
2024-03-07 11:07:10,832 [INFO] WebApp:414 - Apply proxy settings
2024-03-07 11:07:10,833 [INFO] WebApp:499 - Chromium requires no authentication
2024-03-07 11:07:10,857 [INFO] WebApp:442 - Direct internet connection detected
2024-03-07 11:07:11,313 [INFO] WebApp:192 - Starting web application
2024-03-07 11:07:11,313 [INFO] WebApp:544 - Web application path used C:\Program Files\STM32CubeIDE_1.14.1\STM32CubeIDE\plugins\com.st.stm32cube.common.mx_6.10.0.202311202037\db\plugins\mcufinder\reactClient1\index.html
2024-03-07 11:07:32,962 [ERROR] LogOutputStream:75 - [STDERR_REDIRECT] SLF4J: Failed to load class "org.slf4j.impl.StaticLoggerBinder".
2024-03-07 11:07:32,964 [ERROR] LogOutputStream:75 - [STDERR_REDIRECT] SLF4J: Defaulting to no-operation (NOP) logger implementation
2024-03-07 11:07:32,966 [ERROR] LogOutputStream:75 - [STDERR_REDIRECT] SLF4J: See http://www.slf4j.org/codes.html#StaticLoggerBinder for further details.
2024-03-07 14:06:38,977 [ERROR] LogOutputStream:75 - [STDERR_REDIRECT] 
2024-03-07 14:06:38,979 [ERROR] LogOutputStream:75 - [STDERR_REDIRECT] 
